#
# A fatal error has been detected by the Java Runtime Environment:
#
#  SIGSEGV (0xb) at pc=0x000000010baf490e, pid=5715, tid=23555
#
# JRE version: Java(TM) SE Runtime Environment (13.0.1+9) (build 13.0.1+9)
# Java VM: Java HotSpot(TM) 64-Bit Server VM (13.0.1+9, mixed mode, sharing, tiered, compressed oops, g1 gc, bsd-amd64)
# Problematic frame:
# V  [libjvm.dylib+0x6f490e]  _ZN19ConcurrentHashTableIP6Symbol17SymbolTableConfigL10MemoryType10EE14HaveDeletablesILb1E22SymbolTableDeleteCheckE14have_deletableEPNS4_6BucketERS6_S9_+0x24
#
# No core dump will be written. Core dumps have been disabled. To enable core dumping, try "ulimit -c unlimited" before starting Java again
#
# If you would like to submit a bug report, please visit:
#   http://bugreport.java.com/bugreport/crash.jsp
#

---------------  S U M M A R Y ------------

Command Line: -Dfile.encoding=UTF-8 com.springproject.FleetApp.FleetAppApplication

Host: MacBookPro9,2 x86_64 2500 MHz, 4 cores, 8G, Darwin 19.3.0
Time: Fri Jun 19 16:13:21 2020 IST elapsed time: 500 seconds (0d 0h 8m 20s)

---------------  T H R E A D  ---------------

Current thread (0x00007f86f484f800):  JavaThread "Service Thread" daemon [_thread_in_vm, id=23555, stack(0x00007000063b8000,0x00007000064b8000)]

Stack: [0x00007000063b8000,0x00007000064b8000],  sp=0x00007000064b7400,  free space=1021k
Native frames: (J=compiled Java code, A=aot compiled Java code, j=interpreted, Vv=VM code, C=native code)
V  [libjvm.dylib+0x6f490e]  _ZN19ConcurrentHashTableIP6Symbol17SymbolTableConfigL10MemoryType10EE14HaveDeletablesILb1E22SymbolTableDeleteCheckE14have_deletableEPNS4_6BucketERS6_S9_+0x24
V  [libjvm.dylib+0x6f478f]  _ZN19ConcurrentHashTableIP6Symbol17SymbolTableConfigL10MemoryType10EE25do_bulk_delete_locked_forI22SymbolTableDeleteCheck19SymbolTableDoDeleteEEvP6ThreadmmRT_RT0_b+0xcf
V  [libjvm.dylib+0x6f2eee]  _ZN19ConcurrentHashTableIP6Symbol17SymbolTableConfigL10MemoryType10EE14BulkDeleteTask7do_taskI22SymbolTableDeleteCheck19SymbolTableDoDeleteEEbP6ThreadRT_RT0_+0x48
V  [libjvm.dylib+0x6f2e36]  _ZN11SymbolTable18clean_dead_entriesEP10JavaThread+0x14c
V  [libjvm.dylib+0x6f2f81]  _ZN11SymbolTable18do_concurrent_workEP10JavaThread+0x87
V  [libjvm.dylib+0x699532]  _ZN13ServiceThread20service_thread_entryEP10JavaThreadP6Thread+0x220
V  [libjvm.dylib+0x72fe88]  _ZN10JavaThread17thread_main_innerEv+0x86
V  [libjvm.dylib+0x72fcc6]  _ZN10JavaThread3runEv+0x124
V  [libjvm.dylib+0x72dae5]  _ZN6Thread8call_runEv+0x71
V  [libjvm.dylib+0x62641d]  _ZL19thread_native_entryP6Thread+0x132
C  [libsystem_pthread.dylib+0x5e65]  _pthread_start+0x94
C  [libsystem_pthread.dylib+0x183b]  thread_start+0xf


siginfo: si_signo: 11 (SIGSEGV), si_code: 1 (SEGV_MAPERR), si_addr: 0x00000000434f4e4c

Register to memory mapping:

RAX=0x00000000434f4e44 is an unknown value
RBX=0x00007f86f3d28610 points into unknown readable memory: 00 80 43 16 01 00 00 00
RCX=0x00007f86f67db5e0 points into unknown readable memory: c0 d7 18 f8 86 7f 00 00
RDX=0x0 is NULL
RSP=0x00007000064b7400 is pointing into the stack for thread: 0x00007f86f484f800
RBP=0x00007000064b7400 is pointing into the stack for thread: 0x00007f86f484f800
RSI=0x00007000064b7d30 is pointing into the stack for thread: 0x00007f86f484f800
RDI=0x00000000004c0001 is an unknown value
R8 =0x00007000064b7d30 is pointing into the stack for thread: 0x00007f86f484f800
R9 =0x00007000064b7d28 is pointing into the stack for thread: 0x00007f86f484f800
R10=0x00007f86f3d285b0 points into unknown readable memory: 02 00 00 00 00 00 00 00
R11=0x0000000000000202 is an unknown value
R12=0x00007000064b7d28 is pointing into the stack for thread: 0x00007f86f484f800
R13=0x00007f86f3d28500 points into unknown readable memory: 00 00 00 00 00 00 00 00
R14=0x00007000064b7d30 is pointing into the stack for thread: 0x00007f86f484f800
R15=0x0000000116441628 points into unknown readable memory: c0 e8 09 f9 86 7f 00 00


Registers:
RAX=0x00000000434f4e44, RBX=0x00007f86f3d28610, RCX=0x00007f86f67db5e0, RDX=0x0000000000000000
RSP=0x00007000064b7400, RBP=0x00007000064b7400, RSI=0x00007000064b7d30, RDI=0x00000000004c0001
R8 =0x00007000064b7d30, R9 =0x00007000064b7d28, R10=0x00007f86f3d285b0, R11=0x0000000000000202
R12=0x00007000064b7d28, R13=0x00007f86f3d28500, R14=0x00007000064b7d30, R15=0x0000000116441628
RIP=0x000000010baf490e, EFLAGS=0x0000000000010206, ERR=0x0000000000000004
  TRAPNO=0x000000000000000e

Top of Stack: (sp=0x00007000064b7400)
0x00007000064b7400:   00007000064b7c80 000000010baf478f
0x00007000064b7410:   00007000064b7d30 00007f86f3d28610
0x00007000064b7420:   0000000000002000 00007f86f3d284b0
0x00007000064b7430:   00007f86f484f800 00000000000012c6
0x00007000064b7440:   0000000000000000 00007f86f484f900
0x00007000064b7450:   00007f86f932aa20 0000000000000000
0x00007000064b7460:   00007000064b7478 00007000064b74e8
0x00007000064b7470:   0000000117723750 4189000000000000
0x00007000064b7480:   0000000000000000 0000000000000000
0x00007000064b7490:   0000000000000000 0000000785244b60
0x00007000064b74a0:   00007000064b74a0 000000012efe1b73
0x00007000064b74b0:   00007000064b7548 000000012efe24e0
0x00007000064b74c0:   0000000000000000 0000000780e50358
0x00007000064b74d0:   000000012efe1c38 0000000000000000
0x00007000064b74e0:   00007000064b7538 00007000064b7598
0x00007000064b74f0:   0000000117723fb3 0000000000000000
0x00007000064b7500:   0000000000000000 0000000000000000
0x00007000064b7510:   0000000000000000 0000000000000000
0x00007000064b7520:   0000000000000000 0000000000000000
0x00007000064b7530:   0000000000000000 4189000000000000
0x00007000064b7540:   0000000781118bd8 0000000785244b60
0x00007000064b7550:   00007000064b7550 000000012eff45fd
0x00007000064b7560:   00007000064b75b8 000000012eff4788
0x00007000064b7570:   0000000000000000 00000007810cb6e0
0x00007000064b7580:   000000012eff4620 0000000000000000
0x00007000064b7590:   00007000064b75a8 00007000064b7608
0x00007000064b75a0:   0000000117723ff8 4189000000000000
0x00007000064b75b0:   0000000003200000 0000000785244b48
0x00007000064b75c0:   00007000064b75c0 000000012e43ed34
0x00007000064b75d0:   00007000064b76e0 000000012e764900
0x00007000064b75e0:   0000000000000000 000000078076dcc0
0x00007000064b75f0:   000000012e43ee90 0000000000000000 

Instructions: (pc=0x000000010baf490e)
0x000000010baf480e:   f7 ff ff 4c 8b bd b8 f7 ff ff 74 17 48 8b 85 b0
0x000000010baf481e:   f7 ff ff 48 8b 8d a8 f7 ff ff 48 89 41 48 e8 97
0x000000010baf482e:   b4 c5 ff 4d 85 f6 74 28 48 8d 9d d0 f7 ff ff 48
0x000000010baf483e:   8b 3b 49 ff 04 24 48 8d 77 08 e8 93 f5 ff ff 4c
0x000000010baf484e:   89 ef e8 dd d6 00 00 48 83 c3 08 49 ff ce 75 df
0x000000010baf485e:   48 8b 85 c8 f7 ff ff 48 8b 08 48 89 c8 48 89 8d
0x000000010baf486e:   c0 f7 ff ff f6 c1 01 75 12 48 8d 05 22 a4 2b 00
0x000000010baf487e:   48 8b 80 80 00 00 00 48 83 c8 01 48 8b 8d c8 f7
0x000000010baf488e:   ff ff 48 87 01 4c 8b b5 90 f7 ff ff 48 8b 8d a0
0x000000010baf489e:   f7 ff ff 48 8b 9d 98 f7 ff ff 49 39 cf 0f 85 ae
0x000000010baf48ae:   fe ff ff 48 8b 85 c8 f7 ff ff 48 8b 8d c0 f7 ff
0x000000010baf48be:   ff 48 89 08 48 8b 05 97 98 18 00 48 8b 00 48 3b
0x000000010baf48ce:   45 d0 75 12 48 81 c4 48 08 00 00 5b 41 5c 41 5d
0x000000010baf48de:   41 5e 41 5f 5d c3 e8 39 63 0b 00 90 55 48 89 e5
0x000000010baf48ee:   48 85 d2 74 09 48 8b 02 48 83 e0 fc eb 02 31 c0
0x000000010baf48fe:   48 8b 0f 48 83 e1 fc 74 3c 31 d2 48 85 c0 74 0d
0x000000010baf490e:   48 8b 78 08 0f 18 0c 17 48 8b 00 eb 02 31 c0 48
0x000000010baf491e:   8b 39 48 85 ff 74 08 48 8b 7f 08 0f 18 0c 17 48
0x000000010baf492e:   ff 06 48 8b 79 08 8b 3f 66 85 ff 74 0c 48 8b 09
0x000000010baf493e:   48 85 c9 75 c6 31 c0 eb 02 b0 01 5d c3 90 55 48
0x000000010baf494e:   89 e5 4c 8b 0e 31 c0 49 83 e1 fc 74 42 48 ff 02
0x000000010baf495e:   49 8b 79 08 8b 3f 66 85 ff 74 08 4c 89 ce 4d 8b
0x000000010baf496e:   09 eb 22 4d 89 0c c0 48 ff c0 4d 8b 09 48 8b 3e
0x000000010baf497e:   4d 89 ca 49 83 e2 fc 83 e7 03 4c 09 d7 48 89 3e
0x000000010baf498e:   48 39 c8 74 07 4d 85 c9 75 c3 eb 03 48 89 c8 5d
0x000000010baf499e:   c3 90 55 48 89 e5 41 56 53 48 89 fb 4c 8b 73 38
0x000000010baf49ae:   4d 85 f6 74 10 4c 89 f7 e8 cf 04 f1 ff 4c 89 f7
0x000000010baf49be:   e8 ee 6f 9f ff 48 89 df e8 29 00 00 00 4c 8b 73
0x000000010baf49ce:   08 4d 85 f6 74 10 49 8b 3e e8 d5 6f 9f ff 4c 89
0x000000010baf49de:   f7 e8 cd 6f 9f ff 48 83 c3 50 48 89 df 5b 41 5e
0x000000010baf49ee:   5d e9 14 d5 00 00 55 48 89 e5 41 57 41 56 53 50
0x000000010baf49fe:   49 89 fe 49 8b 46 08 48 83 78 10 00 74 31 45 31 


Stack slot to memory mapping:
stack at sp + 0 slots: 0x00007000064b7c80 is pointing into the stack for thread: 0x00007f86f484f800
stack at sp + 1 slots: 0x000000010baf478f: _ZN19ConcurrentHashTableIP6Symbol17SymbolTableConfigL10MemoryType10EE25do_bulk_delete_locked_forI22SymbolTableDeleteCheck19SymbolTableDoDeleteEEvP6ThreadmmRT_RT0_b+0xcf in /Library/Java/JavaVirtualMachines/jdk-13.0.1.jdk/Contents/Home/lib/server/libjvm.dylib at 0x000000010b400000
stack at sp + 2 slots: 0x00007000064b7d30 is pointing into the stack for thread: 0x00007f86f484f800
stack at sp + 3 slots: 0x00007f86f3d28610 points into unknown readable memory: 00 80 43 16 01 00 00 00
stack at sp + 4 slots: 0x0000000000002000 is an unknown value
stack at sp + 5 slots: 0x00007f86f3d284b0 points into unknown readable memory: 00 00 00 00 00 00 00 00
stack at sp + 6 slots: 0x00007f86f484f800 is a thread
stack at sp + 7 slots: 0x00000000000012c6 is an unknown value


---------------  P R O C E S S  ---------------

Threads class SMR info:
_java_thread_list=0x00007f86f3c9f2d0, length=16, elements={
0x00007f86f400d000, 0x00007f86f4009000, 0x00007f86f400e000, 0x00007f86f4011000,
0x00007f86f4866000, 0x00007f86f4014800, 0x00007f86f484f800, 0x00007f86f5031000,
0x00007f86f59d3800, 0x00007f86fab78000, 0x00007f86fab87000, 0x00007f86f5e01800,
0x00007f86f5cfc000, 0x00007f86f761a000, 0x00007f86f4f64800, 0x00007f86f9bfa800
}

Java Threads: ( => current thread )
  0x00007f86f400d000 JavaThread "Reference Handler" daemon [_thread_blocked, id=13827, stack(0x0000700005ca0000,0x0000700005da0000)]
  0x00007f86f4009000 JavaThread "Finalizer" daemon [_thread_blocked, id=17155, stack(0x0000700005da3000,0x0000700005ea3000)]
  0x00007f86f400e000 JavaThread "Signal Dispatcher" daemon [_thread_blocked, id=22019, stack(0x0000700005fac000,0x00007000060ac000)]
  0x00007f86f4011000 JavaThread "C2 CompilerThread0" daemon [_thread_blocked, id=43267, stack(0x00007000060af000,0x00007000061af000)]
  0x00007f86f4866000 JavaThread "C1 CompilerThread0" daemon [_thread_blocked, id=22787, stack(0x00007000061b2000,0x00007000062b2000)]
  0x00007f86f4014800 JavaThread "Sweeper thread" daemon [_thread_blocked, id=42243, stack(0x00007000062b5000,0x00007000063b5000)]
=>0x00007f86f484f800 JavaThread "Service Thread" daemon [_thread_in_vm, id=23555, stack(0x00007000063b8000,0x00007000064b8000)]
  0x00007f86f5031000 JavaThread "Common-Cleaner" daemon [_thread_blocked, id=24067, stack(0x00007000065be000,0x00007000066be000)]
  0x00007f86f59d3800 JavaThread "mysql-cj-abandoned-connection-cleanup" daemon [_thread_blocked, id=38987, stack(0x0000700006bd0000,0x0000700006cd0000)]
  0x00007f86fab78000 JavaThread "Live Reload Server" daemon [_thread_in_native, id=35335, stack(0x00007000074eb000,0x00007000075eb000)]
  0x00007f86fab87000 JavaThread "DestroyJavaVM" [_thread_blocked, id=10243, stack(0x000070000558b000,0x000070000568b000)]
  0x00007f86f5e01800 JavaThread "File Watcher" daemon [_thread_blocked, id=46611, stack(0x00007000069ca000,0x0000700006aca000)]
  0x00007f86f5cfc000 JavaThread "File Watcher" daemon [_thread_blocked, id=85523, stack(0x0000700006dd6000,0x0000700006ed6000)]
  0x00007f86f761a000 JavaThread "Thread-1000" [_thread_blocked, id=38099, stack(0x00007000066c1000,0x00007000067c1000)]
  0x00007f86f4f64800 JavaThread "File Watcher" daemon [_thread_blocked, id=47119, stack(0x0000700006acd000,0x0000700006bcd000)]
  0x00007f86f9bfa800 JavaThread "File Watcher" daemon [_thread_blocked, id=33819, stack(0x0000700006ed9000,0x0000700006fd9000)]

Other Threads:
  0x00007f86f4861000 VMThread "VM Thread" [stack: 0x0000700005b9d000,0x0000700005c9d000] [id=18435]
  0x00007f86f4878800 WatcherThread [stack: 0x00007000064bb000,0x00007000065bb000] [id=41475]
  0x00007f86f501f800 GCTaskThread "GC Thread#0" [stack: 0x000070000568e000,0x000070000578e000] [id=20995]
  0x00007f86f41af800 GCTaskThread "GC Thread#1" [stack: 0x00007000067c4000,0x00007000068c4000] [id=40451]
  0x00007f86f41b0000 GCTaskThread "GC Thread#2" [stack: 0x00007000068c7000,0x00007000069c7000] [id=40195]
  0x00007f86f541a800 GCTaskThread "GC Thread#3" [stack: 0x0000700006cd3000,0x0000700006dd3000] [id=38403]
  0x00007f86f5030800 ConcurrentGCThread "G1 Main Marker" [stack: 0x0000700005791000,0x0000700005891000] [id=20483]
  0x00007f86f5800000 ConcurrentGCThread "G1 Conc#0" [stack: 0x0000700005894000,0x0000700005994000] [id=12291]
  0x00007f86f483d800 ConcurrentGCThread "G1 Refine#0" [stack: 0x0000700005997000,0x0000700005a97000] [id=19971]
  0x00007f86f483e000 ConcurrentGCThread "G1 Young RemSet Sampling" [stack: 0x0000700005a9a000,0x0000700005b9a000] [id=19459]

Threads with active compile tasks:

VM state:not at safepoint (normal execution)

VM Mutex/Monitor currently owned by a thread: None

Heap address: 0x0000000780000000, size: 2048 MB, Compressed Oops mode: Zero based, Oop shift amount: 3
Narrow klass base: 0x0000000800000000, Narrow klass shift: 3
Compressed class space size: 1073741824 Address: 0x0000000800ae0000

Heap:
 garbage-first heap   total 140288K, used 65265K [0x0000000780000000, 0x0000000800000000)
  region size 1024K, 2 young (2048K), 1 survivors (1024K)
 Metaspace       used 77913K, capacity 80277K, committed 80584K, reserved 1120256K
  class space    used 9614K, capacity 10452K, committed 10524K, reserved 1048576K
Heap Regions: E=young(eden), S=young(survivor), O=old, HS=humongous(starts), HC=humongous(continues), CS=collection set, F=free, A=archive, TAMS=top-at-mark-start (previous, next)
|   0|0x0000000780000000, 0x0000000780100000, 0x0000000780100000|100%|HS|  |TAMS 0x0000000780100000, 0x0000000780000000| Complete 
|   1|0x0000000780100000, 0x00000007801fc610, 0x0000000780200000| 98%| O|  |TAMS 0x00000007801fc610, 0x0000000780100000| Updating 
|   2|0x0000000780200000, 0x00000007802fffc0, 0x0000000780300000| 99%| O|  |TAMS 0x00000007802fffc0, 0x0000000780200000| Updating 
|   3|0x0000000780300000, 0x0000000780400000, 0x0000000780400000|100%| O|  |TAMS 0x0000000780400000, 0x0000000780300000| Updating 
|   4|0x0000000780400000, 0x00000007804fff98, 0x0000000780500000| 99%| O|  |TAMS 0x00000007804fff98, 0x0000000780400000| Updating 
|   5|0x0000000780500000, 0x00000007805ffff8, 0x0000000780600000| 99%| O|  |TAMS 0x00000007805ffff8, 0x0000000780500000| Updating 
|   6|0x0000000780600000, 0x00000007806ffff8, 0x0000000780700000| 99%| O|  |TAMS 0x00000007806ffff8, 0x0000000780600000| Updating 
|   7|0x0000000780700000, 0x0000000780800000, 0x0000000780800000|100%| O|  |TAMS 0x0000000780800000, 0x0000000780700000| Updating 
|   8|0x0000000780800000, 0x00000007808fffd8, 0x0000000780900000| 99%| O|  |TAMS 0x00000007808fffd8, 0x0000000780800000| Updating 
|   9|0x0000000780900000, 0x00000007809fffb8, 0x0000000780a00000| 99%| O|  |TAMS 0x00000007809fffb8, 0x0000000780900000| Updating 
|  10|0x0000000780a00000, 0x0000000780afffc0, 0x0000000780b00000| 99%| O|  |TAMS 0x0000000780afffc0, 0x0000000780a00000| Updating 
|  11|0x0000000780b00000, 0x0000000780bffff0, 0x0000000780c00000| 99%| O|  |TAMS 0x0000000780bffff0, 0x0000000780b00000| Updating 
|  12|0x0000000780c00000, 0x0000000780cffff0, 0x0000000780d00000| 99%| O|  |TAMS 0x0000000780cffff0, 0x0000000780c00000| Updating 
|  13|0x0000000780d00000, 0x0000000780dfffe8, 0x0000000780e00000| 99%| O|  |TAMS 0x0000000780dfffe8, 0x0000000780d00000| Updating 
|  14|0x0000000780e00000, 0x0000000780effff8, 0x0000000780f00000| 99%| O|  |TAMS 0x0000000780effff8, 0x0000000780e00000| Updating 
|  15|0x0000000780f00000, 0x0000000780ffffd8, 0x0000000781000000| 99%| O|  |TAMS 0x0000000780ffffd8, 0x0000000780f00000| Updating 
|  16|0x0000000781000000, 0x00000007810fffe8, 0x0000000781100000| 99%| O|  |TAMS 0x00000007810fffe8, 0x0000000781000000| Updating 
|  17|0x0000000781100000, 0x00000007811fffe8, 0x0000000781200000| 99%| O|  |TAMS 0x00000007811fffe8, 0x0000000781100000| Updating 
|  18|0x0000000781200000, 0x0000000781300000, 0x0000000781300000|100%| O|  |TAMS 0x0000000781300000, 0x0000000781200000| Updating 
|  19|0x0000000781300000, 0x00000007813ffff0, 0x0000000781400000| 99%| O|  |TAMS 0x00000007813ffff0, 0x0000000781300000| Updating 
|  20|0x0000000781400000, 0x00000007814fffc8, 0x0000000781500000| 99%| O|  |TAMS 0x00000007814fffc8, 0x0000000781400000| Updating 
|  21|0x0000000781500000, 0x0000000781600000, 0x0000000781600000|100%| O|  |TAMS 0x0000000781600000, 0x0000000781500000| Updating 
|  22|0x0000000781600000, 0x00000007816ffff0, 0x0000000781700000| 99%| O|  |TAMS 0x00000007816ffff0, 0x0000000781600000| Updating 
|  23|0x0000000781700000, 0x00000007817ffff0, 0x0000000781800000| 99%| O|  |TAMS 0x00000007817ffff0, 0x0000000781700000| Updating 
|  24|0x0000000781800000, 0x00000007818ff670, 0x0000000781900000| 99%| O|  |TAMS 0x00000007818ff670, 0x0000000781800000| Updating 
|  25|0x0000000781900000, 0x00000007819ff3b8, 0x0000000781a00000| 99%| O|  |TAMS 0x00000007819ff3b8, 0x0000000781900000| Updating 
|  26|0x0000000781a00000, 0x0000000781afffe8, 0x0000000781b00000| 99%| O|  |TAMS 0x0000000781afffe8, 0x0000000781a00000| Updating 
|  27|0x0000000781b00000, 0x0000000781c00000, 0x0000000781c00000|100%| O|  |TAMS 0x0000000781c00000, 0x0000000781b00000| Updating 
|  28|0x0000000781c00000, 0x0000000781d00000, 0x0000000781d00000|100%| O|  |TAMS 0x0000000781d00000, 0x0000000781c00000| Updating 
|  29|0x0000000781d00000, 0x0000000781dffff8, 0x0000000781e00000| 99%| O|  |TAMS 0x0000000781dffff8, 0x0000000781d00000| Updating 
|  30|0x0000000781e00000, 0x0000000781efff88, 0x0000000781f00000| 99%| O|  |TAMS 0x0000000781efff88, 0x0000000781e00000| Updating 
|  31|0x0000000781f00000, 0x0000000781ffffe0, 0x0000000782000000| 99%| O|  |TAMS 0x0000000781ffffe0, 0x0000000781f00000| Updating 
|  32|0x0000000782000000, 0x00000007820ffff8, 0x0000000782100000| 99%| O|  |TAMS 0x00000007820ffff8, 0x0000000782000000| Updating 
|  33|0x0000000782100000, 0x00000007821ffff0, 0x0000000782200000| 99%| O|  |TAMS 0x00000007821ffff0, 0x0000000782100000| Updating 
|  34|0x0000000782200000, 0x00000007822fffe8, 0x0000000782300000| 99%| O|  |TAMS 0x00000007822fffe8, 0x0000000782200000| Updating 
|  35|0x0000000782300000, 0x00000007823e5a90, 0x0000000782400000| 89%| O|  |TAMS 0x00000007823e5a90, 0x0000000782300000| Updating 
|  36|0x0000000782400000, 0x00000007824fffe8, 0x0000000782500000| 99%| O|  |TAMS 0x00000007824fffe8, 0x0000000782400000| Updating 
|  37|0x0000000782500000, 0x00000007825ffff0, 0x0000000782600000| 99%| O|  |TAMS 0x00000007825ffff0, 0x0000000782500000| Updating 
|  38|0x0000000782600000, 0x00000007826ffff0, 0x0000000782700000| 99%| O|  |TAMS 0x00000007826ffff0, 0x0000000782600000| Updating 
|  39|0x0000000782700000, 0x00000007827a5708, 0x0000000782800000| 64%| O|  |TAMS 0x00000007827a5708, 0x0000000782700000| Updating 
|  40|0x0000000782800000, 0x0000000782900000, 0x0000000782900000|100%| O|  |TAMS 0x0000000782900000, 0x0000000782800000| Updating 
|  41|0x0000000782900000, 0x00000007829ffff0, 0x0000000782a00000| 99%| O|  |TAMS 0x00000007829ffff0, 0x0000000782900000| Updating 
|  42|0x0000000782a00000, 0x0000000782ae09b8, 0x0000000782b00000| 87%| O|  |TAMS 0x0000000782ae09b8, 0x0000000782a00000| Updating 
|  43|0x0000000782b00000, 0x0000000782bfbaf0, 0x0000000782c00000| 98%| O|  |TAMS 0x0000000782bfbaf0, 0x0000000782b00000| Updating 
|  44|0x0000000782c00000, 0x0000000782ce6c60, 0x0000000782d00000| 90%| O|  |TAMS 0x0000000782ce6c60, 0x0000000782c00000| Updating 
|  45|0x0000000782d00000, 0x0000000782dfffe0, 0x0000000782e00000| 99%| O|  |TAMS 0x0000000782dfffe0, 0x0000000782d00000| Updating 
|  46|0x0000000782e00000, 0x0000000782efffe8, 0x0000000782f00000| 99%| O|  |TAMS 0x0000000782efffe8, 0x0000000782e00000| Updating 
|  47|0x0000000782f00000, 0x0000000782f8b220, 0x0000000783000000| 54%| O|  |TAMS 0x0000000782f8b220, 0x0000000782f00000| Updating 
|  48|0x0000000783000000, 0x0000000783100000, 0x0000000783100000|100%| O|  |TAMS 0x0000000783100000, 0x0000000783000000| Updating 
|  49|0x0000000783100000, 0x0000000783200000, 0x0000000783200000|100%| O|  |TAMS 0x0000000783200000, 0x0000000783100000| Updating 
|  50|0x0000000783200000, 0x0000000783300000, 0x0000000783300000|100%| O|  |TAMS 0x0000000783300000, 0x0000000783200000| Updating 
|  51|0x0000000783300000, 0x0000000783400000, 0x0000000783400000|100%| O|  |TAMS 0x0000000783400000, 0x0000000783300000| Updating 
|  52|0x0000000783400000, 0x0000000783400000, 0x0000000783500000|  0%| F|  |TAMS 0x0000000783400000, 0x0000000783400000| Untracked 
|  53|0x0000000783500000, 0x00000007835ffff0, 0x0000000783600000| 99%| O|  |TAMS 0x00000007835ffff0, 0x0000000783500000| Updating 
|  54|0x0000000783600000, 0x0000000783700000, 0x0000000783700000|100%| O|  |TAMS 0x0000000783700000, 0x0000000783600000| Updating 
|  55|0x0000000783700000, 0x0000000783800000, 0x0000000783800000|100%| O|  |TAMS 0x0000000783800000, 0x0000000783700000| Updating 
|  56|0x0000000783800000, 0x0000000783891c58, 0x0000000783900000| 56%| O|  |TAMS 0x0000000783891c58, 0x0000000783800000| Updating 
|  57|0x0000000783900000, 0x0000000783a00000, 0x0000000783a00000|100%| O|  |TAMS 0x0000000783a00000, 0x0000000783900000| Updating 
|  58|0x0000000783a00000, 0x0000000783b00000, 0x0000000783b00000|100%| O|  |TAMS 0x0000000783b00000, 0x0000000783a00000| Updating 
|  59|0x0000000783b00000, 0x0000000783c00000, 0x0000000783c00000|100%| O|  |TAMS 0x0000000783c00000, 0x0000000783b00000| Updating 
|  60|0x0000000783c00000, 0x0000000783d00000, 0x0000000783d00000|100%| O|  |TAMS 0x0000000783d00000, 0x0000000783c00000| Updating 
|  61|0x0000000783d00000, 0x0000000783e00000, 0x0000000783e00000|100%| O|  |TAMS 0x0000000783e00000, 0x0000000783d00000| Updating 
|  62|0x0000000783e00000, 0x0000000783f00000, 0x0000000783f00000|100%| O|  |TAMS 0x0000000783f00000, 0x0000000783e00000| Updating 
|  63|0x0000000783f00000, 0x0000000784000000, 0x0000000784000000|100%| O|  |TAMS 0x0000000784000000, 0x0000000783f00000| Updating 
|  64|0x0000000784000000, 0x0000000784100000, 0x0000000784100000|100%| O|  |TAMS 0x0000000784100000, 0x0000000784000000| Updating 
|  65|0x0000000784100000, 0x000000078413dc00, 0x0000000784200000| 24%| O|  |TAMS 0x000000078413dc00, 0x0000000784100000| Updating 
|  66|0x0000000784200000, 0x0000000784200000, 0x0000000784300000|  0%| F|  |TAMS 0x0000000784200000, 0x0000000784200000| Untracked 
|  67|0x0000000784300000, 0x0000000784300000, 0x0000000784400000|  0%| F|  |TAMS 0x0000000784300000, 0x0000000784300000| Untracked 
|  68|0x0000000784400000, 0x0000000784400000, 0x0000000784500000|  0%| F|  |TAMS 0x0000000784400000, 0x0000000784400000| Untracked 
|  69|0x0000000784500000, 0x0000000784500000, 0x0000000784600000|  0%| F|  |TAMS 0x0000000784500000, 0x0000000784500000| Untracked 
|  70|0x0000000784600000, 0x0000000784600000, 0x0000000784700000|  0%| F|  |TAMS 0x0000000784600000, 0x0000000784600000| Untracked 
|  71|0x0000000784700000, 0x0000000784700000, 0x0000000784800000|  0%| F|  |TAMS 0x0000000784700000, 0x0000000784700000| Untracked 
|  72|0x0000000784800000, 0x0000000784800000, 0x0000000784900000|  0%| F|  |TAMS 0x0000000784800000, 0x0000000784800000| Untracked 
|  73|0x0000000784900000, 0x0000000784900000, 0x0000000784a00000|  0%| F|  |TAMS 0x0000000784900000, 0x0000000784900000| Untracked 
|  74|0x0000000784a00000, 0x0000000784a00000, 0x0000000784b00000|  0%| F|  |TAMS 0x0000000784a00000, 0x0000000784a00000| Untracked 
|  75|0x0000000784b00000, 0x0000000784b00000, 0x0000000784c00000|  0%| F|  |TAMS 0x0000000784b00000, 0x0000000784b00000| Untracked 
|  76|0x0000000784c00000, 0x0000000784c00000, 0x0000000784d00000|  0%| F|  |TAMS 0x0000000784c00000, 0x0000000784c00000| Untracked 
|  77|0x0000000784d00000, 0x0000000784d00000, 0x0000000784e00000|  0%| F|  |TAMS 0x0000000784d00000, 0x0000000784d00000| Untracked 
|  78|0x0000000784e00000, 0x0000000784e00000, 0x0000000784f00000|  0%| F|  |TAMS 0x0000000784e00000, 0x0000000784e00000| Untracked 
|  79|0x0000000784f00000, 0x0000000784f00000, 0x0000000785000000|  0%| F|  |TAMS 0x0000000784f00000, 0x0000000784f00000| Untracked 
|  80|0x0000000785000000, 0x0000000785000000, 0x0000000785100000|  0%| F|  |TAMS 0x0000000785000000, 0x0000000785000000| Untracked 
|  81|0x0000000785100000, 0x0000000785100000, 0x0000000785200000|  0%| F|  |TAMS 0x0000000785100000, 0x0000000785100000| Untracked 
|  82|0x0000000785200000, 0x0000000785200000, 0x0000000785300000|  0%| F|  |TAMS 0x0000000785200000, 0x0000000785200000| Untracked 
|  83|0x0000000785300000, 0x0000000785300000, 0x0000000785400000|  0%| F|  |TAMS 0x0000000785300000, 0x0000000785300000| Untracked 
|  84|0x0000000785400000, 0x0000000785400000, 0x0000000785500000|  0%| F|  |TAMS 0x0000000785400000, 0x0000000785400000| Untracked 
|  85|0x0000000785500000, 0x0000000785500000, 0x0000000785600000|  0%| F|  |TAMS 0x0000000785500000, 0x0000000785500000| Untracked 
|  86|0x0000000785600000, 0x0000000785600000, 0x0000000785700000|  0%| F|  |TAMS 0x0000000785600000, 0x0000000785600000| Untracked 
|  87|0x0000000785700000, 0x0000000785700000, 0x0000000785800000|  0%| F|  |TAMS 0x0000000785700000, 0x0000000785700000| Untracked 
|  88|0x0000000785800000, 0x000000078585ac40, 0x0000000785900000| 35%| S|CS|TAMS 0x0000000785800000, 0x0000000785800000| Complete 
|  89|0x0000000785900000, 0x0000000785900000, 0x0000000785a00000|  0%| F|  |TAMS 0x0000000785900000, 0x0000000785900000| Untracked 
|  90|0x0000000785a00000, 0x0000000785a00000, 0x0000000785b00000|  0%| F|  |TAMS 0x0000000785a00000, 0x0000000785a00000| Untracked 
|  91|0x0000000785b00000, 0x0000000785b00000, 0x0000000785c00000|  0%| F|  |TAMS 0x0000000785b00000, 0x0000000785b00000| Untracked 
|  92|0x0000000785c00000, 0x0000000785c00000, 0x0000000785d00000|  0%| F|  |TAMS 0x0000000785c00000, 0x0000000785c00000| Untracked 
|  93|0x0000000785d00000, 0x0000000785d00000, 0x0000000785e00000|  0%| F|  |TAMS 0x0000000785d00000, 0x0000000785d00000| Untracked 
|  94|0x0000000785e00000, 0x0000000785e00000, 0x0000000785f00000|  0%| F|  |TAMS 0x0000000785e00000, 0x0000000785e00000| Untracked 
|  95|0x0000000785f00000, 0x0000000785f00000, 0x0000000786000000|  0%| F|  |TAMS 0x0000000785f00000, 0x0000000785f00000| Untracked 
|  96|0x0000000786000000, 0x0000000786000000, 0x0000000786100000|  0%| F|  |TAMS 0x0000000786000000, 0x0000000786000000| Untracked 
|  97|0x0000000786100000, 0x0000000786100000, 0x0000000786200000|  0%| F|  |TAMS 0x0000000786100000, 0x0000000786100000| Untracked 
|  98|0x0000000786200000, 0x0000000786200000, 0x0000000786300000|  0%| F|  |TAMS 0x0000000786200000, 0x0000000786200000| Untracked 
|  99|0x0000000786300000, 0x0000000786300000, 0x0000000786400000|  0%| F|  |TAMS 0x0000000786300000, 0x0000000786300000| Untracked 
| 100|0x0000000786400000, 0x0000000786400000, 0x0000000786500000|  0%| F|  |TAMS 0x0000000786400000, 0x0000000786400000| Untracked 
| 101|0x0000000786500000, 0x0000000786500000, 0x0000000786600000|  0%| F|  |TAMS 0x0000000786500000, 0x0000000786500000| Untracked 
| 102|0x0000000786600000, 0x0000000786600000, 0x0000000786700000|  0%| F|  |TAMS 0x0000000786600000, 0x0000000786600000| Untracked 
| 103|0x0000000786700000, 0x0000000786700000, 0x0000000786800000|  0%| F|  |TAMS 0x0000000786700000, 0x0000000786700000| Untracked 
| 104|0x0000000786800000, 0x0000000786800000, 0x0000000786900000|  0%| F|  |TAMS 0x0000000786800000, 0x0000000786800000| Untracked 
| 105|0x0000000786900000, 0x0000000786900000, 0x0000000786a00000|  0%| F|  |TAMS 0x0000000786900000, 0x0000000786900000| Untracked 
| 106|0x0000000786a00000, 0x0000000786a00000, 0x0000000786b00000|  0%| F|  |TAMS 0x0000000786a00000, 0x0000000786a00000| Untracked 
| 107|0x0000000786b00000, 0x0000000786b00000, 0x0000000786c00000|  0%| F|  |TAMS 0x0000000786b00000, 0x0000000786b00000| Untracked 
| 108|0x0000000786c00000, 0x0000000786c00000, 0x0000000786d00000|  0%| F|  |TAMS 0x0000000786c00000, 0x0000000786c00000| Untracked 
| 109|0x0000000786d00000, 0x0000000786d00000, 0x0000000786e00000|  0%| F|  |TAMS 0x0000000786d00000, 0x0000000786d00000| Untracked 
| 110|0x0000000786e00000, 0x0000000786e00000, 0x0000000786f00000|  0%| F|  |TAMS 0x0000000786e00000, 0x0000000786e00000| Untracked 
| 111|0x0000000786f00000, 0x0000000786f00000, 0x0000000787000000|  0%| F|  |TAMS 0x0000000786f00000, 0x0000000786f00000| Untracked 
| 112|0x0000000787000000, 0x0000000787000000, 0x0000000787100000|  0%| F|  |TAMS 0x0000000787000000, 0x0000000787000000| Untracked 
| 113|0x0000000787100000, 0x0000000787100000, 0x0000000787200000|  0%| F|  |TAMS 0x0000000787100000, 0x0000000787100000| Untracked 
| 114|0x0000000787200000, 0x0000000787200000, 0x0000000787300000|  0%| F|  |TAMS 0x0000000787200000, 0x0000000787200000| Untracked 
| 115|0x0000000787300000, 0x0000000787300000, 0x0000000787400000|  0%| F|  |TAMS 0x0000000787300000, 0x0000000787300000| Untracked 
| 116|0x0000000787400000, 0x0000000787400000, 0x0000000787500000|  0%| F|  |TAMS 0x0000000787400000, 0x0000000787400000| Untracked 
| 117|0x0000000787500000, 0x0000000787500000, 0x0000000787600000|  0%| F|  |TAMS 0x0000000787500000, 0x0000000787500000| Untracked 
| 118|0x0000000787600000, 0x0000000787600000, 0x0000000787700000|  0%| F|  |TAMS 0x0000000787600000, 0x0000000787600000| Untracked 
| 119|0x0000000787700000, 0x0000000787700000, 0x0000000787800000|  0%| F|  |TAMS 0x0000000787700000, 0x0000000787700000| Untracked 
| 120|0x0000000787800000, 0x0000000787800000, 0x0000000787900000|  0%| F|  |TAMS 0x0000000787800000, 0x0000000787800000| Untracked 
| 121|0x0000000787900000, 0x0000000787900000, 0x0000000787a00000|  0%| F|  |TAMS 0x0000000787900000, 0x0000000787900000| Untracked 
| 122|0x0000000787a00000, 0x0000000787a00000, 0x0000000787b00000|  0%| F|  |TAMS 0x0000000787a00000, 0x0000000787a00000| Untracked 
| 123|0x0000000787b00000, 0x0000000787b00000, 0x0000000787c00000|  0%| F|  |TAMS 0x0000000787b00000, 0x0000000787b00000| Untracked 
| 124|0x0000000787c00000, 0x0000000787c00000, 0x0000000787d00000|  0%| F|  |TAMS 0x0000000787c00000, 0x0000000787c00000| Untracked 
| 125|0x0000000787d00000, 0x0000000787d00000, 0x0000000787e00000|  0%| F|  |TAMS 0x0000000787d00000, 0x0000000787d00000| Untracked 
| 126|0x0000000787e00000, 0x0000000787e00000, 0x0000000787f00000|  0%| F|  |TAMS 0x0000000787e00000, 0x0000000787e00000| Untracked 
| 157|0x0000000789d00000, 0x0000000789d00000, 0x0000000789e00000|  0%| F|  |TAMS 0x0000000789d00000, 0x0000000789d00000| Untracked 
| 158|0x0000000789e00000, 0x0000000789e00000, 0x0000000789f00000|  0%| F|  |TAMS 0x0000000789e00000, 0x0000000789e00000| Untracked 
| 159|0x0000000789f00000, 0x0000000789f00000, 0x000000078a000000|  0%| F|  |TAMS 0x0000000789f00000, 0x0000000789f00000| Untracked 
| 160|0x000000078a000000, 0x000000078a000000, 0x000000078a100000|  0%| F|  |TAMS 0x000000078a000000, 0x000000078a000000| Untracked 
| 161|0x000000078a100000, 0x000000078a100000, 0x000000078a200000|  0%| F|  |TAMS 0x000000078a100000, 0x000000078a100000| Untracked 
| 162|0x000000078a200000, 0x000000078a200000, 0x000000078a300000|  0%| F|  |TAMS 0x000000078a200000, 0x000000078a200000| Untracked 
| 163|0x000000078a300000, 0x000000078a300000, 0x000000078a400000|  0%| F|  |TAMS 0x000000078a300000, 0x000000078a300000| Untracked 
| 167|0x000000078a700000, 0x000000078a75c090, 0x000000078a800000| 35%| E|  |TAMS 0x000000078a700000, 0x000000078a700000| Complete 
|1022|0x00000007bfe00000, 0x00000007bfe47000, 0x00000007bff00000| 27%|OA|  |TAMS 0x00000007bfe47000, 0x00000007bfe00000| Untracked 
|1023|0x00000007bff00000, 0x00000007bff77000, 0x00000007c0000000| 46%|CA|  |TAMS 0x00000007bff77000, 0x00000007bff00000| Untracked 

Card table byte_map: [0x0000000114fb3000,0x00000001153b3000] _byte_map_base: 0x00000001113b3000

Marking Bits (Prev, Next): (CMBitMap*) 0x00007f86f501fe18, (CMBitMap*) 0x00007f86f501fe58
 Prev Bits: [0x000000012671a000, 0x000000012871a000)
 Next Bits: [0x000000012871a000, 0x000000012a71a000)

Polling page: 0x000000010aa93000

Metaspace:

Usage:
  Non-class:     68.19 MB capacity,    66.70 MB ( 98%) used,     1.23 MB (  2%) free+waste,   265.12 KB ( <1%) overhead. 
      Class:     10.21 MB capacity,     9.39 MB ( 92%) used,   718.59 KB (  7%) free+waste,   118.75 KB (  1%) overhead. 
       Both:     78.40 MB capacity,    76.09 MB ( 97%) used,     1.93 MB (  2%) free+waste,   383.88 KB ( <1%) overhead. 

Virtual space:
  Non-class space:       70.00 MB reserved,      68.42 MB ( 98%) committed 
      Class space:        1.00 GB reserved,      10.28 MB (  1%) committed 
             Both:        1.07 GB reserved,      78.70 MB (  7%) committed 

Chunk freelists:
   Non-Class:  95.00 KB
       Class:  12.00 KB
        Both:  107.00 KB

MaxMetaspaceSize: unlimited
CompressedClassSpaceSize: 1.00 GB

CodeHeap 'non-profiled nmethods': size=120032Kb used=6127Kb max_used=6127Kb free=113904Kb
 bounds [0x000000011f1e2000, 0x000000011f7e2000, 0x000000012671a000]
CodeHeap 'profiled nmethods': size=120032Kb used=21659Kb max_used=21722Kb free=98373Kb
 bounds [0x0000000117caa000, 0x000000011921a000, 0x000000011f1e2000]
CodeHeap 'non-nmethods': size=5696Kb used=1368Kb max_used=1434Kb free=4327Kb
 bounds [0x000000011771a000, 0x000000011798a000, 0x0000000117caa000]
 total_blobs=15544 nmethods=11015 adapters=563
 compilation: enabled
              stopped_count=0, restarted_count=0
 full_count=0

Compilation events (20 events):
Event: 414.457 Thread 0x00007f86f4866000 13154       3       java.io.ObjectOutputStream$BlockDataOutputStream::writeBytes (144 bytes)
Event: 414.458 Thread 0x00007f86f4011000 13155       4       sun.reflect.generics.reflectiveObjects.ParameterizedTypeImpl::getRawType (5 bytes)
Event: 414.458 Thread 0x00007f86f4866000 nmethod 13154 0x00000001190b0390 code [0x00000001190b05a0, 0x00000001190b0cd8]
Event: 414.458 Thread 0x00007f86f4866000 13156  s    3       java.lang.Throwable::getCause (17 bytes)
Event: 414.458 Thread 0x00007f86f4866000 nmethod 13156 0x00000001184aa510 code [0x00000001184aa6c0, 0x00000001184aaa30]
Event: 414.458 Thread 0x00007f86f4011000 nmethod 13155 0x000000011f7ddc10 code [0x000000011f7ddd80, 0x000000011f7dddf8]
Event: 414.458 Thread 0x00007f86f4866000 13157       3       ch.qos.logback.classic.spi.StackTraceElementProxy::<init> (24 bytes)
Event: 414.459 Thread 0x00007f86f4866000 nmethod 13157 0x00000001190afd90 code [0x00000001190aff40, 0x00000001190b0288]
Event: 414.459 Thread 0x00007f86f4866000 13158       3       ch.qos.logback.classic.spi.PackagingDataCalculator::computeBySTEP (81 bytes)
Event: 414.460 Thread 0x00007f86f4866000 nmethod 13158 0x00000001190aee10 code [0x00000001190af040, 0x00000001190af9c8]
Event: 414.460 Thread 0x00007f86f4866000 13159       3       ch.qos.logback.classic.spi.StackTraceElementProxy::setClassPackagingData (23 bytes)
Event: 414.461 Thread 0x00007f86f4866000 nmethod 13159 0x00000001190ae890 code [0x00000001190aea40, 0x00000001190aed48]
Event: 414.461 Thread 0x00007f86f4866000 13160       3       java.lang.StackTraceElement::toString (322 bytes)
Event: 414.466 Thread 0x00007f86f4866000 nmethod 13160 0x000000011865d710 code [0x000000011865de60, 0x0000000118661bf8]
Event: 414.466 Thread 0x00007f86f4866000 13161       3       ch.qos.logback.classic.spi.StackTraceElementProxy::toString (5 bytes)
Event: 414.467 Thread 0x00007f86f4866000 nmethod 13161 0x000000011870ca10 code [0x000000011870cbc0, 0x000000011870cd88]
Event: 414.467 Thread 0x00007f86f4866000 13162       3       ch.qos.logback.classic.spi.StackTraceElementProxy::getSTEAsString (41 bytes)
Event: 414.468 Thread 0x00007f86f4866000 nmethod 13162 0x000000011865c910 code [0x000000011865cb60, 0x000000011865d438]
Event: 500.177 Thread 0x00007f86f4866000 13163       3       jdk.internal.misc.Unsafe::bool2byte (10 bytes)
Event: 500.177 Thread 0x00007f86f4866000 nmethod 13163 0x0000000118712190 code [0x0000000118712320, 0x00000001187124f0]

GC Heap History (20 events):
Event: 345.437 GC heap before
{Heap before GC invocations=65 (full 3):
 garbage-first heap   total 140288K, used 107132K [0x0000000780000000, 0x0000000800000000)
  region size 1024K, 57 young (58368K), 4 survivors (4096K)
 Metaspace       used 76830K, capacity 79137K, committed 79432K, reserved 1118208K
  class space    used 9529K, capacity 10375K, committed 10396K, reserved 1048576K
}
Event: 345.446 GC heap after
{Heap after GC invocations=66 (full 3):
 garbage-first heap   total 140288K, used 57639K [0x0000000780000000, 0x0000000800000000)
  region size 1024K, 8 young (8192K), 8 survivors (8192K)
 Metaspace       used 76830K, capacity 79137K, committed 79432K, reserved 1118208K
  class space    used 9529K, capacity 10375K, committed 10396K, reserved 1048576K
}
Event: 361.360 GC heap before
{Heap before GC invocations=66 (full 3):
 garbage-first heap   total 140288K, used 109863K [0x0000000780000000, 0x0000000800000000)
  region size 1024K, 59 young (60416K), 8 survivors (8192K)
 Metaspace       used 77151K, capacity 79399K, committed 79688K, reserved 1118208K
  class space    used 9545K, capacity 10377K, committed 10396K, reserved 1048576K
}
Event: 361.375 GC heap after
{Heap after GC invocations=67 (full 3):
 garbage-first heap   total 140288K, used 58436K [0x0000000780000000, 0x0000000800000000)
  region size 1024K, 5 young (5120K), 5 survivors (5120K)
 Metaspace       used 77151K, capacity 79399K, committed 79688K, reserved 1118208K
  class space    used 9545K, capacity 10377K, committed 10396K, reserved 1048576K
}
Event: 406.813 GC heap before
{Heap before GC invocations=67 (full 3):
 garbage-first heap   total 140288K, used 111684K [0x0000000780000000, 0x0000000800000000)
  region size 1024K, 57 young (58368K), 5 survivors (5120K)
 Metaspace       used 77151K, capacity 79399K, committed 79688K, reserved 1118208K
  class space    used 9545K, capacity 10377K, committed 10396K, reserved 1048576K
}
Event: 406.818 GC heap after
{Heap after GC invocations=68 (full 3):
 garbage-first heap   total 140288K, used 58365K [0x0000000780000000, 0x0000000800000000)
  region size 1024K, 2 young (2048K), 2 survivors (2048K)
 Metaspace       used 77151K, capacity 79399K, committed 79688K, reserved 1118208K
  class space    used 9545K, capacity 10377K, committed 10396K, reserved 1048576K
}
Event: 412.520 GC heap before
{Heap before GC invocations=68 (full 3):
 garbage-first heap   total 140288K, used 112637K [0x0000000780000000, 0x0000000800000000)
  region size 1024K, 55 young (56320K), 2 survivors (2048K)
 Metaspace       used 77286K, capacity 79713K, committed 80072K, reserved 1118208K
  class space    used 9569K, capacity 10417K, committed 10524K, reserved 1048576K
}
Event: 412.525 GC heap after
{Heap after GC invocations=69 (full 3):
 garbage-first heap   total 140288K, used 60411K [0x0000000780000000, 0x0000000800000000)
  region size 1024K, 4 young (4096K), 4 survivors (4096K)
 Metaspace       used 77286K, capacity 79713K, committed 80072K, reserved 1118208K
  class space    used 9569K, capacity 10417K, committed 10524K, reserved 1048576K
}
Event: 412.952 GC heap before
{Heap before GC invocations=69 (full 3):
 garbage-first heap   total 140288K, used 113659K [0x0000000780000000, 0x0000000800000000)
  region size 1024K, 56 young (57344K), 4 survivors (4096K)
 Metaspace       used 77495K, capacity 79880K, committed 80072K, reserved 1118208K
  class space    used 9593K, capacity 10449K, committed 10524K, reserved 1048576K
}
Event: 412.958 GC heap after
{Heap after GC invocations=70 (full 3):
 garbage-first heap   total 140288K, used 61494K [0x0000000780000000, 0x0000000800000000)
  region size 1024K, 4 young (4096K), 4 survivors (4096K)
 Metaspace       used 77495K, capacity 79880K, committed 80072K, reserved 1118208K
  class space    used 9593K, capacity 10449K, committed 10524K, reserved 1048576K
}
Event: 413.332 GC heap before
{Heap before GC invocations=70 (full 3):
 garbage-first heap   total 140288K, used 112694K [0x0000000780000000, 0x0000000800000000)
  region size 1024K, 55 young (56320K), 4 survivors (4096K)
 Metaspace       used 77564K, capacity 79950K, committed 80072K, reserved 1118208K
  class space    used 9596K, capacity 10450K, committed 10524K, reserved 1048576K
}
Event: 413.338 GC heap after
{Heap after GC invocations=71 (full 3):
 garbage-first heap   total 140288K, used 61743K [0x0000000780000000, 0x0000000800000000)
  region size 1024K, 4 young (4096K), 4 survivors (4096K)
 Metaspace       used 77564K, capacity 79950K, committed 80072K, reserved 1118208K
  class space    used 9596K, capacity 10450K, committed 10524K, reserved 1048576K
}
Event: 414.024 GC heap before
{Heap before GC invocations=71 (full 3):
 garbage-first heap   total 140288K, used 112943K [0x0000000780000000, 0x0000000800000000)
  region size 1024K, 55 young (56320K), 4 survivors (4096K)
 Metaspace       used 77876K, capacity 80271K, committed 80584K, reserved 1120256K
  class space    used 9614K, capacity 10450K, committed 10524K, reserved 1048576K
}
Event: 414.033 GC heap after
{Heap after GC invocations=72 (full 3):
 garbage-first heap   total 140288K, used 67004K [0x0000000780000000, 0x0000000800000000)
  region size 1024K, 7 young (7168K), 7 survivors (7168K)
 Metaspace       used 77876K, capacity 80271K, committed 80584K, reserved 1120256K
  class space    used 9614K, capacity 10450K, committed 10524K, reserved 1048576K
}
Event: 440.122 GC heap before
{Heap before GC invocations=72 (full 3):
 garbage-first heap   total 140288K, used 113084K [0x0000000780000000, 0x0000000800000000)
  region size 1024K, 52 young (53248K), 7 survivors (7168K)
 Metaspace       used 77913K, capacity 80277K, committed 80584K, reserved 1120256K
  class space    used 9614K, capacity 10452K, committed 10524K, reserved 1048576K
}
Event: 440.133 GC heap after
{Heap after GC invocations=73 (full 3):
 garbage-first heap   total 140288K, used 66910K [0x0000000780000000, 0x0000000800000000)
  region size 1024K, 1 young (1024K), 1 survivors (1024K)
 Metaspace       used 77913K, capacity 80277K, committed 80584K, reserved 1120256K
  class space    used 9614K, capacity 10452K, committed 10524K, reserved 1048576K
}
Event: 469.761 GC heap before
{Heap before GC invocations=74 (full 3):
 garbage-first heap   total 140288K, used 114014K [0x0000000780000000, 0x0000000800000000)
  region size 1024K, 47 young (48128K), 1 survivors (1024K)
 Metaspace       used 77913K, capacity 80277K, committed 80584K, reserved 1120256K
  class space    used 9614K, capacity 10452K, committed 10524K, reserved 1048576K
}
Event: 469.763 GC heap after
{Heap after GC invocations=75 (full 3):
 garbage-first heap   total 140288K, used 66781K [0x0000000780000000, 0x0000000800000000)
  region size 1024K, 1 young (1024K), 1 survivors (1024K)
 Metaspace       used 77913K, capacity 80277K, committed 80584K, reserved 1120256K
  class space    used 9614K, capacity 10452K, committed 10524K, reserved 1048576K
}
Event: 499.897 GC heap before
{Heap before GC invocations=75 (full 3):
 garbage-first heap   total 140288K, used 113885K [0x0000000780000000, 0x0000000800000000)
  region size 1024K, 47 young (48128K), 1 survivors (1024K)
 Metaspace       used 77913K, capacity 80277K, committed 80584K, reserved 1120256K
  class space    used 9614K, capacity 10452K, committed 10524K, reserved 1048576K
}
Event: 499.899 GC heap after
{Heap after GC invocations=76 (full 3):
 garbage-first heap   total 140288K, used 66289K [0x0000000780000000, 0x0000000800000000)
  region size 1024K, 1 young (1024K), 1 survivors (1024K)
 Metaspace       used 77913K, capacity 80277K, committed 80584K, reserved 1120256K
  class space    used 9614K, capacity 10452K, committed 10524K, reserved 1048576K
}

Deoptimization events (20 events):
Event: 413.856 Thread 0x00007f86f7f73800 DEOPT PACKING pc=0x0000000118f502cf sp=0x00007000076eb8b0
Event: 413.856 Thread 0x00007f86f7f73800 DEOPT UNPACKING pc=0x000000011776333a sp=0x00007000076ead40 mode 0
Event: 413.914 Thread 0x00007f86f7f73800 DEOPT PACKING pc=0x0000000118f4c0e7 sp=0x00007000076ec440
Event: 413.914 Thread 0x00007f86f7f73800 DEOPT UNPACKING pc=0x000000011776333a sp=0x00007000076eb950 mode 0
Event: 413.932 Thread 0x00007f86f7f73800 DEOPT PACKING pc=0x0000000118c11a7d sp=0x00007000076eb8a0
Event: 413.932 Thread 0x00007f86f7f73800 DEOPT UNPACKING pc=0x000000011776333a sp=0x00007000076eadd8 mode 0
Event: 413.938 Thread 0x00007f86f7f73800 DEOPT PACKING pc=0x00000001191ac033 sp=0x00007000076ec050
Event: 413.938 Thread 0x00007f86f7f73800 DEOPT UNPACKING pc=0x000000011776333a sp=0x00007000076eb508 mode 0
Event: 413.956 Thread 0x00007f86f7f73800 DEOPT PACKING pc=0x0000000118dbd059 sp=0x00007000076eb740
Event: 413.956 Thread 0x00007f86f7f73800 DEOPT UNPACKING pc=0x000000011776333a sp=0x00007000076eac78 mode 0
Event: 413.963 Thread 0x00007f86f7f73800 DEOPT PACKING pc=0x0000000118f2fbbc sp=0x00007000076eb490
Event: 413.963 Thread 0x00007f86f7f73800 DEOPT UNPACKING pc=0x000000011776333a sp=0x00007000076ea940 mode 0
Event: 414.009 Thread 0x00007f86f7f73800 DEOPT PACKING pc=0x0000000118f6e927 sp=0x00007000076ec610
Event: 414.009 Thread 0x00007f86f7f73800 DEOPT UNPACKING pc=0x000000011776333a sp=0x00007000076ebb58 mode 0
Event: 414.358 Thread 0x00007f86f7f73800 DEOPT PACKING pc=0x00000001191a4f03 sp=0x00007000076eb5c0
Event: 414.358 Thread 0x00007f86f7f73800 DEOPT UNPACKING pc=0x000000011776333a sp=0x00007000076eaa58 mode 0
Event: 414.449 Thread 0x00007f86f4c57800 DEOPT PACKING pc=0x0000000117cc494a sp=0x0000700006fd5db0
Event: 414.449 Thread 0x00007f86f4c57800 DEOPT UNPACKING pc=0x000000011776333a sp=0x0000700006fd5290 mode 0
Event: 414.449 Thread 0x00007f86f4c57800 DEOPT PACKING pc=0x0000000118c71590 sp=0x0000700006fd5d20
Event: 414.449 Thread 0x00007f86f4c57800 DEOPT UNPACKING pc=0x000000011776333a sp=0x0000700006fd5208 mode 0

Classes unloaded (6 events):
Event: 6.934 Thread 0x00007f86f4861000 Unloading class 0x0000000800b92c40 'org/springframework/core/GenericTypeResolver$$Lambda$85'
Event: 140.021 Thread 0x00007f86f4861000 Unloading class 0x0000000801406040 'jdk/internal/reflect/GeneratedMethodAccessor120'
Event: 140.021 Thread 0x00007f86f4861000 Unloading class 0x0000000801406c40 'jdk/internal/reflect/GeneratedMethodAccessor119'
Event: 140.021 Thread 0x00007f86f4861000 Unloading class 0x00000008013c1840 'org/springframework/expression/spel/support/ReflectivePropertyAccessor$$Lambda$1135'
Event: 140.021 Thread 0x00007f86f4861000 Unloading class 0x00000008013c2440 'org/springframework/expression/spel/support/ReflectivePropertyAccessor$$Lambda$1137'
Event: 140.021 Thread 0x00007f86f4861000 Unloading class 0x00000008013c2c40 'org/springframework/expression/spel/support/ReflectivePropertyAccessor$$Lambda$1134'

Classes redefined (0 events):
No events

Internal exceptions (20 events):
Event: 412.207 Thread 0x00007f86f4c57800 Exception <a 'java/lang/NoClassDefFoundError'{0x0000000787b0c558}: javax/validation/ValidationException> (0x0000000787b0c558) 
thrown [/scratch/mesos/slaves/fcf4c0c4-d73e-4321-860c-6613427db92b-S2452/frameworks/1735e8a2-a1db-478c-8104-60c8b0af87dd-0196/executors/ab12d1f8-defd-4a26-b83a-82b67c14bc8d/runs/ad8904cf-d9a8-428f-8f86-4d88be7b86bd/workspace/open/src/hotspot/share/classfile/systemDictionary.cpp, line 221]
Event: 413.313 Thread 0x00007f86f4c57800 Exception <a 'java/io/FileNotFoundException'{0x0000000785593c08}> (0x0000000785593c08) 
thrown [/scratch/mesos/slaves/fcf4c0c4-d73e-4321-860c-6613427db92b-S2452/frameworks/1735e8a2-a1db-478c-8104-60c8b0af87dd-0196/executors/ab12d1f8-defd-4a26-b83a-82b67c14bc8d/runs/ad8904cf-d9a8-428f-8f86-4d88be7b86bd/workspace/open/src/hotspot/share/prims/jni.cpp, line 598]
Event: 413.531 Thread 0x00007f86f4c57800 Exception <a 'java/lang/reflect/InvocationTargetException'{0x0000000789ded210}> (0x0000000789ded210) 
thrown [/scratch/mesos/slaves/fcf4c0c4-d73e-4321-860c-6613427db92b-S2452/frameworks/1735e8a2-a1db-478c-8104-60c8b0af87dd-0196/executors/ab12d1f8-defd-4a26-b83a-82b67c14bc8d/runs/ad8904cf-d9a8-428f-8f86-4d88be7b86bd/workspace/open/src/hotspot/share/runtime/reflection.cpp, line 1188]
Event: 414.434 Thread 0x00007f86f4873800 Exception <a 'sun/net/ConnectionResetException'{0x000000078a002e88}: Connection reset> (0x000000078a002e88) 
thrown [/scratch/mesos/slaves/fcf4c0c4-d73e-4321-860c-6613427db92b-S2452/frameworks/1735e8a2-a1db-478c-8104-60c8b0af87dd-0196/executors/ab12d1f8-defd-4a26-b83a-82b67c14bc8d/runs/ad8904cf-d9a8-428f-8f86-4d88be7b86bd/workspace/open/src/hotspot/share/prims/jni.cpp, line 619]
Event: 414.435 Thread 0x00007f86f4873800 Exception <a 'sun/net/ConnectionResetException'{0x000000078a004ba0}: Connection reset> (0x000000078a004ba0) 
thrown [/scratch/mesos/slaves/fcf4c0c4-d73e-4321-860c-6613427db92b-S2452/frameworks/1735e8a2-a1db-478c-8104-60c8b0af87dd-0196/executors/ab12d1f8-defd-4a26-b83a-82b67c14bc8d/runs/ad8904cf-d9a8-428f-8f86-4d88be7b86bd/workspace/open/src/hotspot/share/prims/jni.cpp, line 619]
Event: 414.436 Thread 0x00007f86f4873800 Exception <a 'java/io/IOException'{0x000000078a0065c0}> (0x000000078a0065c0) 
thrown [/scratch/mesos/slaves/fcf4c0c4-d73e-4321-860c-6613427db92b-S2452/frameworks/1735e8a2-a1db-478c-8104-60c8b0af87dd-0196/executors/ab12d1f8-defd-4a26-b83a-82b67c14bc8d/runs/ad8904cf-d9a8-428f-8f86-4d88be7b86bd/workspace/open/src/hotspot/share/prims/jni.cpp, line 598]
Event: 414.436 Thread 0x00007f86f4873800 Exception <a 'sun/net/ConnectionResetException'{0x000000078a006e90}: Connection reset> (0x000000078a006e90) 
thrown [/scratch/mesos/slaves/fcf4c0c4-d73e-4321-860c-6613427db92b-S2452/frameworks/1735e8a2-a1db-478c-8104-60c8b0af87dd-0196/executors/ab12d1f8-defd-4a26-b83a-82b67c14bc8d/runs/ad8904cf-d9a8-428f-8f86-4d88be7b86bd/workspace/open/src/hotspot/share/prims/jni.cpp, line 619]
Event: 414.437 Thread 0x00007f86f4873800 Exception <a 'java/io/IOException'{0x000000078a0088b0}> (0x000000078a0088b0) 
thrown [/scratch/mesos/slaves/fcf4c0c4-d73e-4321-860c-6613427db92b-S2452/frameworks/1735e8a2-a1db-478c-8104-60c8b0af87dd-0196/executors/ab12d1f8-defd-4a26-b83a-82b67c14bc8d/runs/ad8904cf-d9a8-428f-8f86-4d88be7b86bd/workspace/open/src/hotspot/share/prims/jni.cpp, line 598]
Event: 414.438 Thread 0x00007f86f4873800 Exception <a 'sun/net/ConnectionResetException'{0x000000078a009180}: Connection reset> (0x000000078a009180) 
thrown [/scratch/mesos/slaves/fcf4c0c4-d73e-4321-860c-6613427db92b-S2452/frameworks/1735e8a2-a1db-478c-8104-60c8b0af87dd-0196/executors/ab12d1f8-defd-4a26-b83a-82b67c14bc8d/runs/ad8904cf-d9a8-428f-8f86-4d88be7b86bd/workspace/open/src/hotspot/share/prims/jni.cpp, line 619]
Event: 414.439 Thread 0x00007f86f4873800 Exception <a 'sun/net/ConnectionResetException'{0x000000078a00ae98}: Connection reset> (0x000000078a00ae98) 
thrown [/scratch/mesos/slaves/fcf4c0c4-d73e-4321-860c-6613427db92b-S2452/frameworks/1735e8a2-a1db-478c-8104-60c8b0af87dd-0196/executors/ab12d1f8-defd-4a26-b83a-82b67c14bc8d/runs/ad8904cf-d9a8-428f-8f86-4d88be7b86bd/workspace/open/src/hotspot/share/prims/jni.cpp, line 619]
Event: 414.440 Thread 0x00007f86f4873800 Exception <a 'java/io/IOException'{0x000000078a00c8b8}> (0x000000078a00c8b8) 
thrown [/scratch/mesos/slaves/fcf4c0c4-d73e-4321-860c-6613427db92b-S2452/frameworks/1735e8a2-a1db-478c-8104-60c8b0af87dd-0196/executors/ab12d1f8-defd-4a26-b83a-82b67c14bc8d/runs/ad8904cf-d9a8-428f-8f86-4d88be7b86bd/workspace/open/src/hotspot/share/prims/jni.cpp, line 598]
Event: 414.440 Thread 0x00007f86f4873800 Exception <a 'sun/net/ConnectionResetException'{0x000000078a00d188}: Connection reset> (0x000000078a00d188) 
thrown [/scratch/mesos/slaves/fcf4c0c4-d73e-4321-860c-6613427db92b-S2452/frameworks/1735e8a2-a1db-478c-8104-60c8b0af87dd-0196/executors/ab12d1f8-defd-4a26-b83a-82b67c14bc8d/runs/ad8904cf-d9a8-428f-8f86-4d88be7b86bd/workspace/open/src/hotspot/share/prims/jni.cpp, line 619]
Event: 414.441 Thread 0x00007f86f4873800 Exception <a 'java/io/IOException'{0x000000078a00eba8}> (0x000000078a00eba8) 
thrown [/scratch/mesos/slaves/fcf4c0c4-d73e-4321-860c-6613427db92b-S2452/frameworks/1735e8a2-a1db-478c-8104-60c8b0af87dd-0196/executors/ab12d1f8-defd-4a26-b83a-82b67c14bc8d/runs/ad8904cf-d9a8-428f-8f86-4d88be7b86bd/workspace/open/src/hotspot/share/prims/jni.cpp, line 598]
Event: 414.442 Thread 0x00007f86f4873800 Exception <a 'sun/net/ConnectionResetException'{0x000000078a00f478}: Connection reset> (0x000000078a00f478) 
thrown [/scratch/mesos/slaves/fcf4c0c4-d73e-4321-860c-6613427db92b-S2452/frameworks/1735e8a2-a1db-478c-8104-60c8b0af87dd-0196/executors/ab12d1f8-defd-4a26-b83a-82b67c14bc8d/runs/ad8904cf-d9a8-428f-8f86-4d88be7b86bd/workspace/open/src/hotspot/share/prims/jni.cpp, line 619]
Event: 414.443 Thread 0x00007f86f4873800 Exception <a 'sun/net/ConnectionResetException'{0x000000078a011190}: Connection reset> (0x000000078a011190) 
thrown [/scratch/mesos/slaves/fcf4c0c4-d73e-4321-860c-6613427db92b-S2452/frameworks/1735e8a2-a1db-478c-8104-60c8b0af87dd-0196/executors/ab12d1f8-defd-4a26-b83a-82b67c14bc8d/runs/ad8904cf-d9a8-428f-8f86-4d88be7b86bd/workspace/open/src/hotspot/share/prims/jni.cpp, line 619]
Event: 414.444 Thread 0x00007f86f4873800 Exception <a 'java/io/IOException'{0x000000078a012bb0}> (0x000000078a012bb0) 
thrown [/scratch/mesos/slaves/fcf4c0c4-d73e-4321-860c-6613427db92b-S2452/frameworks/1735e8a2-a1db-478c-8104-60c8b0af87dd-0196/executors/ab12d1f8-defd-4a26-b83a-82b67c14bc8d/runs/ad8904cf-d9a8-428f-8f86-4d88be7b86bd/workspace/open/src/hotspot/share/prims/jni.cpp, line 598]
Event: 414.444 Thread 0x00007f86f4873800 Exception <a 'sun/net/ConnectionResetException'{0x000000078a013480}: Connection reset> (0x000000078a013480) 
thrown [/scratch/mesos/slaves/fcf4c0c4-d73e-4321-860c-6613427db92b-S2452/frameworks/1735e8a2-a1db-478c-8104-60c8b0af87dd-0196/executors/ab12d1f8-defd-4a26-b83a-82b67c14bc8d/runs/ad8904cf-d9a8-428f-8f86-4d88be7b86bd/workspace/open/src/hotspot/share/prims/jni.cpp, line 619]
Event: 414.445 Thread 0x00007f86f4873800 Exception <a 'sun/net/ConnectionResetException'{0x000000078a015198}: Connection reset> (0x000000078a015198) 
thrown [/scratch/mesos/slaves/fcf4c0c4-d73e-4321-860c-6613427db92b-S2452/frameworks/1735e8a2-a1db-478c-8104-60c8b0af87dd-0196/executors/ab12d1f8-defd-4a26-b83a-82b67c14bc8d/runs/ad8904cf-d9a8-428f-8f86-4d88be7b86bd/workspace/open/src/hotspot/share/prims/jni.cpp, line 619]
Event: 414.452 Thread 0x00007f86f5e4b800 Exception <a 'java/lang/InterruptedException'{0x000000078a0618c0}: sleep interrupted> (0x000000078a0618c0) 
thrown [/scratch/mesos/slaves/fcf4c0c4-d73e-4321-860c-6613427db92b-S2452/frameworks/1735e8a2-a1db-478c-8104-60c8b0af87dd-0196/executors/ab12d1f8-defd-4a26-b83a-82b67c14bc8d/runs/ad8904cf-d9a8-428f-8f86-4d88be7b86bd/workspace/open/src/hotspot/share/prims/jvm.cpp, line 2992]
Event: 414.460 Thread 0x00007f86f4c57800 Exception <a 'java/lang/reflect/InvocationTargetException'{0x000000078a0fdab0}> (0x000000078a0fdab0) 
thrown [/scratch/mesos/slaves/fcf4c0c4-d73e-4321-860c-6613427db92b-S2452/frameworks/1735e8a2-a1db-478c-8104-60c8b0af87dd-0196/executors/ab12d1f8-defd-4a26-b83a-82b67c14bc8d/runs/ad8904cf-d9a8-428f-8f86-4d88be7b86bd/workspace/open/src/hotspot/share/runtime/reflection.cpp, line 1188]

Events (20 events):
Event: 414.460 Protecting memory [0x0000700006ed9000,0x0000700006edd000] with protection modes 3
Event: 414.460 Thread 0x00007f86f4c57800 Thread exited: 0x00007f86f4c57800
Event: 414.472 Thread 0x00007f86f4014800 flushing nmethod 0x000000011881a110
Event: 414.472 Thread 0x00007f86f4014800 flushing nmethod 0x0000000118828590
Event: 414.518 Thread 0x00007f86f9bfa800 Thread added: 0x00007f86f9bfa800
Event: 414.518 Protecting memory [0x0000700006ed9000,0x0000700006edd000] with protection modes 0
Event: 419.462 Protecting memory [0x0000700006fdc000,0x0000700006fe0000] with protection modes 3
Event: 419.462 Thread 0x00007f86f7f75000 Thread exited: 0x00007f86f7f75000
Event: 440.122 Executing VM operation: G1CollectForAllocation
Event: 440.133 Executing VM operation: G1CollectForAllocation done
Event: 440.253 Executing VM operation: G1Concurrent
Event: 440.269 Executing VM operation: G1Concurrent done
Event: 440.359 Executing VM operation: G1Concurrent
Event: 440.360 Executing VM operation: G1Concurrent done
Event: 469.761 Executing VM operation: G1CollectForAllocation
Event: 469.763 Executing VM operation: G1CollectForAllocation done
Event: 499.897 Executing VM operation: G1CollectForAllocation
Event: 499.899 Executing VM operation: G1CollectForAllocation done
Event: 500.152 Executing VM operation: G1Concurrent
Event: 500.177 Executing VM operation: G1Concurrent done


Dynamic libraries:
0x00007fff670d4000 	/usr/lib/libz.1.dylib
0x000000010aa31000 	/Library/Java/JavaVirtualMachines/jdk-13.0.1.jdk/Contents/Home/lib/libjli.dylib
0x00007fff2f7b1000 	/System/Library/Frameworks/Cocoa.framework/Versions/A/Cocoa
0x00007fff3cdb3000 	/System/Library/Frameworks/Security.framework/Versions/A/Security
0x00007fff2e73b000 	/System/Library/Frameworks/ApplicationServices.framework/Versions/A/ApplicationServices
0x00007fff64b16000 	/usr/lib/libSystem.B.dylib
0x00007fff67b4a000 	/usr/lib/system/libcache.dylib
0x00007fff67b50000 	/usr/lib/system/libcommonCrypto.dylib
0x00007fff67b5c000 	/usr/lib/system/libcompiler_rt.dylib
0x00007fff67b64000 	/usr/lib/system/libcopyfile.dylib
0x00007fff67b6e000 	/usr/lib/system/libcorecrypto.dylib
0x00007fff67d1c000 	/usr/lib/system/libdispatch.dylib
0x00007fff67d5e000 	/usr/lib/system/libdyld.dylib
0x00007fff67d94000 	/usr/lib/system/libkeymgr.dylib
0x00007fff67da2000 	/usr/lib/system/liblaunch.dylib
0x00007fff67da3000 	/usr/lib/system/libmacho.dylib
0x00007fff67da9000 	/usr/lib/system/libquarantine.dylib
0x00007fff67dac000 	/usr/lib/system/libremovefile.dylib
0x00007fff67dae000 	/usr/lib/system/libsystem_asl.dylib
0x00007fff67dc6000 	/usr/lib/system/libsystem_blocks.dylib
0x00007fff67dc7000 	/usr/lib/system/libsystem_c.dylib
0x00007fff67e4f000 	/usr/lib/system/libsystem_configuration.dylib
0x00007fff67e53000 	/usr/lib/system/libsystem_coreservices.dylib
0x00007fff67e57000 	/usr/lib/system/libsystem_darwin.dylib
0x00007fff67e60000 	/usr/lib/system/libsystem_dnssd.dylib
0x00007fff67e68000 	/usr/lib/system/libsystem_featureflags.dylib
0x00007fff67e6a000 	/usr/lib/system/libsystem_info.dylib
0x00007fff67ee5000 	/usr/lib/system/libsystem_m.dylib
0x00007fff67f32000 	/usr/lib/system/libsystem_malloc.dylib
0x00007fff67f5a000 	/usr/lib/system/libsystem_networkextension.dylib
0x00007fff67f68000 	/usr/lib/system/libsystem_notify.dylib
0x00007fff67f87000 	/usr/lib/system/libsystem_sandbox.dylib
0x00007fff67f8c000 	/usr/lib/system/libsystem_secinit.dylib
0x00007fff67eb8000 	/usr/lib/system/libsystem_kernel.dylib
0x00007fff67f72000 	/usr/lib/system/libsystem_platform.dylib
0x00007fff67f7c000 	/usr/lib/system/libsystem_pthread.dylib
0x00007fff67f8f000 	/usr/lib/system/libsystem_symptoms.dylib
0x00007fff67f97000 	/usr/lib/system/libsystem_trace.dylib
0x00007fff67faf000 	/usr/lib/system/libunwind.dylib
0x00007fff67fb5000 	/usr/lib/system/libxpc.dylib
0x00007fff66a03000 	/usr/lib/libobjc.A.dylib
0x00007fff64ee7000 	/usr/lib/libc++abi.dylib
0x00007fff64e93000 	/usr/lib/libc++.1.dylib
0x00007fff30738000 	/System/Library/Frameworks/CoreFoundation.framework/Versions/A/CoreFoundation
0x00007fff32e21000 	/System/Library/Frameworks/Foundation.framework/Versions/C/Foundation
0x00007fff2d930000 	/System/Library/Frameworks/AppKit.framework/Versions/C/AppKit
0x00007fff30234000 	/System/Library/Frameworks/CoreData.framework/Versions/A/CoreData
0x00007fff613be000 	/System/Library/PrivateFrameworks/UIFoundation.framework/Versions/A/UIFoundation
0x00007fff5bb9a000 	/System/Library/PrivateFrameworks/RemoteViewServices.framework/Versions/A/RemoteViewServices
0x00007fff63e51000 	/System/Library/PrivateFrameworks/XCTTargetBootstrap.framework/Versions/A/XCTTargetBootstrap
0x00007fff30627000 	/System/Library/Frameworks/CoreDisplay.framework/Versions/A/CoreDisplay
0x00007fff35b99000 	/System/Library/Frameworks/Metal.framework/Versions/A/Metal
0x00007fff49fb6000 	/System/Library/PrivateFrameworks/DesktopServicesPriv.framework/Versions/A/DesktopServicesPriv
0x00007fff65ce4000 	/usr/lib/liblangid.dylib
0x00007fff49102000 	/System/Library/PrivateFrameworks/CoreSVG.framework/Versions/A/CoreSVG
0x00007fff5e961000 	/System/Library/PrivateFrameworks/SkyLight.framework/Versions/A/SkyLight
0x00007fff30bba000 	/System/Library/Frameworks/CoreGraphics.framework/Versions/A/CoreGraphics
0x00007fff2c3c5000 	/System/Library/Frameworks/Accelerate.framework/Versions/A/Accelerate
0x00007fff66fc5000 	/usr/lib/libxml2.2.dylib
0x00007fff54cc4000 	/System/Library/PrivateFrameworks/IconServices.framework/Versions/A/IconServices
0x00007fff33606000 	/System/Library/Frameworks/IOSurface.framework/Versions/A/IOSurface
0x00007fff6464e000 	/usr/lib/libDiagnosticMessagesClient.dylib
0x00007fff49e2f000 	/System/Library/PrivateFrameworks/DFRFoundation.framework/Versions/A/DFRFoundation
0x00007fff65a72000 	/usr/lib/libicucore.A.dylib
0x00007fff2ea6d000 	/System/Library/Frameworks/AudioToolbox.framework/Versions/A/AudioToolbox
0x00007fff2eb4f000 	/System/Library/Frameworks/AudioUnit.framework/Versions/A/AudioUnit
0x00007fff64dae000 	/usr/lib/libauto.dylib
0x00007fff49eb0000 	/System/Library/PrivateFrameworks/DataDetectorsCore.framework/Versions/A/DataDetectorsCore
0x00007fff2f2d1000 	/System/Library/Frameworks/Carbon.framework/Versions/A/Frameworks/HIToolbox.framework/Versions/A/HIToolbox
0x00007fff3bfe4000 	/System/Library/Frameworks/QuartzCore.framework/Versions/A/QuartzCore
0x00007fff2f610000 	/System/Library/Frameworks/Carbon.framework/Versions/A/Frameworks/SpeechRecognition.framework/Versions/A/SpeechRecognition
0x00007fff497b5000 	/System/Library/PrivateFrameworks/CoreUI.framework/Versions/A/CoreUI
0x00007fff2fc9a000 	/System/Library/Frameworks/CoreAudio.framework/Versions/A/CoreAudio
0x00007fff32ae9000 	/System/Library/Frameworks/DiskArbitration.framework/Versions/A/DiskArbitration
0x00007fff56cd9000 	/System/Library/PrivateFrameworks/MultitouchSupport.framework/Versions/A/MultitouchSupport
0x00007fff65938000 	/usr/lib/libenergytrace.dylib
0x00007fff33561000 	/System/Library/Frameworks/IOKit.framework/Versions/A/IOKit
0x00007fff31b4c000 	/System/Library/Frameworks/CoreServices.framework/Versions/A/CoreServices
0x00007fff58de6000 	/System/Library/PrivateFrameworks/PerformanceAnalysis.framework/Versions/A/PerformanceAnalysis
0x00007fff3b01a000 	/System/Library/Frameworks/OpenGL.framework/Versions/A/OpenGL
0x00007fff2f7bf000 	/System/Library/Frameworks/ColorSync.framework/Versions/A/ColorSync
0x00007fff31265000 	/System/Library/Frameworks/CoreImage.framework/Versions/A/CoreImage
0x00007fff325c2000 	/System/Library/Frameworks/CoreText.framework/Versions/A/CoreText
0x00007fff3368c000 	/System/Library/Frameworks/ImageIO.framework/Versions/A/ImageIO
0x00007fff64f0f000 	/usr/lib/libcompression.dylib
0x00007fff64990000 	/usr/lib/libMobileGestalt.dylib
0x00007fff604a0000 	/System/Library/PrivateFrameworks/TextureIO.framework/Versions/A/TextureIO
0x00007fff64c7d000 	/usr/lib/libate.dylib
0x00007fff54ecd000 	/System/Library/PrivateFrameworks/InternationalSupport.framework/Versions/A/InternationalSupport
0x00007fff65ce6000 	/usr/lib/liblzma.5.dylib
0x00007fff65960000 	/usr/lib/libfakelink.dylib
0x00007fff64c0a000 	/usr/lib/libarchive.2.dylib
0x00007fff3df55000 	/System/Library/Frameworks/SystemConfiguration.framework/Versions/A/SystemConfiguration
0x00007fff6457f000 	/usr/lib/libCRFSuite.dylib
0x00007fff2eec5000 	/System/Library/Frameworks/CFNetwork.framework/Versions/A/CFNetwork
0x00007fff64e75000 	/usr/lib/libbsm.0.dylib
0x00007fff67d95000 	/usr/lib/system/libkxld.dylib
0x00007fff438e6000 	/System/Library/PrivateFrameworks/AppleFSCompression.framework/Versions/A/AppleFSCompression
0x00007fff651f7000 	/usr/lib/libcoretls.dylib
0x00007fff6520e000 	/usr/lib/libcoretls_cfhelpers.dylib
0x00007fff66a48000 	/usr/lib/libpam.2.dylib
0x00007fff66b7b000 	/usr/lib/libsqlite3.dylib
0x00007fff66fb2000 	/usr/lib/libxar.1.dylib
0x00007fff64e86000 	/usr/lib/libbz2.1.0.dylib
0x00007fff65981000 	/usr/lib/libiconv.2.dylib
0x00007fff64efc000 	/usr/lib/libcharset.1.dylib
0x00007fff664ee000 	/usr/lib/libnetwork.dylib
0x00007fff66a4f000 	/usr/lib/libpcap.A.dylib
0x00007fff64bbf000 	/usr/lib/libapple_nghttp2.dylib
0x00007fff31f03000 	/System/Library/Frameworks/CoreServices.framework/Versions/A/Frameworks/FSEvents.framework/Versions/A/FSEvents
0x00007fff31bd3000 	/System/Library/Frameworks/CoreServices.framework/Versions/A/Frameworks/CarbonCore.framework/Versions/A/CarbonCore
0x00007fff32146000 	/System/Library/Frameworks/CoreServices.framework/Versions/A/Frameworks/Metadata.framework/Versions/A/Metadata
0x00007fff321df000 	/System/Library/Frameworks/CoreServices.framework/Versions/A/Frameworks/OSServices.framework/Versions/A/OSServices
0x00007fff3220d000 	/System/Library/Frameworks/CoreServices.framework/Versions/A/Frameworks/SearchKit.framework/Versions/A/SearchKit
0x00007fff31b4d000 	/System/Library/Frameworks/CoreServices.framework/Versions/A/Frameworks/AE.framework/Versions/A/AE
0x00007fff31f0c000 	/System/Library/Frameworks/CoreServices.framework/Versions/A/Frameworks/LaunchServices.framework/Versions/A/LaunchServices
0x00007fff31eb5000 	/System/Library/Frameworks/CoreServices.framework/Versions/A/Frameworks/DictionaryServices.framework/Versions/A/DictionaryServices
0x00007fff32275000 	/System/Library/Frameworks/CoreServices.framework/Versions/A/Frameworks/SharedFileList.framework/Versions/A/SharedFileList
0x00007fff36e6e000 	/System/Library/Frameworks/NetFS.framework/Versions/A/NetFS
0x00007fff57209000 	/System/Library/PrivateFrameworks/NetAuth.framework/Versions/A/NetAuth
0x00007fff6421c000 	/System/Library/PrivateFrameworks/login.framework/Versions/A/Frameworks/loginsupport.framework/Versions/A/loginsupport
0x00007fff5ff9b000 	/System/Library/PrivateFrameworks/TCC.framework/Versions/A/TCC
0x00007fff484d1000 	/System/Library/PrivateFrameworks/CoreNLP.framework/Versions/A/CoreNLP
0x00007fff56709000 	/System/Library/PrivateFrameworks/MetadataUtilities.framework/Versions/A/MetadataUtilities
0x00007fff65dbe000 	/usr/lib/libmecabra.dylib
0x00007fff65d16000 	/usr/lib/libmecab.dylib
0x00007fff65971000 	/usr/lib/libgermantok.dylib
0x00007fff64ba6000 	/usr/lib/libThaiTokenizer.dylib
0x00007fff645b7000 	/usr/lib/libChineseTokenizer.dylib
0x00007fff2c3dd000 	/System/Library/Frameworks/Accelerate.framework/Versions/A/Frameworks/vImage.framework/Versions/A/vImage
0x00007fff2d78a000 	/System/Library/Frameworks/Accelerate.framework/Versions/A/Frameworks/vecLib.framework/Versions/A/vecLib
0x00007fff2d60f000 	/System/Library/Frameworks/Accelerate.framework/Versions/A/Frameworks/vecLib.framework/Versions/A/libvMisc.dylib
0x00007fff2d47c000 	/System/Library/Frameworks/Accelerate.framework/Versions/A/Frameworks/vecLib.framework/Versions/A/libvDSP.dylib
0x00007fff2cc85000 	/System/Library/Frameworks/Accelerate.framework/Versions/A/Frameworks/vecLib.framework/Versions/A/libBLAS.dylib
0x00007fff2d027000 	/System/Library/Frameworks/Accelerate.framework/Versions/A/Frameworks/vecLib.framework/Versions/A/libLAPACK.dylib
0x00007fff2d3dc000 	/System/Library/Frameworks/Accelerate.framework/Versions/A/Frameworks/vecLib.framework/Versions/A/libLinearAlgebra.dylib
0x00007fff2d469000 	/System/Library/Frameworks/Accelerate.framework/Versions/A/Frameworks/vecLib.framework/Versions/A/libSparseBLAS.dylib
0x00007fff2d3f2000 	/System/Library/Frameworks/Accelerate.framework/Versions/A/Frameworks/vecLib.framework/Versions/A/libQuadrature.dylib
0x00007fff2ce1f000 	/System/Library/Frameworks/Accelerate.framework/Versions/A/Frameworks/vecLib.framework/Versions/A/libBNNS.dylib
0x00007fff2d3f8000 	/System/Library/Frameworks/Accelerate.framework/Versions/A/Frameworks/vecLib.framework/Versions/A/libSparse.dylib
0x00007fff5528c000 	/System/Library/PrivateFrameworks/LanguageModeling.framework/Versions/A/LanguageModeling
0x00007fff47e6d000 	/System/Library/PrivateFrameworks/CoreEmoji.framework/Versions/A/CoreEmoji
0x00007fff553aa000 	/System/Library/PrivateFrameworks/LinguisticData.framework/Versions/A/LinguisticData
0x00007fff5535b000 	/System/Library/PrivateFrameworks/Lexicon.framework/Versions/A/Lexicon
0x00007fff64efd000 	/usr/lib/libcmph.dylib
0x00007fff39a40000 	/System/Library/Frameworks/OpenDirectory.framework/Versions/A/Frameworks/CFOpenDirectory.framework/Versions/A/CFOpenDirectory
0x00007fff39a5d000 	/System/Library/Frameworks/OpenDirectory.framework/Versions/A/OpenDirectory
0x00007fff41d2a000 	/System/Library/PrivateFrameworks/APFS.framework/Versions/A/APFS
0x00007fff3d106000 	/System/Library/Frameworks/SecurityFoundation.framework/Versions/A/SecurityFoundation
0x00007fff66fae000 	/usr/lib/libutil.dylib
0x00007fff4915a000 	/System/Library/PrivateFrameworks/CoreServicesStore.framework/Versions/A/CoreServicesStore
0x00007fff3d1be000 	/System/Library/Frameworks/ServiceManagement.framework/Versions/A/ServiceManagement
0x00007fff4509d000 	/System/Library/PrivateFrameworks/BackgroundTaskManagement.framework/Versions/A/BackgroundTaskManagement
0x00007fff670ab000 	/usr/lib/libxslt.1.dylib
0x00007fff43f4b000 	/System/Library/PrivateFrameworks/AppleSystemInfo.framework/Versions/A/AppleSystemInfo
0x00007fff338aa000 	/System/Library/Frameworks/ImageIO.framework/Versions/A/Resources/libJPEG.dylib
0x00007fff33b69000 	/System/Library/Frameworks/ImageIO.framework/Versions/A/Resources/libTIFF.dylib
0x00007fff33b4c000 	/System/Library/Frameworks/ImageIO.framework/Versions/A/Resources/libPng.dylib
0x00007fff337ec000 	/System/Library/Frameworks/ImageIO.framework/Versions/A/Resources/libGIF.dylib
0x00007fff337f0000 	/System/Library/Frameworks/ImageIO.framework/Versions/A/Resources/libJP2.dylib
0x00007fff33b67000 	/System/Library/Frameworks/ImageIO.framework/Versions/A/Resources/libRadiance.dylib
0x00007fff65939000 	/usr/lib/libexpat.1.dylib
0x00007fff43a41000 	/System/Library/PrivateFrameworks/AppleJPEG.framework/Versions/A/AppleJPEG
0x00007fff4c3be000 	/System/Library/PrivateFrameworks/FontServices.framework/libFontParser.dylib
0x00007fff63273000 	/System/Library/PrivateFrameworks/WatchdogClient.framework/Versions/A/WatchdogClient
0x00007fff54919000 	/System/Library/PrivateFrameworks/IOAccelerator.framework/Versions/A/IOAccelerator
0x00007fff35f27000 	/System/Library/Frameworks/MetalPerformanceShaders.framework/Versions/A/MetalPerformanceShaders
0x00007fff5110c000 	/System/Library/PrivateFrameworks/GPUWrangler.framework/Versions/A/GPUWrangler
0x00007fff54924000 	/System/Library/PrivateFrameworks/IOPresentment.framework/Versions/A/IOPresentment
0x00007fff49e42000 	/System/Library/PrivateFrameworks/DSExternalDisplay.framework/Versions/A/DSExternalDisplay
0x00007fff3a3c6000 	/System/Library/Frameworks/OpenGL.framework/Versions/A/Libraries/libCoreFSCache.dylib
0x00007fff35c79000 	/System/Library/Frameworks/MetalPerformanceShaders.framework/Frameworks/MPSCore.framework/Versions/A/MPSCore
0x00007fff35cb6000 	/System/Library/Frameworks/MetalPerformanceShaders.framework/Frameworks/MPSImage.framework/Versions/A/MPSImage
0x00007fff35d78000 	/System/Library/Frameworks/MetalPerformanceShaders.framework/Frameworks/MPSNeuralNetwork.framework/Versions/A/MPSNeuralNetwork
0x00007fff35d3d000 	/System/Library/Frameworks/MetalPerformanceShaders.framework/Frameworks/MPSMatrix.framework/Versions/A/MPSMatrix
0x00007fff35ed8000 	/System/Library/Frameworks/MetalPerformanceShaders.framework/Frameworks/MPSRayIntersector.framework/Versions/A/MPSRayIntersector
0x00007fff35d62000 	/System/Library/Frameworks/MetalPerformanceShaders.framework/Frameworks/MPSNDArray.framework/Versions/A/MPSNDArray
0x00007fff56756000 	/System/Library/PrivateFrameworks/MetalTools.framework/Versions/A/MetalTools
0x00007fff42eef000 	/System/Library/PrivateFrameworks/AggregateDictionary.framework/Versions/A/AggregateDictionary
0x00007fff478f7000 	/System/Library/PrivateFrameworks/CoreAnalytics.framework/Versions/A/CoreAnalytics
0x00007fff43e69000 	/System/Library/PrivateFrameworks/AppleSauce.framework/Versions/A/AppleSauce
0x00007fff64873000 	/usr/lib/libIOReport.dylib
0x00007fff32777000 	/System/Library/Frameworks/CoreVideo.framework/Versions/A/CoreVideo
0x00007fff5257a000 	/System/Library/PrivateFrameworks/GraphVisualizer.framework/Versions/A/GraphVisualizer
0x00007fff4b93f000 	/System/Library/PrivateFrameworks/FaceCore.framework/Versions/A/FaceCore
0x00007fff399e7000 	/System/Library/Frameworks/OpenCL.framework/Versions/A/OpenCL
0x00007fff64695000 	/usr/lib/libFosl_dynamic.dylib
0x00007fff57c04000 	/System/Library/PrivateFrameworks/OTSVG.framework/Versions/A/OTSVG
0x00007fff2e840000 	/System/Library/Frameworks/ApplicationServices.framework/Versions/A/Frameworks/ATS.framework/Versions/A/Resources/libFontRegistry.dylib
0x00007fff4c58f000 	/System/Library/PrivateFrameworks/FontServices.framework/libhvf.dylib
0x00007fff3a3d1000 	/System/Library/Frameworks/OpenGL.framework/Versions/A/Libraries/libGFXShared.dylib
0x00007fff3a5ae000 	/System/Library/Frameworks/OpenGL.framework/Versions/A/Libraries/libGLU.dylib
0x00007fff3a3da000 	/System/Library/Frameworks/OpenGL.framework/Versions/A/Libraries/libGL.dylib
0x00007fff3a3e5000 	/System/Library/Frameworks/OpenGL.framework/Versions/A/Libraries/libGLImage.dylib
0x00007fff3a3c3000 	/System/Library/Frameworks/OpenGL.framework/Versions/A/Libraries/libCVMSPluginSupport.dylib
0x00007fff3a3cc000 	/System/Library/Frameworks/OpenGL.framework/Versions/A/Libraries/libCoreVMClient.dylib
0x00007fff66390000 	/usr/lib/libncurses.5.4.dylib
0x00007fff2e73c000 	/System/Library/Frameworks/ApplicationServices.framework/Versions/A/Frameworks/ATS.framework/Versions/A/ATS
0x00007fff2e909000 	/System/Library/Frameworks/ApplicationServices.framework/Versions/A/Frameworks/ColorSyncLegacy.framework/Versions/A/ColorSyncLegacy
0x00007fff2e9a8000 	/System/Library/Frameworks/ApplicationServices.framework/Versions/A/Frameworks/HIServices.framework/Versions/A/HIServices
0x00007fff2e9ff000 	/System/Library/Frameworks/ApplicationServices.framework/Versions/A/Frameworks/LangAnalysis.framework/Versions/A/LangAnalysis
0x00007fff2ea0e000 	/System/Library/Frameworks/ApplicationServices.framework/Versions/A/Frameworks/PrintCore.framework/Versions/A/PrintCore
0x00007fff2ea54000 	/System/Library/Frameworks/ApplicationServices.framework/Versions/A/Frameworks/QD.framework/Versions/A/QD
0x00007fff2ea5f000 	/System/Library/Frameworks/ApplicationServices.framework/Versions/A/Frameworks/SpeechSynthesis.framework/Versions/A/SpeechSynthesis
0x00007fff2e8d9000 	/System/Library/Frameworks/ApplicationServices.framework/Versions/A/Frameworks/ATSUI.framework/Versions/A/ATSUI
0x00007fff657cd000 	/usr/lib/libcups.2.dylib
0x00007fff34fd6000 	/System/Library/Frameworks/Kerberos.framework/Versions/A/Kerberos
0x00007fff33256000 	/System/Library/Frameworks/GSS.framework/Versions/A/GSS
0x00007fff66b07000 	/usr/lib/libresolv.9.dylib
0x00007fff5271b000 	/System/Library/PrivateFrameworks/Heimdal.framework/Versions/A/Heimdal
0x00007fff34fe9000 	/System/Library/Frameworks/Kerberos.framework/Versions/A/Libraries/libHeimdalProxy.dylib
0x00007fff65977000 	/usr/lib/libheimdal-asn1.dylib
0x00007fff46d9d000 	/System/Library/PrivateFrameworks/CommonAuth.framework/Versions/A/CommonAuth
0x00007fff43fe8000 	/System/Library/PrivateFrameworks/AssertionServices.framework/Versions/A/AssertionServices
0x00007fff44b8b000 	/System/Library/PrivateFrameworks/AudioToolboxCore.framework/Versions/A/AudioToolboxCore
0x00007fff63ecd000 	/System/Library/PrivateFrameworks/caulk.framework/Versions/A/caulk
0x00007fff45149000 	/System/Library/PrivateFrameworks/BaseBoard.framework/Versions/A/BaseBoard
0x00007fff5bd29000 	/System/Library/PrivateFrameworks/RunningBoardServices.framework/Versions/A/RunningBoardServices
0x00007fff58df2000 	/System/Library/PrivateFrameworks/PersistentConnection.framework/Versions/A/PersistentConnection
0x00007fff5b778000 	/System/Library/PrivateFrameworks/ProtocolBuffer.framework/Versions/A/ProtocolBuffer
0x00007fff46dc2000 	/System/Library/PrivateFrameworks/CommonUtilities.framework/Versions/A/CommonUtilities
0x00007fff452cc000 	/System/Library/PrivateFrameworks/Bom.framework/Versions/A/Bom
0x00007fff64542000 	/usr/lib/libAudioToolboxUtility.dylib
0x00007fff450a7000 	/System/Library/PrivateFrameworks/Backup.framework/Versions/A/Backup
0x00007fff49bb2000 	/System/Library/PrivateFrameworks/CrashReporterSupport.framework/Versions/A/CrashReporterSupport
0x00007fff5d825000 	/System/Library/PrivateFrameworks/Sharing.framework/Versions/A/Sharing
0x00007fff4378c000 	/System/Library/PrivateFrameworks/Apple80211.framework/Versions/A/Apple80211
0x00007fff44dc9000 	/System/Library/PrivateFrameworks/AuthKit.framework/Versions/A/AuthKit
0x00007fff498e2000 	/System/Library/PrivateFrameworks/CoreUtils.framework/Versions/A/CoreUtils
0x00007fff327bc000 	/System/Library/Frameworks/CoreWLAN.framework/Versions/A/CoreWLAN
0x00007fff333e2000 	/System/Library/Frameworks/IOBluetooth.framework/Versions/A/IOBluetooth
0x00007fff56a54000 	/System/Library/PrivateFrameworks/MobileKeyBag.framework/Versions/A/MobileKeyBag
0x00007fff489ad000 	/System/Library/PrivateFrameworks/CorePhoneNumbers.framework/Versions/A/CorePhoneNumbers
0x00007fff439f4000 	/System/Library/PrivateFrameworks/AppleIDAuthSupport.framework/Versions/A/AppleIDAuthSupport
0x00007fff36e7b000 	/System/Library/Frameworks/Network.framework/Versions/A/Network
0x00007fff55114000 	/System/Library/PrivateFrameworks/KeychainCircle.framework/Versions/A/KeychainCircle
0x00007fff301fc000 	/System/Library/Frameworks/CoreBluetooth.framework/Versions/A/CoreBluetooth
0x00007fff5f4a1000 	/System/Library/PrivateFrameworks/SpeechRecognitionCore.framework/Versions/A/SpeechRecognitionCore
0x000000010b400000 	/Library/Java/JavaVirtualMachines/jdk-13.0.1.jdk/Contents/Home/lib/server/libjvm.dylib
0x000000010aa4d000 	/Library/Java/JavaVirtualMachines/jdk-13.0.1.jdk/Contents/Home/lib/libverify.dylib
0x000000010aa59000 	/Library/Java/JavaVirtualMachines/jdk-13.0.1.jdk/Contents/Home/lib/libjava.dylib
0x000000010aadd000 	/Library/Java/JavaVirtualMachines/jdk-13.0.1.jdk/Contents/Home/lib/libzip.dylib
0x000000010aae4000 	/Library/Java/JavaVirtualMachines/jdk-13.0.1.jdk/Contents/Home/lib/libjimage.dylib
0x0000000116557000 	/Library/Java/JavaVirtualMachines/jdk-13.0.1.jdk/Contents/Home/lib/libnio.dylib
0x0000000116565000 	/Library/Java/JavaVirtualMachines/jdk-13.0.1.jdk/Contents/Home/lib/libnet.dylib
0x000000011661b000 	/Library/Java/JavaVirtualMachines/jdk-13.0.1.jdk/Contents/Home/lib/libmanagement.dylib
0x000000011669a000 	/Library/Java/JavaVirtualMachines/jdk-13.0.1.jdk/Contents/Home/lib/libmanagement_ext.dylib
0x000000010abfd000 	/Library/Java/JavaVirtualMachines/jdk-13.0.1.jdk/Contents/Home/lib/libextnet.dylib
0x00000001167c3000 	/Library/Java/JavaVirtualMachines/jdk-13.0.1.jdk/Contents/Home/lib/libsunec.dylib


VM Arguments:
jvm_args: -Dfile.encoding=UTF-8 
java_command: com.springproject.FleetApp.FleetAppApplication
java_class_path (initial): /Users/apple/Documents/FleetApp/target/classes:/Users/apple/.m2/repository/org/springframework/boot/spring-boot-starter-actuator/2.3.1.RELEASE/spring-boot-starter-actuator-2.3.1.RELEASE.jar:/Users/apple/.m2/repository/org/springframework/boot/spring-boot-starter/2.3.1.RELEASE/spring-boot-starter-2.3.1.RELEASE.jar:/Users/apple/.m2/repository/org/springframework/boot/spring-boot-starter-logging/2.3.1.RELEASE/spring-boot-starter-logging-2.3.1.RELEASE.jar:/Users/apple/.m2/repository/ch/qos/logback/logback-classic/1.2.3/logback-classic-1.2.3.jar:/Users/apple/.m2/repository/ch/qos/logback/logback-core/1.2.3/logback-core-1.2.3.jar:/Users/apple/.m2/repository/org/apache/logging/log4j/log4j-to-slf4j/2.13.3/log4j-to-slf4j-2.13.3.jar:/Users/apple/.m2/repository/org/apache/logging/log4j/log4j-api/2.13.3/log4j-api-2.13.3.jar:/Users/apple/.m2/repository/org/slf4j/jul-to-slf4j/1.7.30/jul-to-slf4j-1.7.30.jar:/Users/apple/.m2/repository/jakarta/annotation/jakarta.annotation-api/1.3.5/jakarta.annotation-api-1.3.5.jar:/Users/apple/.m2/repository/org/yaml/snakeyaml/1.26/snakeyaml-1.26.jar:/Users/apple/.m2/repository/org/springframework/boot/spring-boot-actuator-autoconfigure/2.3.1.RELEASE/spring-boot-actuator-autoconfigure-2.3.1.RELEASE.jar:/Users/apple/.m2/repository/org/springframework/boot/spring-boot-actuator/2.3.1.RELEASE/spring-boot-actuator-2.3.1.RELEASE.jar:/Users/apple/.m2/repository/com/fasterxml/jackson/core/jackson-databind/2.11.0/jackson-databind-2.11.0.jar:/Users/apple/.m2/repository/com/fasterxml/jackson/core/jackson-core/2.11.0/jackson-core-2.11.0.jar:/Users/apple/.m2/repository/com/fasterxml/jackson/datatype/jackson-datatype-jsr310/2.11.0/jackson-datatype-jsr310-2.11.0.jar:/Users/apple/.m2/repository/io/micrometer/micrometer-core/1.5.1/micrometer-core-1.5.1.jar:/Users/apple/.m2/repository/org/hdrhistogram/HdrHistogram/2.1.12/HdrHistogram-2.1.12.jar:/Users/apple/.m2/repository/org/latencyutils/LatencyUtils/2.0.3/LatencyUtils-2.0.3.jar:/Users
Launcher Type: SUN_STANDARD

[Global flags]
     intx CICompilerCount                          = 3                                         {product} {ergonomic}
     uint ConcGCThreads                            = 1                                         {product} {ergonomic}
     uint G1ConcRefinementThreads                  = 4                                         {product} {ergonomic}
   size_t G1HeapRegionSize                         = 1048576                                   {product} {ergonomic}
    uintx GCDrainStackTargetSize                   = 64                                        {product} {ergonomic}
   size_t InitialHeapSize                          = 134217728                                 {product} {ergonomic}
   size_t MarkStackSize                            = 4194304                                   {product} {ergonomic}
   size_t MaxHeapSize                              = 2147483648                                {product} {ergonomic}
   size_t MaxNewSize                               = 1287651328                                {product} {ergonomic}
   size_t MinHeapDeltaBytes                        = 1048576                                   {product} {ergonomic}
   size_t MinHeapSize                              = 8388608                                   {product} {ergonomic}
    uintx NonNMethodCodeHeapSize                   = 5830732                                {pd product} {ergonomic}
    uintx NonProfiledCodeHeapSize                  = 122913754                              {pd product} {ergonomic}
    uintx ProfiledCodeHeapSize                     = 122913754                              {pd product} {ergonomic}
    uintx ReservedCodeCacheSize                    = 251658240                              {pd product} {ergonomic}
     bool SegmentedCodeCache                       = true                                      {product} {ergonomic}
   size_t SoftMaxHeapSize                          = 2147483648                             {manageable} {ergonomic}
     bool UseCompressedClassPointers               = true                                 {lp64_product} {ergonomic}
     bool UseCompressedOops                        = true                                 {lp64_product} {ergonomic}
     bool UseG1GC                                  = true                                      {product} {ergonomic}

Logging:
Log output configuration:
 #0: stdout all=warning uptime,level,tags
 #1: stderr all=off uptime,level,tags

Environment Variables:
PATH=/usr/bin:/bin:/usr/sbin:/sbin
SHELL=/bin/zsh

Signal Handlers:
SIGSEGV: [libjvm.dylib+0x781570], sa_mask[0]=11111111011111110111111111111111, sa_flags=SA_ONSTACK|SA_RESTART|SA_SIGINFO
SIGBUS: [libjvm.dylib+0x781570], sa_mask[0]=11111111011111110111111111111111, sa_flags=SA_RESTART|SA_SIGINFO
SIGFPE: [libjvm.dylib+0x781570], sa_mask[0]=11111111011111110111111111111111, sa_flags=SA_RESTART|SA_SIGINFO
SIGPIPE: [libjvm.dylib+0x627f75], sa_mask[0]=11111111011111110111111111111111, sa_flags=SA_RESTART|SA_SIGINFO
SIGXFSZ: [libjvm.dylib+0x627f75], sa_mask[0]=11111111011111110111111111111111, sa_flags=SA_RESTART|SA_SIGINFO
SIGILL: [libjvm.dylib+0x781570], sa_mask[0]=11111111011111110111111111111111, sa_flags=SA_RESTART|SA_SIGINFO
SIGUSR2: [libjvm.dylib+0x62855f], sa_mask[0]=00100000000000000000000000000000, sa_flags=SA_RESTART|SA_SIGINFO
SIGHUP: [libjvm.dylib+0x62754d], sa_mask[0]=11111111011111110111111111111111, sa_flags=SA_RESTART|SA_SIGINFO
SIGINT: [libjvm.dylib+0x62754d], sa_mask[0]=11111111011111110111111111111111, sa_flags=SA_RESTART|SA_SIGINFO
SIGTERM: [libjvm.dylib+0x62754d], sa_mask[0]=11111111011111110111111111111111, sa_flags=SA_RESTART|SA_SIGINFO
SIGQUIT: [libjvm.dylib+0x62754d], sa_mask[0]=11111111011111110111111111111111, sa_flags=SA_RESTART|SA_SIGINFO


---------------  S Y S T E M  ---------------

OS:uname:Darwin 19.3.0 Darwin Kernel Version 19.3.0: Thu Jan  9 20:58:23 PST 2020; root:xnu-6153.81.5~1/RELEASE_X86_64 x86_64
rlimit: STACK 8192k, CORE 0k, NPROC 1392, NOFILE 10240, AS infinity, DATA infinity, FSIZE infinity
load average:2.64 3.32 3.18

CPU:total 4 (initial active 4) (2 cores per cpu, 2 threads per core) family 6 model 58 stepping 9, cmov, cx8, fxsr, mmx, sse, sse2, sse3, ssse3, sse4.1, sse4.2, popcnt, avx, aes, clmul, erms, ht, tsc, tscinvbit, tscinv

Memory: 4k page, physical 8388608k(524788k free), swap 1048576k(819456k free)

vm_info: Java HotSpot(TM) 64-Bit Server VM (13.0.1+9) for bsd-amd64 JRE (13.0.1+9), built on Oct  6 2019 11:43:59 by "mach5one" with clang 4.2.1 Compatible Apple LLVM 10.0.0 (clang-1000.11.45.5)

END.
