#
# A fatal error has been detected by the Java Runtime Environment:
#
#  SIGSEGV (0xb) at pc=0x00000001108859c7, pid=16676, tid=40967
#
# JRE version: Java(TM) SE Runtime Environment (13.0.1+9) (build 13.0.1+9)
# Java VM: Java HotSpot(TM) 64-Bit Server VM (13.0.1+9, mixed mode, sharing, tiered, compressed oops, g1 gc, bsd-amd64)
# Problematic frame:
# V  [libjvm.dylib+0x6859c7]  _ZN12PhaseChaitin5SplitEjP12ResourceArea+0xce7
#
# No core dump will be written. Core dumps have been disabled. To enable core dumping, try "ulimit -c unlimited" before starting Java again
#
# If you would like to submit a bug report, please visit:
#   http://bugreport.java.com/bugreport/crash.jsp
#

---------------  S U M M A R Y ------------

Command Line: -Dfile.encoding=UTF-8 com.springproject.FleetApp.FleetAppApplication

Host: MacBookPro9,2 x86_64 2500 MHz, 4 cores, 8G, Darwin 19.3.0
Time: Sat Jun  6 11:48:24 2020 IST elapsed time: 23 seconds (0d 0h 0m 23s)

---------------  T H R E A D  ---------------

Current thread (0x00007f9478806000):  JavaThread "C2 CompilerThread1" daemon [_thread_in_native, id=40967, stack(0x0000700003f03000,0x0000700004003000)]


Current CompileTask:
C2:  23378 5482   !   4       java.lang.reflect.Executable::declaredAnnotations (85 bytes)

Stack: [0x0000700003f03000,0x0000700004003000],  sp=0x0000700003fff3c0,  free space=1008k
Native frames: (J=compiled Java code, A=aot compiled Java code, j=interpreted, Vv=VM code, C=native code)
V  [libjvm.dylib+0x6859c7]  _ZN12PhaseChaitin5SplitEjP12ResourceArea+0xce7
V  [libjvm.dylib+0x1ba5e6]  _ZN12PhaseChaitin17Register_AllocateEv+0x5bc
V  [libjvm.dylib+0x21ccf4]  _ZN7Compile8Code_GenEv+0x20c
V  [libjvm.dylib+0x21af25]  _ZN7CompileC2EP5ciEnvP10C2CompilerP8ciMethodibbbP12DirectiveSet+0x8f7
V  [libjvm.dylib+0x1a6f38]  _ZN10C2Compiler14compile_methodEP5ciEnvP8ciMethodiP12DirectiveSet+0xb6
V  [libjvm.dylib+0x227837]  _ZN13CompileBroker25invoke_compiler_on_methodEP11CompileTask+0x5fd
V  [libjvm.dylib+0x2270a6]  _ZN13CompileBroker20compiler_thread_loopEv+0x1b4
V  [libjvm.dylib+0x72fe88]  _ZN10JavaThread17thread_main_innerEv+0x86
V  [libjvm.dylib+0x72fcc6]  _ZN10JavaThread3runEv+0x124
V  [libjvm.dylib+0x72dae5]  _ZN6Thread8call_runEv+0x71
V  [libjvm.dylib+0x62641d]  _ZL19thread_native_entryP6Thread+0x132
C  [libsystem_pthread.dylib+0x5e65]  _pthread_start+0x94
C  [libsystem_pthread.dylib+0x183b]  thread_start+0xf


siginfo: si_signo: 11 (SIGSEGV), si_code: 1 (SEGV_MAPERR), si_addr: 0x0000000150a81038

Register to memory mapping:

RAX=0x0000000150a80fb0 is an unknown value
RBX=0x00007f9477648000 points into unknown readable memory: b0 0f a8 50 01 00 00 00
RCX=0x0000000133f45010 points into unknown readable memory: 00 00 00 00 00 00 00 00
RDX=0x0000000000002ca3 is an unknown value
RSP=0x0000700003fff3c0 is pointing into the stack for thread: 0x00007f9478806000
RBP=0x0000700003fff7b0 is pointing into the stack for thread: 0x00007f9478806000
RSI=0x00007f9477dbeac0 points into unknown readable memory: b0 0f a8 10 01 00 00 00
RDI=0x00007f9477648000 points into unknown readable memory: b0 0f a8 50 01 00 00 00
R8 =0x0000000000000002 is an unknown value
R9 =0x00007f94781e1110 points into unknown readable memory: 18 4a b0 10 01 00 00 00
R10=0x0000700004001100 is pointing into the stack for thread: 0x00007f9478806000
R11=0x0000000000000001 is an unknown value
R12=0x0000000000000002 is an unknown value
R13=0x00007f9477648000 points into unknown readable memory: b0 0f a8 50 01 00 00 00
R14=0x0000700004001100 is pointing into the stack for thread: 0x00007f9478806000
R15=0x0000000000000001 is an unknown value


Registers:
RAX=0x0000000150a80fb0, RBX=0x00007f9477648000, RCX=0x0000000133f45010, RDX=0x0000000000002ca3
RSP=0x0000700003fff3c0, RBP=0x0000700003fff7b0, RSI=0x00007f9477dbeac0, RDI=0x00007f9477648000
R8 =0x0000000000000002, R9 =0x00007f94781e1110, R10=0x0000700004001100, R11=0x0000000000000001
R12=0x0000000000000002, R13=0x00007f9477648000, R14=0x0000700004001100, R15=0x0000000000000001
RIP=0x00000001108859c7, EFLAGS=0x0000000000010293, ERR=0x0000000000000004
  TRAPNO=0x000000000000000e

Top of Stack: (sp=0x0000700003fff3c0)
0x0000700003fff3c0:   0007ce000007d002 0007cc0000070000
0x0000700003fff3d0:   0000000000000000 0000000110935ba9
0x0000700003fff3e0:   00007f947a7e2400 0000000110935ba9
0x0000700003fff3f0:   0000000110a23f65 0000000000000000
0x0000700003fff400:   0000000000000000 0000000000000000
0x0000700003fff410:   0000000110a23f65 000000011057aa00
0x0000700003fff420:   0000700000000000 ffffffff3f3fffff
0x0000700003fff430:   ffffffffffffffff ffffffffffffffff
0x0000700003fff440:   ffffffffffffffff ffffffffffffffff
0x0000700003fff450:   ffffffffffffffff ffffffffffffffff
0x0000700003fff460:   ffffffffffffffff 00000003ffffffff
0x0000700003fff470:   0000000000000000 0000000000000000
0x0000700003fff480:   0000700003fff970 00007f9476c38b20
0x0000700003fff490:   00007f9476c38b30 00007f9476c38f08
0x0000700003fff4a0:   00000000000003d8 0000700004001208
0x0000700003fff4b0:   0000700003fff4c0 000000011057f599
0x0000700003fff4c0:   0000000110baf2f8 0000000000000024
0x0000700003fff4d0:   00000001353f5e30 0000000135fade50
0x0000700003fff4e0:   0000700003fff500 00000001103bcb2e
0x0000700003fff4f0:   0000700003fff570 000000011057aa85
0x0000700003fff500:   0000700003fff570 0000000110579edb
0x0000700003fff510:   0000700003fff640 0000700003fff768
0x0000700003fff520:   0000700003fff880 000000001057f599
0x0000700003fff530:   00000001109b35e2 0000000000001000
0x0000700003fff540:   0000700003fff880 0100000000000802
0x0000700003fff550:   0000700003fff5a0 000000011074de3f
0x0000700003fff560:   0000000135f99198 0000700003fff880
0x0000700003fff570:   0000000000001000 00007f947a73b4f8
0x0000700003fff580:   0000000003fff768 0000000000001000
0x0000700003fff590:   0000700003fff880 00007f947a73b4f8
0x0000700003fff5a0:   0000700003fff5e0 00000001102f438f
0x0000700003fff5b0:   000044e700000000 0000700003fff970 

Instructions: (pc=0x00000001108859c7)
0x00000001108858c7:   8b 55 c8 48 8b 45 90 41 3b 82 e0 00 00 00 0f 83
0x00000001108858d7:   5d 14 00 00 49 8b 42 70 48 8b 78 20 48 8b 5d b8
0x00000001108858e7:   44 0f b7 5b 2e 41 83 e3 01 66 45 85 db 0f 84 97
0x00000001108858f7:   00 00 00 48 8b 43 08 45 89 df 4a 8b 34 f8 48 63
0x0000000110885907:   46 28 49 8b 8a 20 01 00 00 48 8b 55 90 3b 14 81
0x0000000110885917:   75 78 48 89 df 4d 89 c6 e8 cc 81 fd ff 4c 89 f6
0x0000000110885927:   48 8b 43 08 4a 8b 0c f8 48 85 c9 74 2e 48 8b 51
0x0000000110885937:   10 48 85 d2 74 25 44 8b 41 20 4a 8d 3c c2 48 8b
0x0000000110885947:   5d b8 48 39 5f f8 48 8d 7f f8 75 f6 45 8d 40 ff
0x0000000110885957:   44 89 41 20 4a 8b 0c c2 48 89 0f 4a c7 04 f8 00
0x0000000110885967:   00 00 00 8d 5e ff 48 8b bd c0 fe ff ff e8 8d ca
0x0000000110885977:   f8 ff 4c 8b 4d a8 41 ff 49 28 41 ff 49 70 41 ff
0x0000000110885987:   49 78 41 89 d8 e9 a7 13 00 00 0f b7 43 2c 83 e0
0x0000000110885997:   7f 83 f8 4a 49 89 dd 44 89 5d 98 48 89 bd 30 ff
0x00000001108859a7:   ff ff 75 09 48 8b 75 90 e9 7e 0f 00 00 4d 89 d6
0x00000001108859b7:   4d 89 c4 48 8b 85 08 ff ff ff 48 8b 00 4c 89 ef
0x00000001108859c7:   ff 90 88 00 00 00 48 89 c3 48 8b 7d a0 41 89 f9
0x00000001108859d7:   48 85 db 74 0f 48 89 df e8 6a 5a b2 ff 48 8b 7d
0x00000001108859e7:   a0 41 89 c1 48 89 9d 78 ff ff ff 83 ff 02 4d 89
0x00000001108859f7:   e0 48 8b 75 90 0f 82 25 0f 00 00 44 8d 7f ff 44
0x0000000110885a07:   89 c8 48 89 85 e0 fe ff ff 41 bc 01 00 00 00 4c
0x0000000110885a17:   8b 6d b8 4d 89 f2 4c 8b b5 78 ff ff ff 44 89 4d
0x0000000110885a27:   b4 4c 89 7d 80 44 8b 5d 98 4d 39 fc 76 0e 44 89
0x0000000110885a37:   e0 44 29 c8 a8 01 0f 84 8e 0e 00 00 49 8b 45 08
0x0000000110885a47:   4a 8b 04 e0 48 63 40 28 49 8b 8a 20 01 00 00 8b
0x0000000110885a57:   04 81 41 3b 82 e0 00 00 00 0f 83 6b 0e 00 00 49
0x0000000110885a67:   8b 4a 70 48 8b 49 20 48 69 d8 a8 00 00 00 81 7c
0x0000000110885a77:   19 30 2f 75 00 00 0f 8c 4e 0e 00 00 48 8b 8d f0
0x0000000110885a87:   fe ff ff 8b 0c 81 48 8b 85 70 ff ff ff 48 89 8d
0x0000000110885a97:   e8 fe ff ff 4c 8b 3c c8 4d 85 f6 48 89 7d a0 4c
0x0000000110885aa7:   89 45 c0 74 29 4c 89 f0 8b 48 14 49 39 cc 72 16
0x0000000110885ab7:   8b 50 18 49 39 d4 73 0e 44 89 e2 29 ca f6 c2 01 


Stack slot to memory mapping:
stack at sp + 0 slots: 0x0007ce000007d002 is an unknown value
stack at sp + 1 slots: 0x0007cc0000070000 is an unknown value
stack at sp + 2 slots: 0x0 is NULL
stack at sp + 3 slots: 0x0000000110935ba9: _ZN14ThreadCriticalC2Ev+0x23 in /Library/Java/JavaVirtualMachines/jdk-13.0.1.jdk/Contents/Home/lib/server/libjvm.dylib at 0x0000000110200000
stack at sp + 4 slots: 0x00007f947a7e2400 points into unknown readable memory: f8 f2 ba 10 01 00 00 00
stack at sp + 5 slots: 0x0000000110935ba9: _ZN14ThreadCriticalC2Ev+0x23 in /Library/Java/JavaVirtualMachines/jdk-13.0.1.jdk/Contents/Home/lib/server/libjvm.dylib at 0x0000000110200000
stack at sp + 6 slots: 0x0000000110a23f65: _ZL18hsdis_library_name+0x4aa40 in /Library/Java/JavaVirtualMachines/jdk-13.0.1.jdk/Contents/Home/lib/server/libjvm.dylib at 0x0000000110200000
stack at sp + 7 slots: 0x0 is NULL


---------------  P R O C E S S  ---------------

Threads class SMR info:
_java_thread_list=0x00007f947bde88d0, length=17, elements={
0x00007f9477808800, 0x00007f947782b800, 0x00007f947782e800, 0x00007f947782d800,
0x00007f9477832800, 0x00007f9477833000, 0x00007f9478808800, 0x00007f9478057000,
0x00007f947703b800, 0x00007f94772d4000, 0x00007f9477ada800, 0x00007f9478806000,
0x00007f947b091800, 0x00007f947765d000, 0x00007f9478ead800, 0x00007f947b094800,
0x00007f9478cbf000
}

Java Threads: ( => current thread )
  0x00007f9477808800 JavaThread "main" [_thread_blocked, id=6147, stack(0x0000700002dcd000,0x0000700002ecd000)]
  0x00007f947782b800 JavaThread "Reference Handler" daemon [_thread_blocked, id=17923, stack(0x00007000034e2000,0x00007000035e2000)]
  0x00007f947782e800 JavaThread "Finalizer" daemon [_thread_blocked, id=14083, stack(0x00007000035e5000,0x00007000036e5000)]
  0x00007f947782d800 JavaThread "Signal Dispatcher" daemon [_thread_blocked, id=21763, stack(0x00007000037ee000,0x00007000038ee000)]
  0x00007f9477832800 JavaThread "C2 CompilerThread0" daemon [_thread_in_native, id=22019, stack(0x00007000038f1000,0x00007000039f1000)]
  0x00007f9477833000 JavaThread "C1 CompilerThread0" daemon [_thread_in_vm, id=22531, stack(0x00007000039f4000,0x0000700003af4000)]
  0x00007f9478808800 JavaThread "Sweeper thread" daemon [_thread_blocked, id=42243, stack(0x0000700003af7000,0x0000700003bf7000)]
  0x00007f9478057000 JavaThread "Service Thread" daemon [_thread_blocked, id=23299, stack(0x0000700003bfa000,0x0000700003cfa000)]
  0x00007f947703b800 JavaThread "Common-Cleaner" daemon [_thread_blocked, id=41475, stack(0x0000700003e00000,0x0000700003f00000)]
  0x00007f94772d4000 JavaThread "Thread-0" [_thread_blocked, id=39683, stack(0x000070000420c000,0x000070000430c000)]
  0x00007f9477ada800 JavaThread "restartedMain" [_thread_in_Java, id=25347, stack(0x000070000430f000,0x000070000440f000)]
=>0x00007f9478806000 JavaThread "C2 CompilerThread1" daemon [_thread_in_native, id=40967, stack(0x0000700003f03000,0x0000700004003000)]
  0x00007f947b091800 JavaThread "mysql-cj-abandoned-connection-cleanup" daemon [_thread_blocked, id=25867, stack(0x0000700004412000,0x0000700004512000)]
  0x00007f947765d000 JavaThread "HikariPool-1 housekeeper" daemon [_thread_blocked, id=38147, stack(0x0000700004618000,0x0000700004718000)]
  0x00007f9478ead800 JavaThread "Catalina-utility-1" [_thread_blocked, id=37379, stack(0x000070000481e000,0x000070000491e000)]
  0x00007f947b094800 JavaThread "Catalina-utility-2" [_thread_blocked, id=27651, stack(0x0000700004921000,0x0000700004a21000)]
  0x00007f9478cbf000 JavaThread "container-0" [_thread_blocked, id=36867, stack(0x0000700004a24000,0x0000700004b24000)]

Other Threads:
  0x00007f947782b000 VMThread "VM Thread" [stack: 0x00007000033df000,0x00007000034df000] [id=13315]
  0x00007f947703a800 WatcherThread [stack: 0x0000700003cfd000,0x0000700003dfd000] [id=23555]
  0x00007f9478828800 GCTaskThread "GC Thread#0" [stack: 0x0000700002ed0000,0x0000700002fd0000] [id=11779]
  0x00007f9477128000 GCTaskThread "GC Thread#1" [stack: 0x0000700004006000,0x0000700004106000] [id=24579]
  0x00007f94771af800 GCTaskThread "GC Thread#2" [stack: 0x0000700004109000,0x0000700004209000] [id=40451]
  0x00007f947713e000 GCTaskThread "GC Thread#3" [stack: 0x0000700004515000,0x0000700004615000] [id=26115]
  0x00007f9478839800 ConcurrentGCThread "G1 Main Marker" [stack: 0x0000700002fd3000,0x00007000030d3000] [id=12035]
  0x00007f947883a000 ConcurrentGCThread "G1 Conc#0" [stack: 0x00007000030d6000,0x00007000031d6000] [id=20227]
  0x00007f9478044800 ConcurrentGCThread "G1 Refine#0" [stack: 0x00007000031d9000,0x00007000032d9000] [id=19971]
  0x00007f9478045000 ConcurrentGCThread "G1 Young RemSet Sampling" [stack: 0x00007000032dc000,0x00007000033dc000] [id=19715]

Threads with active compile tasks:
C2 CompilerThread0    23454 5262       4       java.lang.Class::annotationData (44 bytes)
C1 CompilerThread0    23454 6097       2       org.hibernate.property.access.internal.PropertyAccessStrategyResolverStandardImpl::resolveExplicitlyNamedPropertyAccessStrategy (30 bytes)
C2 CompilerThread1    23454 5482   !   4       java.lang.reflect.Executable::declaredAnnotations (85 bytes)

VM state:not at safepoint (normal execution)

VM Mutex/Monitor currently owned by a thread: None

Heap address: 0x0000000780000000, size: 2048 MB, Compressed Oops mode: Zero based, Oop shift amount: 3
Narrow klass base: 0x0000000800000000, Narrow klass shift: 3
Compressed class space size: 1073741824 Address: 0x0000000800ae0000

Heap:
 garbage-first heap   total 89088K, used 43565K [0x0000000780000000, 0x0000000800000000)
  region size 1024K, 17 young (17408K), 3 survivors (3072K)
 Metaspace       used 54054K, capacity 55294K, committed 55936K, reserved 1097728K
  class space    used 7181K, capacity 7690K, committed 7808K, reserved 1048576K
Heap Regions: E=young(eden), S=young(survivor), O=old, HS=humongous(starts), HC=humongous(continues), CS=collection set, F=free, A=archive, TAMS=top-at-mark-start (previous, next)
|   0|0x0000000780000000, 0x0000000780100000, 0x0000000780100000|100%|HS|  |TAMS 0x0000000780100000, 0x0000000780000000| Complete 
|   1|0x0000000780100000, 0x0000000780200000, 0x0000000780200000|100%| O|  |TAMS 0x0000000780200000, 0x0000000780100000| Untracked 
|   2|0x0000000780200000, 0x0000000780300000, 0x0000000780300000|100%| O|  |TAMS 0x0000000780300000, 0x0000000780200000| Untracked 
|   3|0x0000000780300000, 0x0000000780400000, 0x0000000780400000|100%| O|  |TAMS 0x0000000780400000, 0x0000000780300000| Untracked 
|   4|0x0000000780400000, 0x0000000780500000, 0x0000000780500000|100%| O|  |TAMS 0x0000000780500000, 0x0000000780400000| Untracked 
|   5|0x0000000780500000, 0x00000007805cb600, 0x0000000780600000| 79%| O|  |TAMS 0x00000007805cb600, 0x0000000780500000| Untracked 
|   6|0x0000000780600000, 0x0000000780700000, 0x0000000780700000|100%| O|  |TAMS 0x0000000780700000, 0x0000000780600000| Untracked 
|   7|0x0000000780700000, 0x0000000780800000, 0x0000000780800000|100%| O|  |TAMS 0x0000000780800000, 0x0000000780700000| Untracked 
|   8|0x0000000780800000, 0x0000000780900000, 0x0000000780900000|100%| O|  |TAMS 0x0000000780900000, 0x0000000780800000| Untracked 
|   9|0x0000000780900000, 0x0000000780a00000, 0x0000000780a00000|100%| O|  |TAMS 0x0000000780a00000, 0x0000000780900000| Untracked 
|  10|0x0000000780a00000, 0x0000000780b00000, 0x0000000780b00000|100%| O|  |TAMS 0x0000000780b00000, 0x0000000780a00000| Untracked 
|  11|0x0000000780b00000, 0x0000000780c00000, 0x0000000780c00000|100%| O|  |TAMS 0x0000000780c00000, 0x0000000780b00000| Untracked 
|  12|0x0000000780c00000, 0x0000000780d00000, 0x0000000780d00000|100%| O|  |TAMS 0x0000000780d00000, 0x0000000780c00000| Untracked 
|  13|0x0000000780d00000, 0x0000000780e00000, 0x0000000780e00000|100%| O|  |TAMS 0x0000000780e00000, 0x0000000780d00000| Untracked 
|  14|0x0000000780e00000, 0x0000000780f00000, 0x0000000780f00000|100%| O|  |TAMS 0x0000000780f00000, 0x0000000780e00000| Untracked 
|  15|0x0000000780f00000, 0x0000000781000000, 0x0000000781000000|100%| O|  |TAMS 0x0000000781000000, 0x0000000780f00000| Untracked 
|  16|0x0000000781000000, 0x0000000781100000, 0x0000000781100000|100%| O|  |TAMS 0x0000000781100000, 0x0000000781000000| Untracked 
|  17|0x0000000781100000, 0x0000000781200000, 0x0000000781200000|100%| O|  |TAMS 0x0000000781104600, 0x0000000781100000| Untracked 
|  18|0x0000000781200000, 0x0000000781300000, 0x0000000781300000|100%| O|  |TAMS 0x0000000781200000, 0x0000000781200000| Untracked 
|  19|0x0000000781300000, 0x0000000781400000, 0x0000000781400000|100%| O|  |TAMS 0x0000000781300000, 0x0000000781300000| Untracked 
|  20|0x0000000781400000, 0x0000000781500000, 0x0000000781500000|100%| O|  |TAMS 0x0000000781400000, 0x0000000781400000| Untracked 
|  21|0x0000000781500000, 0x0000000781600000, 0x0000000781600000|100%| O|  |TAMS 0x0000000781500000, 0x0000000781500000| Untracked 
|  22|0x0000000781600000, 0x0000000781700000, 0x0000000781700000|100%| O|  |TAMS 0x0000000781600000, 0x0000000781600000| Untracked 
|  23|0x0000000781700000, 0x0000000781800000, 0x0000000781800000|100%| O|  |TAMS 0x0000000781700000, 0x0000000781700000| Untracked 
|  24|0x0000000781800000, 0x0000000781900000, 0x0000000781900000|100%| O|  |TAMS 0x0000000781800000, 0x0000000781800000| Untracked 
|  25|0x0000000781900000, 0x0000000781a00000, 0x0000000781a00000|100%| O|  |TAMS 0x0000000781900000, 0x0000000781900000| Untracked 
|  26|0x0000000781a00000, 0x0000000781a3ee00, 0x0000000781b00000| 24%| O|  |TAMS 0x0000000781a00000, 0x0000000781a00000| Untracked 
|  27|0x0000000781b00000, 0x0000000781b00000, 0x0000000781c00000|  0%| F|  |TAMS 0x0000000781b00000, 0x0000000781b00000| Untracked 
|  28|0x0000000781c00000, 0x0000000781c00000, 0x0000000781d00000|  0%| F|  |TAMS 0x0000000781c00000, 0x0000000781c00000| Untracked 
|  29|0x0000000781d00000, 0x0000000781d00000, 0x0000000781e00000|  0%| F|  |TAMS 0x0000000781d00000, 0x0000000781d00000| Untracked 
|  30|0x0000000781e00000, 0x0000000781e00000, 0x0000000781f00000|  0%| F|  |TAMS 0x0000000781e00000, 0x0000000781e00000| Untracked 
|  31|0x0000000781f00000, 0x0000000781f00000, 0x0000000782000000|  0%| F|  |TAMS 0x0000000781f00000, 0x0000000781f00000| Untracked 
|  32|0x0000000782000000, 0x0000000782000000, 0x0000000782100000|  0%| F|  |TAMS 0x0000000782000000, 0x0000000782000000| Untracked 
|  33|0x0000000782100000, 0x0000000782100000, 0x0000000782200000|  0%| F|  |TAMS 0x0000000782100000, 0x0000000782100000| Untracked 
|  34|0x0000000782200000, 0x0000000782200000, 0x0000000782300000|  0%| F|  |TAMS 0x0000000782200000, 0x0000000782200000| Untracked 
|  35|0x0000000782300000, 0x0000000782300000, 0x0000000782400000|  0%| F|  |TAMS 0x0000000782300000, 0x0000000782300000| Untracked 
|  36|0x0000000782400000, 0x0000000782400000, 0x0000000782500000|  0%| F|  |TAMS 0x0000000782400000, 0x0000000782400000| Untracked 
|  37|0x0000000782500000, 0x0000000782500000, 0x0000000782600000|  0%| F|  |TAMS 0x0000000782500000, 0x0000000782500000| Untracked 
|  38|0x0000000782600000, 0x0000000782600000, 0x0000000782700000|  0%| F|  |TAMS 0x0000000782600000, 0x0000000782600000| Untracked 
|  39|0x0000000782700000, 0x0000000782700000, 0x0000000782800000|  0%| F|  |TAMS 0x0000000782700000, 0x0000000782700000| Untracked 
|  40|0x0000000782800000, 0x0000000782800000, 0x0000000782900000|  0%| F|  |TAMS 0x0000000782800000, 0x0000000782800000| Untracked 
|  41|0x0000000782900000, 0x0000000782900000, 0x0000000782a00000|  0%| F|  |TAMS 0x0000000782900000, 0x0000000782900000| Untracked 
|  42|0x0000000782a00000, 0x0000000782a00000, 0x0000000782b00000|  0%| F|  |TAMS 0x0000000782a00000, 0x0000000782a00000| Untracked 
|  43|0x0000000782b00000, 0x0000000782b00000, 0x0000000782c00000|  0%| F|  |TAMS 0x0000000782b00000, 0x0000000782b00000| Untracked 
|  44|0x0000000782c00000, 0x0000000782c00000, 0x0000000782d00000|  0%| F|  |TAMS 0x0000000782c00000, 0x0000000782c00000| Untracked 
|  45|0x0000000782d00000, 0x0000000782d00000, 0x0000000782e00000|  0%| F|  |TAMS 0x0000000782d00000, 0x0000000782d00000| Untracked 
|  46|0x0000000782e00000, 0x0000000782e00000, 0x0000000782f00000|  0%| F|  |TAMS 0x0000000782e00000, 0x0000000782e00000| Untracked 
|  47|0x0000000782f00000, 0x0000000782f00000, 0x0000000783000000|  0%| F|  |TAMS 0x0000000782f00000, 0x0000000782f00000| Untracked 
|  48|0x0000000783000000, 0x0000000783000000, 0x0000000783100000|  0%| F|  |TAMS 0x0000000783000000, 0x0000000783000000| Untracked 
|  49|0x0000000783100000, 0x0000000783100000, 0x0000000783200000|  0%| F|  |TAMS 0x0000000783100000, 0x0000000783100000| Untracked 
|  50|0x0000000783200000, 0x0000000783200000, 0x0000000783300000|  0%| F|  |TAMS 0x0000000783200000, 0x0000000783200000| Untracked 
|  51|0x0000000783300000, 0x0000000783300000, 0x0000000783400000|  0%| F|  |TAMS 0x0000000783300000, 0x0000000783300000| Untracked 
|  52|0x0000000783400000, 0x0000000783400000, 0x0000000783500000|  0%| F|  |TAMS 0x0000000783400000, 0x0000000783400000| Untracked 
|  53|0x0000000783500000, 0x0000000783500000, 0x0000000783600000|  0%| F|  |TAMS 0x0000000783500000, 0x0000000783500000| Untracked 
|  54|0x0000000783600000, 0x0000000783600000, 0x0000000783700000|  0%| F|  |TAMS 0x0000000783600000, 0x0000000783600000| Untracked 
|  55|0x0000000783700000, 0x00000007837c3248, 0x0000000783800000| 76%| S|CS|TAMS 0x0000000783700000, 0x0000000783700000| Complete 
|  56|0x0000000783800000, 0x0000000783900000, 0x0000000783900000|100%| S|CS|TAMS 0x0000000783800000, 0x0000000783800000| Complete 
|  57|0x0000000783900000, 0x0000000783a00000, 0x0000000783a00000|100%| S|CS|TAMS 0x0000000783900000, 0x0000000783900000| Complete 
|  58|0x0000000783a00000, 0x0000000783a00000, 0x0000000783b00000|  0%| F|  |TAMS 0x0000000783a00000, 0x0000000783a00000| Untracked 
|  59|0x0000000783b00000, 0x0000000783b00000, 0x0000000783c00000|  0%| F|  |TAMS 0x0000000783b00000, 0x0000000783b00000| Untracked 
|  60|0x0000000783c00000, 0x0000000783c00000, 0x0000000783d00000|  0%| F|  |TAMS 0x0000000783c00000, 0x0000000783c00000| Untracked 
|  61|0x0000000783d00000, 0x0000000783d00000, 0x0000000783e00000|  0%| F|  |TAMS 0x0000000783d00000, 0x0000000783d00000| Untracked 
|  62|0x0000000783e00000, 0x0000000783e00000, 0x0000000783f00000|  0%| F|  |TAMS 0x0000000783e00000, 0x0000000783e00000| Untracked 
|  63|0x0000000783f00000, 0x0000000783f00000, 0x0000000784000000|  0%| F|  |TAMS 0x0000000783f00000, 0x0000000783f00000| Untracked 
|  64|0x0000000784000000, 0x0000000784000000, 0x0000000784100000|  0%| F|  |TAMS 0x0000000784000000, 0x0000000784000000| Untracked 
|  65|0x0000000784100000, 0x0000000784100000, 0x0000000784200000|  0%| F|  |TAMS 0x0000000784100000, 0x0000000784100000| Untracked 
|  66|0x0000000784200000, 0x0000000784200000, 0x0000000784300000|  0%| F|  |TAMS 0x0000000784200000, 0x0000000784200000| Untracked 
|  67|0x0000000784300000, 0x0000000784300000, 0x0000000784400000|  0%| F|  |TAMS 0x0000000784300000, 0x0000000784300000| Untracked 
|  68|0x0000000784400000, 0x0000000784400000, 0x0000000784500000|  0%| F|  |TAMS 0x0000000784400000, 0x0000000784400000| Untracked 
|  69|0x0000000784500000, 0x0000000784500000, 0x0000000784600000|  0%| F|  |TAMS 0x0000000784500000, 0x0000000784500000| Untracked 
|  70|0x0000000784600000, 0x0000000784600000, 0x0000000784700000|  0%| F|  |TAMS 0x0000000784600000, 0x0000000784600000| Untracked 
|  71|0x0000000784700000, 0x0000000784780800, 0x0000000784800000| 50%| E|  |TAMS 0x0000000784700000, 0x0000000784700000| Complete 
|  72|0x0000000784800000, 0x0000000784900000, 0x0000000784900000|100%| E|CS|TAMS 0x0000000784800000, 0x0000000784800000| Complete 
|  73|0x0000000784900000, 0x0000000784a00000, 0x0000000784a00000|100%| E|CS|TAMS 0x0000000784900000, 0x0000000784900000| Complete 
|  74|0x0000000784a00000, 0x0000000784b00000, 0x0000000784b00000|100%| E|CS|TAMS 0x0000000784a00000, 0x0000000784a00000| Complete 
|  75|0x0000000784b00000, 0x0000000784c00000, 0x0000000784c00000|100%| E|CS|TAMS 0x0000000784b00000, 0x0000000784b00000| Complete 
|  76|0x0000000784c00000, 0x0000000784d00000, 0x0000000784d00000|100%| E|CS|TAMS 0x0000000784c00000, 0x0000000784c00000| Complete 
|  77|0x0000000784d00000, 0x0000000784e00000, 0x0000000784e00000|100%| E|CS|TAMS 0x0000000784d00000, 0x0000000784d00000| Complete 
| 140|0x0000000788c00000, 0x0000000788d00000, 0x0000000788d00000|100%| E|CS|TAMS 0x0000000788c00000, 0x0000000788c00000| Complete 
| 141|0x0000000788d00000, 0x0000000788e00000, 0x0000000788e00000|100%| E|CS|TAMS 0x0000000788d00000, 0x0000000788d00000| Complete 
| 142|0x0000000788e00000, 0x0000000788f00000, 0x0000000788f00000|100%| E|CS|TAMS 0x0000000788e00000, 0x0000000788e00000| Complete 
| 143|0x0000000788f00000, 0x0000000789000000, 0x0000000789000000|100%| E|CS|TAMS 0x0000000788f00000, 0x0000000788f00000| Complete 
| 144|0x0000000789000000, 0x0000000789100000, 0x0000000789100000|100%| E|CS|TAMS 0x0000000789000000, 0x0000000789000000| Complete 
| 145|0x0000000789100000, 0x0000000789200000, 0x0000000789200000|100%| E|CS|TAMS 0x0000000789100000, 0x0000000789100000| Complete 
| 154|0x0000000789a00000, 0x0000000789b00000, 0x0000000789b00000|100%| E|CS|TAMS 0x0000000789a00000, 0x0000000789a00000| Complete 
|1022|0x00000007bfe00000, 0x00000007bfe47000, 0x00000007bff00000| 27%|OA|  |TAMS 0x00000007bfe47000, 0x00000007bfe00000| Untracked 
|1023|0x00000007bff00000, 0x00000007bff77000, 0x00000007c0000000| 46%|CA|  |TAMS 0x00000007bff77000, 0x00000007bff00000| Untracked 

Card table byte_map: [0x000000012939b000,0x000000012979b000] _byte_map_base: 0x000000012579b000

Marking Bits (Prev, Next): (CMBitMap*) 0x00007f9478828e18, (CMBitMap*) 0x00007f9478828e58
 Prev Bits: [0x0000000129b9b000, 0x000000012bb9b000)
 Next Bits: [0x000000012bb9b000, 0x000000012db9b000)

Polling page: 0x000000010f9e8000

Metaspace:

Usage:
  Non-class:     46.49 MB capacity,    45.78 MB ( 98%) used,   574.91 KB (  1%) free+waste,   153.00 KB ( <1%) overhead. 
      Class:      7.51 MB capacity,     7.01 MB ( 93%) used,   436.04 KB (  6%) free+waste,    72.06 KB ( <1%) overhead. 
       Both:     54.00 MB capacity,    52.79 MB ( 98%) used,  1010.95 KB (  2%) free+waste,   225.06 KB ( <1%) overhead. 

Virtual space:
  Non-class space:       48.00 MB reserved,      47.00 MB ( 98%) committed 
      Class space:        1.00 GB reserved,       7.62 MB ( <1%) committed 
             Both:        1.05 GB reserved,      54.62 MB (  5%) committed 

Chunk freelists:
   Non-Class:  288.00 KB
       Class:  22.00 KB
        Both:  310.00 KB

MaxMetaspaceSize: unlimited
CompressedClassSpaceSize: 1.00 GB

CodeHeap 'non-profiled nmethods': size=120032Kb used=2571Kb max_used=2571Kb free=117460Kb
 bounds [0x0000000121e63000, 0x00000001220f3000, 0x000000012939b000]
CodeHeap 'profiled nmethods': size=120032Kb used=11940Kb max_used=11940Kb free=108091Kb
 bounds [0x000000011a92b000, 0x000000011b4db000, 0x0000000121e63000]
CodeHeap 'non-nmethods': size=5696Kb used=1321Kb max_used=1346Kb free=4374Kb
 bounds [0x000000011a39b000, 0x000000011a60b000, 0x000000011a92b000]
 total_blobs=7672 nmethods=5651 adapters=516
 compilation: enabled
              stopped_count=0, restarted_count=0
 full_count=0

Compilation events (20 events):
Event: 23.341 Thread 0x00007f9477833000 6035       2       net.bytebuddy.implementation.bytecode.member.MethodVariableAccess$OffsetLoading::<init> (15 bytes)
Event: 23.341 Thread 0x00007f9477833000 nmethod 6035 0x000000011b4bd810 code [0x000000011b4bd9a0, 0x000000011b4bdb70]
Event: 23.341 Thread 0x00007f9477833000 6036       1       net.bytebuddy.implementation.bytecode.ByteCodeAppender$Size::getOperandStackSize (5 bytes)
Event: 23.341 Thread 0x00007f9477833000 nmethod 6036 0x00000001220e1690 code [0x00000001220e1820, 0x00000001220e1950]
Event: 23.341 Thread 0x00007f9477833000 6037       1       net.bytebuddy.implementation.bytecode.ByteCodeAppender$Size::getLocalVariableSize (5 bytes)
Event: 23.341 Thread 0x00007f9477833000 nmethod 6037 0x00000001220e1a10 code [0x00000001220e1ba0, 0x00000001220e1cd0]
Event: 23.343 Thread 0x00007f9477833000 6038       2       net.bytebuddy.description.field.FieldDescription$AbstractBase::getDescriptor (15 bytes)
Event: 23.344 Thread 0x00007f9477833000 nmethod 6038 0x000000011b4bdc10 code [0x000000011b4bddc0, 0x000000011b4bdfa8]
Event: 23.352 Thread 0x00007f9477833000 6039       2       net.bytebuddy.jar.asm.Handler::getExceptionTableSize (10 bytes)
Event: 23.353 Thread 0x00007f9477833000 nmethod 6039 0x000000011b4be090 code [0x000000011b4be220, 0x000000011b4be3b0]
Event: 23.353 Thread 0x00007f9477833000 6040       1       net.bytebuddy.jar.asm.MethodWriter::hasAsmInstructions (5 bytes)
Event: 23.353 Thread 0x00007f9477833000 nmethod 6040 0x00000001220e1d90 code [0x00000001220e1f20, 0x00000001220e2050]
Event: 23.354 Thread 0x00007f9477833000 6041       2       org.hibernate.internal.util.ReflectHelper::setterOrNull (53 bytes)
Event: 23.355 Thread 0x00007f9477833000 nmethod 6041 0x000000011b4be490 code [0x000000011b4be660, 0x000000011b4be8e8]
Event: 23.359 Thread 0x00007f9477833000 6043       2       sun.reflect.generics.parser.SignatureParser::parseFormalParameters (49 bytes)
Event: 23.360 Thread 0x00007f9477833000 nmethod 6043 0x000000011b4bea90 code [0x000000011b4bec80, 0x000000011b4bef28]
Event: 23.360 Thread 0x00007f9477833000 6044       2       sun.reflect.generics.parser.SignatureParser::parseZeroOrMoreThrowsSignatures (51 bytes)
Event: 23.361 Thread 0x00007f9477833000 nmethod 6044 0x000000011b4bf090 code [0x000000011b4bf280, 0x000000011b4bf808]
Event: 23.361 Thread 0x00007f9477833000 6045       2       net.bytebuddy.dynamic.scaffold.MethodGraph$Compiler$Default$Key$Harmonized::<init> (12 bytes)
Event: 23.362 Thread 0x00007f9477833000 nmethod 6045 0x000000011b4bfa90 code [0x000000011b4bfc20, 0x000000011b4bfe50]

GC Heap History (20 events):
Event: 13.229 GC heap before
{Heap before GC invocations=12 (full 0):
 garbage-first heap   total 61440K, used 40684K [0x0000000780000000, 0x0000000800000000)
  region size 1024K, 27 young (27648K), 4 survivors (4096K)
 Metaspace       used 30015K, capacity 30957K, committed 31104K, reserved 1077248K
  class space    used 3839K, capacity 4205K, committed 4224K, reserved 1048576K
}
Event: 13.244 GC heap after
{Heap after GC invocations=13 (full 0):
 garbage-first heap   total 61440K, used 18248K [0x0000000780000000, 0x0000000800000000)
  region size 1024K, 2 young (2048K), 2 survivors (2048K)
 Metaspace       used 30015K, capacity 30957K, committed 31104K, reserved 1077248K
  class space    used 3839K, capacity 4205K, committed 4224K, reserved 1048576K
}
Event: 13.529 GC heap before
{Heap before GC invocations=13 (full 0):
 garbage-first heap   total 61440K, used 41800K [0x0000000780000000, 0x0000000800000000)
  region size 1024K, 26 young (26624K), 2 survivors (2048K)
 Metaspace       used 30647K, capacity 31593K, committed 31744K, reserved 1077248K
  class space    used 3898K, capacity 4310K, committed 4352K, reserved 1048576K
}
Event: 13.539 GC heap after
{Heap after GC invocations=14 (full 0):
 garbage-first heap   total 61440K, used 18570K [0x0000000780000000, 0x0000000800000000)
  region size 1024K, 3 young (3072K), 3 survivors (3072K)
 Metaspace       used 30647K, capacity 31593K, committed 31744K, reserved 1077248K
  class space    used 3898K, capacity 4310K, committed 4352K, reserved 1048576K
}
Event: 13.550 GC heap before
{Heap before GC invocations=14 (full 0):
 garbage-first heap   total 61440K, used 42122K [0x0000000780000000, 0x0000000800000000)
  region size 1024K, 27 young (27648K), 3 survivors (3072K)
 Metaspace       used 30647K, capacity 31593K, committed 31744K, reserved 1077248K
  class space    used 3898K, capacity 4310K, committed 4352K, reserved 1048576K
}
Event: 13.560 GC heap after
{Heap after GC invocations=15 (full 0):
 garbage-first heap   total 61440K, used 18704K [0x0000000780000000, 0x0000000800000000)
  region size 1024K, 1 young (1024K), 1 survivors (1024K)
 Metaspace       used 30647K, capacity 31593K, committed 31744K, reserved 1077248K
  class space    used 3898K, capacity 4310K, committed 4352K, reserved 1048576K
}
Event: 14.890 GC heap before
{Heap before GC invocations=15 (full 0):
 garbage-first heap   total 61440K, used 43280K [0x0000000780000000, 0x0000000800000000)
  region size 1024K, 26 young (26624K), 1 survivors (1024K)
 Metaspace       used 32850K, capacity 33893K, committed 34048K, reserved 1079296K
  class space    used 4162K, capacity 4571K, committed 4608K, reserved 1048576K
}
Event: 14.903 GC heap after
{Heap after GC invocations=16 (full 0):
 garbage-first heap   total 61440K, used 20023K [0x0000000780000000, 0x0000000800000000)
  region size 1024K, 2 young (2048K), 2 survivors (2048K)
 Metaspace       used 32850K, capacity 33893K, committed 34048K, reserved 1079296K
  class space    used 4162K, capacity 4571K, committed 4608K, reserved 1048576K
}
Event: 15.157 GC heap before
{Heap before GC invocations=16 (full 0):
 garbage-first heap   total 61440K, used 24119K [0x0000000780000000, 0x0000000800000000)
  region size 1024K, 8 young (8192K), 2 survivors (2048K)
 Metaspace       used 34574K, capacity 35610K, committed 35840K, reserved 1081344K
  class space    used 4355K, capacity 4780K, committed 4864K, reserved 1048576K
}
Event: 15.171 GC heap after
{Heap after GC invocations=17 (full 0):
 garbage-first heap   total 73728K, used 20353K [0x0000000780000000, 0x0000000800000000)
  region size 1024K, 3 young (3072K), 3 survivors (3072K)
 Metaspace       used 34574K, capacity 35610K, committed 35840K, reserved 1081344K
  class space    used 4355K, capacity 4780K, committed 4864K, reserved 1048576K
}
Event: 17.095 GC heap before
{Heap before GC invocations=18 (full 0):
 garbage-first heap   total 73728K, used 41857K [0x0000000780000000, 0x0000000800000000)
  region size 1024K, 25 young (25600K), 3 survivors (3072K)
 Metaspace       used 39791K, capacity 40935K, committed 41344K, reserved 1085440K
  class space    used 4977K, capacity 5461K, committed 5504K, reserved 1048576K
}
Event: 17.119 GC heap after
{Heap after GC invocations=19 (full 0):
 garbage-first heap   total 73728K, used 25013K [0x0000000780000000, 0x0000000800000000)
  region size 1024K, 4 young (4096K), 4 survivors (4096K)
 Metaspace       used 39791K, capacity 40935K, committed 41344K, reserved 1085440K
  class space    used 4977K, capacity 5461K, committed 5504K, reserved 1048576K
}
Event: 18.146 GC heap before
{Heap before GC invocations=19 (full 0):
 garbage-first heap   total 73728K, used 46517K [0x0000000780000000, 0x0000000800000000)
  region size 1024K, 25 young (25600K), 4 survivors (4096K)
 Metaspace       used 40879K, capacity 42091K, committed 42240K, reserved 1085440K
  class space    used 5102K, capacity 5587K, committed 5632K, reserved 1048576K
}
Event: 18.168 GC heap after
{Heap after GC invocations=20 (full 0):
 garbage-first heap   total 73728K, used 27546K [0x0000000780000000, 0x0000000800000000)
  region size 1024K, 3 young (3072K), 3 survivors (3072K)
 Metaspace       used 40879K, capacity 42091K, committed 42240K, reserved 1085440K
  class space    used 5102K, capacity 5587K, committed 5632K, reserved 1048576K
}
Event: 19.024 GC heap before
{Heap before GC invocations=20 (full 0):
 garbage-first heap   total 73728K, used 47002K [0x0000000780000000, 0x0000000800000000)
  region size 1024K, 23 young (23552K), 3 survivors (3072K)
 Metaspace       used 44193K, capacity 45409K, committed 45824K, reserved 1089536K
  class space    used 5646K, capacity 6138K, committed 6144K, reserved 1048576K
}
Event: 19.035 GC heap after
{Heap after GC invocations=21 (full 0):
 garbage-first heap   total 73728K, used 28446K [0x0000000780000000, 0x0000000800000000)
  region size 1024K, 1 young (1024K), 1 survivors (1024K)
 Metaspace       used 44193K, capacity 45409K, committed 45824K, reserved 1089536K
  class space    used 5646K, capacity 6138K, committed 6144K, reserved 1048576K
}
Event: 20.114 GC heap before
{Heap before GC invocations=21 (full 0):
 garbage-first heap   total 73728K, used 49950K [0x0000000780000000, 0x0000000800000000)
  region size 1024K, 22 young (22528K), 1 survivors (1024K)
 Metaspace       used 48305K, capacity 49506K, committed 49920K, reserved 1091584K
  class space    used 6332K, capacity 6819K, committed 6912K, reserved 1048576K
}
Event: 20.124 GC heap after
{Heap after GC invocations=22 (full 0):
 garbage-first heap   total 89088K, used 29209K [0x0000000780000000, 0x0000000800000000)
  region size 1024K, 2 young (2048K), 2 survivors (2048K)
 Metaspace       used 48305K, capacity 49506K, committed 49920K, reserved 1091584K
  class space    used 6332K, capacity 6819K, committed 6912K, reserved 1048576K
}
Event: 22.222 GC heap before
{Heap before GC invocations=22 (full 0):
 garbage-first heap   total 89088K, used 56857K [0x0000000780000000, 0x0000000800000000)
  region size 1024K, 29 young (29696K), 2 survivors (2048K)
 Metaspace       used 52584K, capacity 53796K, committed 54400K, reserved 1095680K
  class space    used 6968K, capacity 7453K, committed 7552K, reserved 1048576K
}
Event: 22.244 GC heap after
{Heap after GC invocations=23 (full 0):
 garbage-first heap   total 89088K, used 30253K [0x0000000780000000, 0x0000000800000000)
  region size 1024K, 3 young (3072K), 3 survivors (3072K)
 Metaspace       used 52584K, capacity 53796K, committed 54400K, reserved 1095680K
  class space    used 6968K, capacity 7453K, committed 7552K, reserved 1048576K
}

Deoptimization events (20 events):
Event: 19.369 Thread 0x00007f9477ada800 DEOPT PACKING pc=0x000000011b30f07c sp=0x000070000440ca80
Event: 19.369 Thread 0x00007f9477ada800 DEOPT UNPACKING pc=0x000000011a3e433a sp=0x000070000440bf10 mode 0
Event: 19.558 Thread 0x00007f947b091800 Uncommon trap: trap_request=0xffffff45 fr.pc=0x0000000122069fb4 relative=0x0000000000003374
Event: 19.558 Thread 0x00007f947b091800 Uncommon trap: reason=unstable_if action=reinterpret pc=0x0000000122069fb4 method=java.net.URLStreamHandler.parseURL(Ljava/net/URL;Ljava/lang/String;II)V @ 57 c2
Event: 19.559 Thread 0x00007f947b091800 DEOPT PACKING pc=0x0000000122069fb4 sp=0x0000700004511210
Event: 19.559 Thread 0x00007f947b091800 DEOPT UNPACKING pc=0x000000011a3e3e25 sp=0x00007000045111f0 mode 2
Event: 19.574 Thread 0x00007f9477ada800 DEOPT PACKING pc=0x000000011aa00dd3 sp=0x000070000440b6d0
Event: 19.574 Thread 0x00007f9477ada800 DEOPT UNPACKING pc=0x000000011a3e433a sp=0x000070000440ab20 mode 0
Event: 20.076 Thread 0x00007f9477ada800 Uncommon trap: trap_request=0xffffff45 fr.pc=0x0000000122090598 relative=0x0000000000000ef8
Event: 20.076 Thread 0x00007f9477ada800 Uncommon trap: reason=unstable_if action=reinterpret pc=0x0000000122090598 method=sun.reflect.annotation.AnnotationParser.parseMemberValue(Ljava/lang/Class;Ljava/nio/ByteBuffer;Ljdk/internal/reflect/ConstantPool;Ljava/lang/Class;)Ljava/lang/Object; @ 11 c
Event: 20.076 Thread 0x00007f9477ada800 DEOPT PACKING pc=0x0000000122090598 sp=0x000070000440c710
Event: 20.076 Thread 0x00007f9477ada800 DEOPT UNPACKING pc=0x000000011a3e3e25 sp=0x000070000440c6d0 mode 2
Event: 20.839 Thread 0x00007f9477ada800 Uncommon trap: trap_request=0xfffffff4 fr.pc=0x0000000121f9ec78 relative=0x0000000000000078
Event: 20.839 Thread 0x00007f9477ada800 Uncommon trap: reason=null_check action=make_not_entrant pc=0x0000000121f9ec78 method=java.lang.Class.isAnnotation()Z @ 1 c2
Event: 20.839 Thread 0x00007f9477ada800 DEOPT PACKING pc=0x0000000121f9ec78 sp=0x000070000440c490
Event: 20.839 Thread 0x00007f9477ada800 DEOPT UNPACKING pc=0x000000011a3e3e25 sp=0x000070000440c440 mode 2
Event: 21.413 Thread 0x00007f9477ada800 DEOPT PACKING pc=0x000000011b30f07c sp=0x000070000440c390
Event: 21.413 Thread 0x00007f9477ada800 DEOPT UNPACKING pc=0x000000011a3e433a sp=0x000070000440b820 mode 0
Event: 23.048 Thread 0x00007f9477ada800 DEOPT PACKING pc=0x000000011b30f07c sp=0x000070000440bac0
Event: 23.048 Thread 0x00007f9477ada800 DEOPT UNPACKING pc=0x000000011a3e433a sp=0x000070000440af50 mode 0

Classes unloaded (0 events):
No events

Classes redefined (0 events):
No events

Internal exceptions (20 events):
Event: 18.197 Thread 0x00007f9477ada800 Exception <a 'java/lang/ClassNotFoundException'{0x0000000789a7f470}: org/springframework/orm/jpa/AbstractEntityManagerFactoryBeanCustomizer> (0x0000000789a7f470) 
thrown [/scratch/mesos/slaves/fcf4c0c4-d73e-4321-860c-6613427db92b-S2452/frameworks/1735e8a2-a1db-478c-8104-60c8b0af87dd-0196/executors/ab12d1f8-defd-4a26-b83a-82b67c14bc8d/runs/ad8904cf-d9a8-428f-8f86-4d88be7b86bd/workspace/open/src/hotspot/share/classfile/systemDictionary.cpp, line 232]
Event: 18.200 Thread 0x00007f9477ada800 Exception <a 'java/lang/ClassNotFoundException'{0x0000000789aadd90}: org/springframework/orm/jpa/LocalContainerEntityManagerFactoryBeanCustomizer> (0x0000000789aadd90) 
thrown [/scratch/mesos/slaves/fcf4c0c4-d73e-4321-860c-6613427db92b-S2452/frameworks/1735e8a2-a1db-478c-8104-60c8b0af87dd-0196/executors/ab12d1f8-defd-4a26-b83a-82b67c14bc8d/runs/ad8904cf-d9a8-428f-8f86-4d88be7b86bd/workspace/open/src/hotspot/share/classfile/systemDictionary.cpp, line 232]
Event: 18.206 Thread 0x00007f9477ada800 Exception <a 'java/lang/ClassNotFoundException'{0x0000000789af83c0}: org/springframework/context/ResourceLoaderAwareCustomizer> (0x0000000789af83c0) 
thrown [/scratch/mesos/slaves/fcf4c0c4-d73e-4321-860c-6613427db92b-S2452/frameworks/1735e8a2-a1db-478c-8104-60c8b0af87dd-0196/executors/ab12d1f8-defd-4a26-b83a-82b67c14bc8d/runs/ad8904cf-d9a8-428f-8f86-4d88be7b86bd/workspace/open/src/hotspot/share/classfile/systemDictionary.cpp, line 232]
Event: 18.207 Thread 0x00007f9477ada800 Exception <a 'java/lang/ClassNotFoundException'{0x00000007891058d8}: org/springframework/beans/factory/AwareCustomizer> (0x00000007891058d8) 
thrown [/scratch/mesos/slaves/fcf4c0c4-d73e-4321-860c-6613427db92b-S2452/frameworks/1735e8a2-a1db-478c-8104-60c8b0af87dd-0196/executors/ab12d1f8-defd-4a26-b83a-82b67c14bc8d/runs/ad8904cf-d9a8-428f-8f86-4d88be7b86bd/workspace/open/src/hotspot/share/classfile/systemDictionary.cpp, line 232]
Event: 18.208 Thread 0x00007f9477ada800 Exception <a 'java/lang/ClassNotFoundException'{0x0000000789113990}: org/springframework/context/weaving/LoadTimeWeaverAwareCustomizer> (0x0000000789113990) 
thrown [/scratch/mesos/slaves/fcf4c0c4-d73e-4321-860c-6613427db92b-S2452/frameworks/1735e8a2-a1db-478c-8104-60c8b0af87dd-0196/executors/ab12d1f8-defd-4a26-b83a-82b67c14bc8d/runs/ad8904cf-d9a8-428f-8f86-4d88be7b86bd/workspace/open/src/hotspot/share/classfile/systemDictionary.cpp, line 232]
Event: 18.209 Thread 0x00007f9477ada800 Exception <a 'java/lang/ClassNotFoundException'{0x0000000789120ed0}: org/springframework/beans/factory/AwareCustomizer> (0x0000000789120ed0) 
thrown [/scratch/mesos/slaves/fcf4c0c4-d73e-4321-860c-6613427db92b-S2452/frameworks/1735e8a2-a1db-478c-8104-60c8b0af87dd-0196/executors/ab12d1f8-defd-4a26-b83a-82b67c14bc8d/runs/ad8904cf-d9a8-428f-8f86-4d88be7b86bd/workspace/open/src/hotspot/share/classfile/systemDictionary.cpp, line 232]
Event: 18.210 Thread 0x00007f9477ada800 Exception <a 'java/lang/ClassNotFoundException'{0x000000078912e0f8}: org/springframework/beans/factory/FactoryBeanCustomizer> (0x000000078912e0f8) 
thrown [/scratch/mesos/slaves/fcf4c0c4-d73e-4321-860c-6613427db92b-S2452/frameworks/1735e8a2-a1db-478c-8104-60c8b0af87dd-0196/executors/ab12d1f8-defd-4a26-b83a-82b67c14bc8d/runs/ad8904cf-d9a8-428f-8f86-4d88be7b86bd/workspace/open/src/hotspot/share/classfile/systemDictionary.cpp, line 232]
Event: 18.212 Thread 0x00007f9477ada800 Exception <a 'java/lang/ClassNotFoundException'{0x0000000789140398}: org/springframework/beans/factory/BeanClassLoaderAwareCustomizer> (0x0000000789140398) 
thrown [/scratch/mesos/slaves/fcf4c0c4-d73e-4321-860c-6613427db92b-S2452/frameworks/1735e8a2-a1db-478c-8104-60c8b0af87dd-0196/executors/ab12d1f8-defd-4a26-b83a-82b67c14bc8d/runs/ad8904cf-d9a8-428f-8f86-4d88be7b86bd/workspace/open/src/hotspot/share/classfile/systemDictionary.cpp, line 232]
Event: 18.213 Thread 0x00007f9477ada800 Exception <a 'java/lang/ClassNotFoundException'{0x000000078914d438}: org/springframework/beans/factory/AwareCustomizer> (0x000000078914d438) 
thrown [/scratch/mesos/slaves/fcf4c0c4-d73e-4321-860c-6613427db92b-S2452/frameworks/1735e8a2-a1db-478c-8104-60c8b0af87dd-0196/executors/ab12d1f8-defd-4a26-b83a-82b67c14bc8d/runs/ad8904cf-d9a8-428f-8f86-4d88be7b86bd/workspace/open/src/hotspot/share/classfile/systemDictionary.cpp, line 232]
Event: 18.214 Thread 0x00007f9477ada800 Exception <a 'java/lang/ClassNotFoundException'{0x000000078915b348}: org/springframework/beans/factory/BeanFactoryAwareCustomizer> (0x000000078915b348) 
thrown [/scratch/mesos/slaves/fcf4c0c4-d73e-4321-860c-6613427db92b-S2452/frameworks/1735e8a2-a1db-478c-8104-60c8b0af87dd-0196/executors/ab12d1f8-defd-4a26-b83a-82b67c14bc8d/runs/ad8904cf-d9a8-428f-8f86-4d88be7b86bd/workspace/open/src/hotspot/share/classfile/systemDictionary.cpp, line 232]
Event: 18.215 Thread 0x00007f9477ada800 Exception <a 'java/lang/ClassNotFoundException'{0x0000000789168b38}: org/springframework/beans/factory/AwareCustomizer> (0x0000000789168b38) 
thrown [/scratch/mesos/slaves/fcf4c0c4-d73e-4321-860c-6613427db92b-S2452/frameworks/1735e8a2-a1db-478c-8104-60c8b0af87dd-0196/executors/ab12d1f8-defd-4a26-b83a-82b67c14bc8d/runs/ad8904cf-d9a8-428f-8f86-4d88be7b86bd/workspace/open/src/hotspot/share/classfile/systemDictionary.cpp, line 232]
Event: 18.216 Thread 0x00007f9477ada800 Exception <a 'java/lang/ClassNotFoundException'{0x0000000789175c98}: org/springframework/beans/factory/BeanNameAwareCustomizer> (0x0000000789175c98) 
thrown [/scratch/mesos/slaves/fcf4c0c4-d73e-4321-860c-6613427db92b-S2452/frameworks/1735e8a2-a1db-478c-8104-60c8b0af87dd-0196/executors/ab12d1f8-defd-4a26-b83a-82b67c14bc8d/runs/ad8904cf-d9a8-428f-8f86-4d88be7b86bd/workspace/open/src/hotspot/share/classfile/systemDictionary.cpp, line 232]
Event: 18.217 Thread 0x00007f9477ada800 Exception <a 'java/lang/ClassNotFoundException'{0x0000000789182cc0}: org/springframework/beans/factory/AwareCustomizer> (0x0000000789182cc0) 
thrown [/scratch/mesos/slaves/fcf4c0c4-d73e-4321-860c-6613427db92b-S2452/frameworks/1735e8a2-a1db-478c-8104-60c8b0af87dd-0196/executors/ab12d1f8-defd-4a26-b83a-82b67c14bc8d/runs/ad8904cf-d9a8-428f-8f86-4d88be7b86bd/workspace/open/src/hotspot/share/classfile/systemDictionary.cpp, line 232]
Event: 18.218 Thread 0x00007f9477ada800 Exception <a 'java/lang/ClassNotFoundException'{0x0000000789190980}: org/springframework/beans/factory/InitializingBeanCustomizer> (0x0000000789190980) 
thrown [/scratch/mesos/slaves/fcf4c0c4-d73e-4321-860c-6613427db92b-S2452/frameworks/1735e8a2-a1db-478c-8104-60c8b0af87dd-0196/executors/ab12d1f8-defd-4a26-b83a-82b67c14bc8d/runs/ad8904cf-d9a8-428f-8f86-4d88be7b86bd/workspace/open/src/hotspot/share/classfile/systemDictionary.cpp, line 232]
Event: 18.218 Thread 0x00007f9477ada800 Exception <a 'java/lang/ClassNotFoundException'{0x000000078919e960}: org/springframework/beans/factory/DisposableBeanCustomizer> (0x000000078919e960) 
thrown [/scratch/mesos/slaves/fcf4c0c4-d73e-4321-860c-6613427db92b-S2452/frameworks/1735e8a2-a1db-478c-8104-60c8b0af87dd-0196/executors/ab12d1f8-defd-4a26-b83a-82b67c14bc8d/runs/ad8904cf-d9a8-428f-8f86-4d88be7b86bd/workspace/open/src/hotspot/share/classfile/systemDictionary.cpp, line 232]
Event: 18.219 Thread 0x00007f9477ada800 Exception <a 'java/lang/ClassNotFoundException'{0x00000007891ad4c0}: org/springframework/orm/jpa/EntityManagerFactoryInfoCustomizer> (0x00000007891ad4c0) 
thrown [/scratch/mesos/slaves/fcf4c0c4-d73e-4321-860c-6613427db92b-S2452/frameworks/1735e8a2-a1db-478c-8104-60c8b0af87dd-0196/executors/ab12d1f8-defd-4a26-b83a-82b67c14bc8d/runs/ad8904cf-d9a8-428f-8f86-4d88be7b86bd/workspace/open/src/hotspot/share/classfile/systemDictionary.cpp, line 232]
Event: 18.221 Thread 0x00007f9477ada800 Exception <a 'java/lang/ClassNotFoundException'{0x00000007891c5e08}: org/springframework/dao/support/PersistenceExceptionTranslatorCustomizer> (0x00000007891c5e08) 
thrown [/scratch/mesos/slaves/fcf4c0c4-d73e-4321-860c-6613427db92b-S2452/frameworks/1735e8a2-a1db-478c-8104-60c8b0af87dd-0196/executors/ab12d1f8-defd-4a26-b83a-82b67c14bc8d/runs/ad8904cf-d9a8-428f-8f86-4d88be7b86bd/workspace/open/src/hotspot/share/classfile/systemDictionary.cpp, line 232]
Event: 20.944 Thread 0x00007f9477ada800 Exception <a 'java/lang/ClassNotFoundException'{0x0000000784a6c6c8}: java/lang/ObjectCustomizer> (0x0000000784a6c6c8) 
thrown [/scratch/mesos/slaves/fcf4c0c4-d73e-4321-860c-6613427db92b-S2452/frameworks/1735e8a2-a1db-478c-8104-60c8b0af87dd-0196/executors/ab12d1f8-defd-4a26-b83a-82b67c14bc8d/runs/ad8904cf-d9a8-428f-8f86-4d88be7b86bd/workspace/open/src/hotspot/share/classfile/systemDictionary.cpp, line 232]
Event: 20.949 Thread 0x00007f9477ada800 Exception <a 'java/lang/ClassNotFoundException'{0x0000000784a7f748}: org/springframework/data/jpa/domain/support/AuditingEntityListenerCustomizer> (0x0000000784a7f748) 
thrown [/scratch/mesos/slaves/fcf4c0c4-d73e-4321-860c-6613427db92b-S2452/frameworks/1735e8a2-a1db-478c-8104-60c8b0af87dd-0196/executors/ab12d1f8-defd-4a26-b83a-82b67c14bc8d/runs/ad8904cf-d9a8-428f-8f86-4d88be7b86bd/workspace/open/src/hotspot/share/classfile/systemDictionary.cpp, line 232]
Event: 20.959 Thread 0x00007f9477ada800 Exception <a 'java/lang/ClassNotFoundException'{0x0000000784a9f990}: org/springframework/beans/factory/aspectj/ConfigurableObjectCustomizer> (0x0000000784a9f990) 
thrown [/scratch/mesos/slaves/fcf4c0c4-d73e-4321-860c-6613427db92b-S2452/frameworks/1735e8a2-a1db-478c-8104-60c8b0af87dd-0196/executors/ab12d1f8-defd-4a26-b83a-82b67c14bc8d/runs/ad8904cf-d9a8-428f-8f86-4d88be7b86bd/workspace/open/src/hotspot/share/classfile/systemDictionary.cpp, line 232]

Events (20 events):
Event: 22.967 loading class net/bytebuddy/dynamic/scaffold/TypeWriter$MethodPool$Record$AccessBridgeWrapper$BridgeTarget
Event: 22.967 loading class net/bytebuddy/dynamic/scaffold/TypeWriter$MethodPool$Record$AccessBridgeWrapper$BridgeTarget done
Event: 22.969 loading class net/bytebuddy/description/method/ParameterList$Explicit$ForTypes
Event: 22.969 loading class net/bytebuddy/description/method/ParameterList$Explicit$ForTypes done
Event: 22.971 loading class net/bytebuddy/description/type/TypeDescription$Generic$Visitor$TypeErasing
Event: 22.971 loading class net/bytebuddy/description/type/TypeDescription$Generic$Visitor$TypeErasing done
Event: 22.973 loading class net/bytebuddy/implementation/bytecode/member/MethodVariableAccess$MethodLoading$TypeCastingHandler$ForBridgeTarget
Event: 22.973 loading class net/bytebuddy/implementation/bytecode/member/MethodVariableAccess$MethodLoading$TypeCastingHandler$ForBridgeTarget done
Event: 22.976 loading class net/bytebuddy/implementation/bytecode/Removal
Event: 22.976 loading class net/bytebuddy/implementation/bytecode/Removal done
Event: 22.978 loading class net/bytebuddy/implementation/bytecode/Removal$1
Event: 22.978 loading class net/bytebuddy/implementation/bytecode/Removal$1 done
Event: 22.979 loading class net/bytebuddy/implementation/bytecode/Removal$2
Event: 22.979 loading class net/bytebuddy/implementation/bytecode/Removal$2 done
Event: 22.982 loading class net/bytebuddy/description/method/ParameterDescription$Latent
Event: 22.982 loading class net/bytebuddy/description/method/ParameterDescription$Latent done
Event: 22.983 loading class net/bytebuddy/description/method/ParameterDescription$Token
Event: 22.983 loading class net/bytebuddy/description/method/ParameterDescription$Token done
Event: 23.309 Executing VM operation: ICBufferFull
Event: 23.310 Executing VM operation: ICBufferFull done


Dynamic libraries:
0x00007fff68e37000 	/usr/lib/libz.1.dylib
0x000000010f984000 	/Library/Java/JavaVirtualMachines/jdk-13.0.1.jdk/Contents/Home/lib/libjli.dylib
0x00007fff31514000 	/System/Library/Frameworks/Cocoa.framework/Versions/A/Cocoa
0x00007fff3eb16000 	/System/Library/Frameworks/Security.framework/Versions/A/Security
0x00007fff3049e000 	/System/Library/Frameworks/ApplicationServices.framework/Versions/A/ApplicationServices
0x00007fff66879000 	/usr/lib/libSystem.B.dylib
0x00007fff698ad000 	/usr/lib/system/libcache.dylib
0x00007fff698b3000 	/usr/lib/system/libcommonCrypto.dylib
0x00007fff698bf000 	/usr/lib/system/libcompiler_rt.dylib
0x00007fff698c7000 	/usr/lib/system/libcopyfile.dylib
0x00007fff698d1000 	/usr/lib/system/libcorecrypto.dylib
0x00007fff69a7f000 	/usr/lib/system/libdispatch.dylib
0x00007fff69ac1000 	/usr/lib/system/libdyld.dylib
0x00007fff69af7000 	/usr/lib/system/libkeymgr.dylib
0x00007fff69b05000 	/usr/lib/system/liblaunch.dylib
0x00007fff69b06000 	/usr/lib/system/libmacho.dylib
0x00007fff69b0c000 	/usr/lib/system/libquarantine.dylib
0x00007fff69b0f000 	/usr/lib/system/libremovefile.dylib
0x00007fff69b11000 	/usr/lib/system/libsystem_asl.dylib
0x00007fff69b29000 	/usr/lib/system/libsystem_blocks.dylib
0x00007fff69b2a000 	/usr/lib/system/libsystem_c.dylib
0x00007fff69bb2000 	/usr/lib/system/libsystem_configuration.dylib
0x00007fff69bb6000 	/usr/lib/system/libsystem_coreservices.dylib
0x00007fff69bba000 	/usr/lib/system/libsystem_darwin.dylib
0x00007fff69bc3000 	/usr/lib/system/libsystem_dnssd.dylib
0x00007fff69bcb000 	/usr/lib/system/libsystem_featureflags.dylib
0x00007fff69bcd000 	/usr/lib/system/libsystem_info.dylib
0x00007fff69c48000 	/usr/lib/system/libsystem_m.dylib
0x00007fff69c95000 	/usr/lib/system/libsystem_malloc.dylib
0x00007fff69cbd000 	/usr/lib/system/libsystem_networkextension.dylib
0x00007fff69ccb000 	/usr/lib/system/libsystem_notify.dylib
0x00007fff69cea000 	/usr/lib/system/libsystem_sandbox.dylib
0x00007fff69cef000 	/usr/lib/system/libsystem_secinit.dylib
0x00007fff69c1b000 	/usr/lib/system/libsystem_kernel.dylib
0x00007fff69cd5000 	/usr/lib/system/libsystem_platform.dylib
0x00007fff69cdf000 	/usr/lib/system/libsystem_pthread.dylib
0x00007fff69cf2000 	/usr/lib/system/libsystem_symptoms.dylib
0x00007fff69cfa000 	/usr/lib/system/libsystem_trace.dylib
0x00007fff69d12000 	/usr/lib/system/libunwind.dylib
0x00007fff69d18000 	/usr/lib/system/libxpc.dylib
0x00007fff68766000 	/usr/lib/libobjc.A.dylib
0x00007fff66c4a000 	/usr/lib/libc++abi.dylib
0x00007fff66bf6000 	/usr/lib/libc++.1.dylib
0x00007fff3249b000 	/System/Library/Frameworks/CoreFoundation.framework/Versions/A/CoreFoundation
0x00007fff34b84000 	/System/Library/Frameworks/Foundation.framework/Versions/C/Foundation
0x00007fff2f693000 	/System/Library/Frameworks/AppKit.framework/Versions/C/AppKit
0x00007fff31f97000 	/System/Library/Frameworks/CoreData.framework/Versions/A/CoreData
0x00007fff63121000 	/System/Library/PrivateFrameworks/UIFoundation.framework/Versions/A/UIFoundation
0x00007fff5d8fd000 	/System/Library/PrivateFrameworks/RemoteViewServices.framework/Versions/A/RemoteViewServices
0x00007fff65bb4000 	/System/Library/PrivateFrameworks/XCTTargetBootstrap.framework/Versions/A/XCTTargetBootstrap
0x00007fff3238a000 	/System/Library/Frameworks/CoreDisplay.framework/Versions/A/CoreDisplay
0x00007fff378fc000 	/System/Library/Frameworks/Metal.framework/Versions/A/Metal
0x00007fff4bd19000 	/System/Library/PrivateFrameworks/DesktopServicesPriv.framework/Versions/A/DesktopServicesPriv
0x00007fff67a47000 	/usr/lib/liblangid.dylib
0x00007fff4ae65000 	/System/Library/PrivateFrameworks/CoreSVG.framework/Versions/A/CoreSVG
0x00007fff606c4000 	/System/Library/PrivateFrameworks/SkyLight.framework/Versions/A/SkyLight
0x00007fff3291d000 	/System/Library/Frameworks/CoreGraphics.framework/Versions/A/CoreGraphics
0x00007fff2e128000 	/System/Library/Frameworks/Accelerate.framework/Versions/A/Accelerate
0x00007fff68d28000 	/usr/lib/libxml2.2.dylib
0x00007fff56a27000 	/System/Library/PrivateFrameworks/IconServices.framework/Versions/A/IconServices
0x00007fff35369000 	/System/Library/Frameworks/IOSurface.framework/Versions/A/IOSurface
0x00007fff663b1000 	/usr/lib/libDiagnosticMessagesClient.dylib
0x00007fff4bb92000 	/System/Library/PrivateFrameworks/DFRFoundation.framework/Versions/A/DFRFoundation
0x00007fff677d5000 	/usr/lib/libicucore.A.dylib
0x00007fff307d0000 	/System/Library/Frameworks/AudioToolbox.framework/Versions/A/AudioToolbox
0x00007fff308b2000 	/System/Library/Frameworks/AudioUnit.framework/Versions/A/AudioUnit
0x00007fff66b11000 	/usr/lib/libauto.dylib
0x00007fff4bc13000 	/System/Library/PrivateFrameworks/DataDetectorsCore.framework/Versions/A/DataDetectorsCore
0x00007fff31034000 	/System/Library/Frameworks/Carbon.framework/Versions/A/Frameworks/HIToolbox.framework/Versions/A/HIToolbox
0x00007fff3dd47000 	/System/Library/Frameworks/QuartzCore.framework/Versions/A/QuartzCore
0x00007fff31373000 	/System/Library/Frameworks/Carbon.framework/Versions/A/Frameworks/SpeechRecognition.framework/Versions/A/SpeechRecognition
0x00007fff4b518000 	/System/Library/PrivateFrameworks/CoreUI.framework/Versions/A/CoreUI
0x00007fff319fd000 	/System/Library/Frameworks/CoreAudio.framework/Versions/A/CoreAudio
0x00007fff3484c000 	/System/Library/Frameworks/DiskArbitration.framework/Versions/A/DiskArbitration
0x00007fff58a3c000 	/System/Library/PrivateFrameworks/MultitouchSupport.framework/Versions/A/MultitouchSupport
0x00007fff6769b000 	/usr/lib/libenergytrace.dylib
0x00007fff352c4000 	/System/Library/Frameworks/IOKit.framework/Versions/A/IOKit
0x00007fff338af000 	/System/Library/Frameworks/CoreServices.framework/Versions/A/CoreServices
0x00007fff5ab49000 	/System/Library/PrivateFrameworks/PerformanceAnalysis.framework/Versions/A/PerformanceAnalysis
0x00007fff3cd7d000 	/System/Library/Frameworks/OpenGL.framework/Versions/A/OpenGL
0x00007fff31522000 	/System/Library/Frameworks/ColorSync.framework/Versions/A/ColorSync
0x00007fff32fc8000 	/System/Library/Frameworks/CoreImage.framework/Versions/A/CoreImage
0x00007fff34325000 	/System/Library/Frameworks/CoreText.framework/Versions/A/CoreText
0x00007fff353ef000 	/System/Library/Frameworks/ImageIO.framework/Versions/A/ImageIO
0x00007fff66c72000 	/usr/lib/libcompression.dylib
0x00007fff666f3000 	/usr/lib/libMobileGestalt.dylib
0x00007fff62203000 	/System/Library/PrivateFrameworks/TextureIO.framework/Versions/A/TextureIO
0x00007fff669e0000 	/usr/lib/libate.dylib
0x00007fff56c30000 	/System/Library/PrivateFrameworks/InternationalSupport.framework/Versions/A/InternationalSupport
0x00007fff67a49000 	/usr/lib/liblzma.5.dylib
0x00007fff676c3000 	/usr/lib/libfakelink.dylib
0x00007fff6696d000 	/usr/lib/libarchive.2.dylib
0x00007fff3fcb8000 	/System/Library/Frameworks/SystemConfiguration.framework/Versions/A/SystemConfiguration
0x00007fff662e2000 	/usr/lib/libCRFSuite.dylib
0x00007fff30c28000 	/System/Library/Frameworks/CFNetwork.framework/Versions/A/CFNetwork
0x00007fff66bd8000 	/usr/lib/libbsm.0.dylib
0x00007fff69af8000 	/usr/lib/system/libkxld.dylib
0x00007fff45649000 	/System/Library/PrivateFrameworks/AppleFSCompression.framework/Versions/A/AppleFSCompression
0x00007fff66f5a000 	/usr/lib/libcoretls.dylib
0x00007fff66f71000 	/usr/lib/libcoretls_cfhelpers.dylib
0x00007fff687ab000 	/usr/lib/libpam.2.dylib
0x00007fff688de000 	/usr/lib/libsqlite3.dylib
0x00007fff68d15000 	/usr/lib/libxar.1.dylib
0x00007fff66be9000 	/usr/lib/libbz2.1.0.dylib
0x00007fff676e4000 	/usr/lib/libiconv.2.dylib
0x00007fff66c5f000 	/usr/lib/libcharset.1.dylib
0x00007fff68251000 	/usr/lib/libnetwork.dylib
0x00007fff687b2000 	/usr/lib/libpcap.A.dylib
0x00007fff66922000 	/usr/lib/libapple_nghttp2.dylib
0x00007fff33c66000 	/System/Library/Frameworks/CoreServices.framework/Versions/A/Frameworks/FSEvents.framework/Versions/A/FSEvents
0x00007fff33936000 	/System/Library/Frameworks/CoreServices.framework/Versions/A/Frameworks/CarbonCore.framework/Versions/A/CarbonCore
0x00007fff33ea9000 	/System/Library/Frameworks/CoreServices.framework/Versions/A/Frameworks/Metadata.framework/Versions/A/Metadata
0x00007fff33f42000 	/System/Library/Frameworks/CoreServices.framework/Versions/A/Frameworks/OSServices.framework/Versions/A/OSServices
0x00007fff33f70000 	/System/Library/Frameworks/CoreServices.framework/Versions/A/Frameworks/SearchKit.framework/Versions/A/SearchKit
0x00007fff338b0000 	/System/Library/Frameworks/CoreServices.framework/Versions/A/Frameworks/AE.framework/Versions/A/AE
0x00007fff33c6f000 	/System/Library/Frameworks/CoreServices.framework/Versions/A/Frameworks/LaunchServices.framework/Versions/A/LaunchServices
0x00007fff33c18000 	/System/Library/Frameworks/CoreServices.framework/Versions/A/Frameworks/DictionaryServices.framework/Versions/A/DictionaryServices
0x00007fff33fd8000 	/System/Library/Frameworks/CoreServices.framework/Versions/A/Frameworks/SharedFileList.framework/Versions/A/SharedFileList
0x00007fff38bd1000 	/System/Library/Frameworks/NetFS.framework/Versions/A/NetFS
0x00007fff58f6c000 	/System/Library/PrivateFrameworks/NetAuth.framework/Versions/A/NetAuth
0x00007fff65f7f000 	/System/Library/PrivateFrameworks/login.framework/Versions/A/Frameworks/loginsupport.framework/Versions/A/loginsupport
0x00007fff61cfe000 	/System/Library/PrivateFrameworks/TCC.framework/Versions/A/TCC
0x00007fff4a234000 	/System/Library/PrivateFrameworks/CoreNLP.framework/Versions/A/CoreNLP
0x00007fff5846c000 	/System/Library/PrivateFrameworks/MetadataUtilities.framework/Versions/A/MetadataUtilities
0x00007fff67b21000 	/usr/lib/libmecabra.dylib
0x00007fff67a79000 	/usr/lib/libmecab.dylib
0x00007fff676d4000 	/usr/lib/libgermantok.dylib
0x00007fff66909000 	/usr/lib/libThaiTokenizer.dylib
0x00007fff6631a000 	/usr/lib/libChineseTokenizer.dylib
0x00007fff2e140000 	/System/Library/Frameworks/Accelerate.framework/Versions/A/Frameworks/vImage.framework/Versions/A/vImage
0x00007fff2f4ed000 	/System/Library/Frameworks/Accelerate.framework/Versions/A/Frameworks/vecLib.framework/Versions/A/vecLib
0x00007fff2f372000 	/System/Library/Frameworks/Accelerate.framework/Versions/A/Frameworks/vecLib.framework/Versions/A/libvMisc.dylib
0x00007fff2f1df000 	/System/Library/Frameworks/Accelerate.framework/Versions/A/Frameworks/vecLib.framework/Versions/A/libvDSP.dylib
0x00007fff2e9e8000 	/System/Library/Frameworks/Accelerate.framework/Versions/A/Frameworks/vecLib.framework/Versions/A/libBLAS.dylib
0x00007fff2ed8a000 	/System/Library/Frameworks/Accelerate.framework/Versions/A/Frameworks/vecLib.framework/Versions/A/libLAPACK.dylib
0x00007fff2f13f000 	/System/Library/Frameworks/Accelerate.framework/Versions/A/Frameworks/vecLib.framework/Versions/A/libLinearAlgebra.dylib
0x00007fff2f1cc000 	/System/Library/Frameworks/Accelerate.framework/Versions/A/Frameworks/vecLib.framework/Versions/A/libSparseBLAS.dylib
0x00007fff2f155000 	/System/Library/Frameworks/Accelerate.framework/Versions/A/Frameworks/vecLib.framework/Versions/A/libQuadrature.dylib
0x00007fff2eb82000 	/System/Library/Frameworks/Accelerate.framework/Versions/A/Frameworks/vecLib.framework/Versions/A/libBNNS.dylib
0x00007fff2f15b000 	/System/Library/Frameworks/Accelerate.framework/Versions/A/Frameworks/vecLib.framework/Versions/A/libSparse.dylib
0x00007fff56fef000 	/System/Library/PrivateFrameworks/LanguageModeling.framework/Versions/A/LanguageModeling
0x00007fff49bd0000 	/System/Library/PrivateFrameworks/CoreEmoji.framework/Versions/A/CoreEmoji
0x00007fff5710d000 	/System/Library/PrivateFrameworks/LinguisticData.framework/Versions/A/LinguisticData
0x00007fff570be000 	/System/Library/PrivateFrameworks/Lexicon.framework/Versions/A/Lexicon
0x00007fff66c60000 	/usr/lib/libcmph.dylib
0x00007fff3b7a3000 	/System/Library/Frameworks/OpenDirectory.framework/Versions/A/Frameworks/CFOpenDirectory.framework/Versions/A/CFOpenDirectory
0x00007fff3b7c0000 	/System/Library/Frameworks/OpenDirectory.framework/Versions/A/OpenDirectory
0x00007fff43a8d000 	/System/Library/PrivateFrameworks/APFS.framework/Versions/A/APFS
0x00007fff3ee69000 	/System/Library/Frameworks/SecurityFoundation.framework/Versions/A/SecurityFoundation
0x00007fff68d11000 	/usr/lib/libutil.dylib
0x00007fff4aebd000 	/System/Library/PrivateFrameworks/CoreServicesStore.framework/Versions/A/CoreServicesStore
0x00007fff3ef21000 	/System/Library/Frameworks/ServiceManagement.framework/Versions/A/ServiceManagement
0x00007fff46e00000 	/System/Library/PrivateFrameworks/BackgroundTaskManagement.framework/Versions/A/BackgroundTaskManagement
0x00007fff68e0e000 	/usr/lib/libxslt.1.dylib
0x00007fff45cae000 	/System/Library/PrivateFrameworks/AppleSystemInfo.framework/Versions/A/AppleSystemInfo
0x00007fff3560d000 	/System/Library/Frameworks/ImageIO.framework/Versions/A/Resources/libJPEG.dylib
0x00007fff358cc000 	/System/Library/Frameworks/ImageIO.framework/Versions/A/Resources/libTIFF.dylib
0x00007fff358af000 	/System/Library/Frameworks/ImageIO.framework/Versions/A/Resources/libPng.dylib
0x00007fff3554f000 	/System/Library/Frameworks/ImageIO.framework/Versions/A/Resources/libGIF.dylib
0x00007fff35553000 	/System/Library/Frameworks/ImageIO.framework/Versions/A/Resources/libJP2.dylib
0x00007fff358ca000 	/System/Library/Frameworks/ImageIO.framework/Versions/A/Resources/libRadiance.dylib
0x00007fff6769c000 	/usr/lib/libexpat.1.dylib
0x00007fff457a4000 	/System/Library/PrivateFrameworks/AppleJPEG.framework/Versions/A/AppleJPEG
0x00007fff4e121000 	/System/Library/PrivateFrameworks/FontServices.framework/libFontParser.dylib
0x00007fff64fd6000 	/System/Library/PrivateFrameworks/WatchdogClient.framework/Versions/A/WatchdogClient
0x00007fff5667c000 	/System/Library/PrivateFrameworks/IOAccelerator.framework/Versions/A/IOAccelerator
0x00007fff37c8a000 	/System/Library/Frameworks/MetalPerformanceShaders.framework/Versions/A/MetalPerformanceShaders
0x00007fff52e6f000 	/System/Library/PrivateFrameworks/GPUWrangler.framework/Versions/A/GPUWrangler
0x00007fff56687000 	/System/Library/PrivateFrameworks/IOPresentment.framework/Versions/A/IOPresentment
0x00007fff4bba5000 	/System/Library/PrivateFrameworks/DSExternalDisplay.framework/Versions/A/DSExternalDisplay
0x00007fff3c129000 	/System/Library/Frameworks/OpenGL.framework/Versions/A/Libraries/libCoreFSCache.dylib
0x00007fff379dc000 	/System/Library/Frameworks/MetalPerformanceShaders.framework/Frameworks/MPSCore.framework/Versions/A/MPSCore
0x00007fff37a19000 	/System/Library/Frameworks/MetalPerformanceShaders.framework/Frameworks/MPSImage.framework/Versions/A/MPSImage
0x00007fff37adb000 	/System/Library/Frameworks/MetalPerformanceShaders.framework/Frameworks/MPSNeuralNetwork.framework/Versions/A/MPSNeuralNetwork
0x00007fff37aa0000 	/System/Library/Frameworks/MetalPerformanceShaders.framework/Frameworks/MPSMatrix.framework/Versions/A/MPSMatrix
0x00007fff37c3b000 	/System/Library/Frameworks/MetalPerformanceShaders.framework/Frameworks/MPSRayIntersector.framework/Versions/A/MPSRayIntersector
0x00007fff37ac5000 	/System/Library/Frameworks/MetalPerformanceShaders.framework/Frameworks/MPSNDArray.framework/Versions/A/MPSNDArray
0x00007fff584b9000 	/System/Library/PrivateFrameworks/MetalTools.framework/Versions/A/MetalTools
0x00007fff44c52000 	/System/Library/PrivateFrameworks/AggregateDictionary.framework/Versions/A/AggregateDictionary
0x00007fff4965a000 	/System/Library/PrivateFrameworks/CoreAnalytics.framework/Versions/A/CoreAnalytics
0x00007fff45bcc000 	/System/Library/PrivateFrameworks/AppleSauce.framework/Versions/A/AppleSauce
0x00007fff665d6000 	/usr/lib/libIOReport.dylib
0x00007fff344da000 	/System/Library/Frameworks/CoreVideo.framework/Versions/A/CoreVideo
0x00007fff542dd000 	/System/Library/PrivateFrameworks/GraphVisualizer.framework/Versions/A/GraphVisualizer
0x00007fff4d6a2000 	/System/Library/PrivateFrameworks/FaceCore.framework/Versions/A/FaceCore
0x00007fff3b74a000 	/System/Library/Frameworks/OpenCL.framework/Versions/A/OpenCL
0x00007fff663f8000 	/usr/lib/libFosl_dynamic.dylib
0x00007fff59967000 	/System/Library/PrivateFrameworks/OTSVG.framework/Versions/A/OTSVG
0x00007fff305a3000 	/System/Library/Frameworks/ApplicationServices.framework/Versions/A/Frameworks/ATS.framework/Versions/A/Resources/libFontRegistry.dylib
0x00007fff4e2f2000 	/System/Library/PrivateFrameworks/FontServices.framework/libhvf.dylib
0x00007fff3c134000 	/System/Library/Frameworks/OpenGL.framework/Versions/A/Libraries/libGFXShared.dylib
0x00007fff3c311000 	/System/Library/Frameworks/OpenGL.framework/Versions/A/Libraries/libGLU.dylib
0x00007fff3c13d000 	/System/Library/Frameworks/OpenGL.framework/Versions/A/Libraries/libGL.dylib
0x00007fff3c148000 	/System/Library/Frameworks/OpenGL.framework/Versions/A/Libraries/libGLImage.dylib
0x00007fff3c126000 	/System/Library/Frameworks/OpenGL.framework/Versions/A/Libraries/libCVMSPluginSupport.dylib
0x00007fff3c12f000 	/System/Library/Frameworks/OpenGL.framework/Versions/A/Libraries/libCoreVMClient.dylib
0x00007fff680f3000 	/usr/lib/libncurses.5.4.dylib
0x00007fff3049f000 	/System/Library/Frameworks/ApplicationServices.framework/Versions/A/Frameworks/ATS.framework/Versions/A/ATS
0x00007fff3066c000 	/System/Library/Frameworks/ApplicationServices.framework/Versions/A/Frameworks/ColorSyncLegacy.framework/Versions/A/ColorSyncLegacy
0x00007fff3070b000 	/System/Library/Frameworks/ApplicationServices.framework/Versions/A/Frameworks/HIServices.framework/Versions/A/HIServices
0x00007fff30762000 	/System/Library/Frameworks/ApplicationServices.framework/Versions/A/Frameworks/LangAnalysis.framework/Versions/A/LangAnalysis
0x00007fff30771000 	/System/Library/Frameworks/ApplicationServices.framework/Versions/A/Frameworks/PrintCore.framework/Versions/A/PrintCore
0x00007fff307b7000 	/System/Library/Frameworks/ApplicationServices.framework/Versions/A/Frameworks/QD.framework/Versions/A/QD
0x00007fff307c2000 	/System/Library/Frameworks/ApplicationServices.framework/Versions/A/Frameworks/SpeechSynthesis.framework/Versions/A/SpeechSynthesis
0x00007fff3063c000 	/System/Library/Frameworks/ApplicationServices.framework/Versions/A/Frameworks/ATSUI.framework/Versions/A/ATSUI
0x00007fff67530000 	/usr/lib/libcups.2.dylib
0x00007fff36d39000 	/System/Library/Frameworks/Kerberos.framework/Versions/A/Kerberos
0x00007fff34fb9000 	/System/Library/Frameworks/GSS.framework/Versions/A/GSS
0x00007fff6886a000 	/usr/lib/libresolv.9.dylib
0x00007fff5447e000 	/System/Library/PrivateFrameworks/Heimdal.framework/Versions/A/Heimdal
0x00007fff36d4c000 	/System/Library/Frameworks/Kerberos.framework/Versions/A/Libraries/libHeimdalProxy.dylib
0x00007fff676da000 	/usr/lib/libheimdal-asn1.dylib
0x00007fff48b00000 	/System/Library/PrivateFrameworks/CommonAuth.framework/Versions/A/CommonAuth
0x00007fff45d4b000 	/System/Library/PrivateFrameworks/AssertionServices.framework/Versions/A/AssertionServices
0x00007fff468ee000 	/System/Library/PrivateFrameworks/AudioToolboxCore.framework/Versions/A/AudioToolboxCore
0x00007fff65c30000 	/System/Library/PrivateFrameworks/caulk.framework/Versions/A/caulk
0x00007fff46eac000 	/System/Library/PrivateFrameworks/BaseBoard.framework/Versions/A/BaseBoard
0x00007fff5da8c000 	/System/Library/PrivateFrameworks/RunningBoardServices.framework/Versions/A/RunningBoardServices
0x00007fff5ab55000 	/System/Library/PrivateFrameworks/PersistentConnection.framework/Versions/A/PersistentConnection
0x00007fff5d4db000 	/System/Library/PrivateFrameworks/ProtocolBuffer.framework/Versions/A/ProtocolBuffer
0x00007fff48b25000 	/System/Library/PrivateFrameworks/CommonUtilities.framework/Versions/A/CommonUtilities
0x00007fff4702f000 	/System/Library/PrivateFrameworks/Bom.framework/Versions/A/Bom
0x00007fff662a5000 	/usr/lib/libAudioToolboxUtility.dylib
0x00007fff46e0a000 	/System/Library/PrivateFrameworks/Backup.framework/Versions/A/Backup
0x00007fff4b915000 	/System/Library/PrivateFrameworks/CrashReporterSupport.framework/Versions/A/CrashReporterSupport
0x00007fff5f588000 	/System/Library/PrivateFrameworks/Sharing.framework/Versions/A/Sharing
0x00007fff454ef000 	/System/Library/PrivateFrameworks/Apple80211.framework/Versions/A/Apple80211
0x00007fff46b2c000 	/System/Library/PrivateFrameworks/AuthKit.framework/Versions/A/AuthKit
0x00007fff4b645000 	/System/Library/PrivateFrameworks/CoreUtils.framework/Versions/A/CoreUtils
0x00007fff3451f000 	/System/Library/Frameworks/CoreWLAN.framework/Versions/A/CoreWLAN
0x00007fff35145000 	/System/Library/Frameworks/IOBluetooth.framework/Versions/A/IOBluetooth
0x00007fff587b7000 	/System/Library/PrivateFrameworks/MobileKeyBag.framework/Versions/A/MobileKeyBag
0x00007fff4a710000 	/System/Library/PrivateFrameworks/CorePhoneNumbers.framework/Versions/A/CorePhoneNumbers
0x00007fff45757000 	/System/Library/PrivateFrameworks/AppleIDAuthSupport.framework/Versions/A/AppleIDAuthSupport
0x00007fff38bde000 	/System/Library/Frameworks/Network.framework/Versions/A/Network
0x00007fff56e77000 	/System/Library/PrivateFrameworks/KeychainCircle.framework/Versions/A/KeychainCircle
0x00007fff31f5f000 	/System/Library/Frameworks/CoreBluetooth.framework/Versions/A/CoreBluetooth
0x00007fff61204000 	/System/Library/PrivateFrameworks/SpeechRecognitionCore.framework/Versions/A/SpeechRecognitionCore
0x0000000110200000 	/Library/Java/JavaVirtualMachines/jdk-13.0.1.jdk/Contents/Home/lib/server/libjvm.dylib
0x000000010f9a0000 	/Library/Java/JavaVirtualMachines/jdk-13.0.1.jdk/Contents/Home/lib/libverify.dylib
0x000000010f9ac000 	/Library/Java/JavaVirtualMachines/jdk-13.0.1.jdk/Contents/Home/lib/libjava.dylib
0x000000010f9f2000 	/Library/Java/JavaVirtualMachines/jdk-13.0.1.jdk/Contents/Home/lib/libzip.dylib
0x000000010f9f9000 	/Library/Java/JavaVirtualMachines/jdk-13.0.1.jdk/Contents/Home/lib/libjimage.dylib
0x00000001320e6000 	/Library/Java/JavaVirtualMachines/jdk-13.0.1.jdk/Contents/Home/lib/libnio.dylib
0x00000001320f4000 	/Library/Java/JavaVirtualMachines/jdk-13.0.1.jdk/Contents/Home/lib/libnet.dylib
0x0000000111da7000 	/Library/Java/JavaVirtualMachines/jdk-13.0.1.jdk/Contents/Home/lib/libmanagement.dylib
0x00000001321b2000 	/Library/Java/JavaVirtualMachines/jdk-13.0.1.jdk/Contents/Home/lib/libmanagement_ext.dylib
0x000000010f9e4000 	/Library/Java/JavaVirtualMachines/jdk-13.0.1.jdk/Contents/Home/lib/libextnet.dylib
0x0000000134174000 	/Library/Java/JavaVirtualMachines/jdk-13.0.1.jdk/Contents/Home/lib/libsunec.dylib


VM Arguments:
jvm_args: -Dfile.encoding=UTF-8 
java_command: com.springproject.FleetApp.FleetAppApplication
java_class_path (initial): /Users/apple/Desktop/FleetApp/target/classes:/Users/apple/.m2/repository/org/springframework/boot/spring-boot-starter-actuator/2.2.0.RELEASE/spring-boot-starter-actuator-2.2.0.RELEASE.jar:/Users/apple/.m2/repository/org/springframework/boot/spring-boot-starter/2.2.0.RELEASE/spring-boot-starter-2.2.0.RELEASE.jar:/Users/apple/.m2/repository/org/springframework/boot/spring-boot-starter-logging/2.2.0.RELEASE/spring-boot-starter-logging-2.2.0.RELEASE.jar:/Users/apple/.m2/repository/ch/qos/logback/logback-classic/1.2.3/logback-classic-1.2.3.jar:/Users/apple/.m2/repository/ch/qos/logback/logback-core/1.2.3/logback-core-1.2.3.jar:/Users/apple/.m2/repository/org/apache/logging/log4j/log4j-to-slf4j/2.12.1/log4j-to-slf4j-2.12.1.jar:/Users/apple/.m2/repository/org/apache/logging/log4j/log4j-api/2.12.1/log4j-api-2.12.1.jar:/Users/apple/.m2/repository/org/slf4j/jul-to-slf4j/1.7.28/jul-to-slf4j-1.7.28.jar:/Users/apple/.m2/repository/jakarta/annotation/jakarta.annotation-api/1.3.5/jakarta.annotation-api-1.3.5.jar:/Users/apple/.m2/repository/org/yaml/snakeyaml/1.25/snakeyaml-1.25.jar:/Users/apple/.m2/repository/org/springframework/boot/spring-boot-actuator-autoconfigure/2.2.0.RELEASE/spring-boot-actuator-autoconfigure-2.2.0.RELEASE.jar:/Users/apple/.m2/repository/org/springframework/boot/spring-boot-actuator/2.2.0.RELEASE/spring-boot-actuator-2.2.0.RELEASE.jar:/Users/apple/.m2/repository/com/fasterxml/jackson/core/jackson-databind/2.10.0/jackson-databind-2.10.0.jar:/Users/apple/.m2/repository/com/fasterxml/jackson/core/jackson-core/2.10.0/jackson-core-2.10.0.jar:/Users/apple/.m2/repository/org/springframework/spring-context/5.2.0.RELEASE/spring-context-5.2.0.RELEASE.jar:/Users/apple/.m2/repository/com/fasterxml/jackson/datatype/jackson-datatype-jsr310/2.10.0/jackson-datatype-jsr310-2.10.0.jar:/Users/apple/.m2/repository/io/micrometer/micrometer-core/1.3.0/micrometer-core-1.3.0.jar:/Users/apple/.m2/repository/org/hdrhistogram/HdrHistogram/2.1.11/HdrHistog
Launcher Type: SUN_STANDARD

[Global flags]
     intx CICompilerCount                          = 3                                         {product} {ergonomic}
     uint ConcGCThreads                            = 1                                         {product} {ergonomic}
     uint G1ConcRefinementThreads                  = 4                                         {product} {ergonomic}
   size_t G1HeapRegionSize                         = 1048576                                   {product} {ergonomic}
    uintx GCDrainStackTargetSize                   = 64                                        {product} {ergonomic}
   size_t InitialHeapSize                          = 134217728                                 {product} {ergonomic}
   size_t MarkStackSize                            = 4194304                                   {product} {ergonomic}
   size_t MaxHeapSize                              = 2147483648                                {product} {ergonomic}
   size_t MaxNewSize                               = 1287651328                                {product} {ergonomic}
   size_t MinHeapDeltaBytes                        = 1048576                                   {product} {ergonomic}
   size_t MinHeapSize                              = 8388608                                   {product} {ergonomic}
    uintx NonNMethodCodeHeapSize                   = 5830732                                {pd product} {ergonomic}
    uintx NonProfiledCodeHeapSize                  = 122913754                              {pd product} {ergonomic}
    uintx ProfiledCodeHeapSize                     = 122913754                              {pd product} {ergonomic}
    uintx ReservedCodeCacheSize                    = 251658240                              {pd product} {ergonomic}
     bool SegmentedCodeCache                       = true                                      {product} {ergonomic}
   size_t SoftMaxHeapSize                          = 2147483648                             {manageable} {ergonomic}
     bool UseCompressedClassPointers               = true                                 {lp64_product} {ergonomic}
     bool UseCompressedOops                        = true                                 {lp64_product} {ergonomic}
     bool UseG1GC                                  = true                                      {product} {ergonomic}

Logging:
Log output configuration:
 #0: stdout all=warning uptime,level,tags
 #1: stderr all=off uptime,level,tags

Environment Variables:
PATH=/usr/bin:/bin:/usr/sbin:/sbin
SHELL=/bin/zsh

Signal Handlers:
SIGSEGV: [libjvm.dylib+0x781570], sa_mask[0]=11111111011111110111111111111111, sa_flags=SA_ONSTACK|SA_RESTART|SA_SIGINFO
SIGBUS: [libjvm.dylib+0x781570], sa_mask[0]=11111111011111110111111111111111, sa_flags=SA_RESTART|SA_SIGINFO
SIGFPE: [libjvm.dylib+0x781570], sa_mask[0]=11111111011111110111111111111111, sa_flags=SA_RESTART|SA_SIGINFO
SIGPIPE: [libjvm.dylib+0x627f75], sa_mask[0]=11111111011111110111111111111111, sa_flags=SA_RESTART|SA_SIGINFO
SIGXFSZ: [libjvm.dylib+0x627f75], sa_mask[0]=11111111011111110111111111111111, sa_flags=SA_RESTART|SA_SIGINFO
SIGILL: [libjvm.dylib+0x781570], sa_mask[0]=11111111011111110111111111111111, sa_flags=SA_RESTART|SA_SIGINFO
SIGUSR2: [libjvm.dylib+0x62855f], sa_mask[0]=00100000000000000000000000000000, sa_flags=SA_RESTART|SA_SIGINFO
SIGHUP: [libjvm.dylib+0x62754d], sa_mask[0]=11111111011111110111111111111111, sa_flags=SA_RESTART|SA_SIGINFO
SIGINT: [libjvm.dylib+0x62754d], sa_mask[0]=11111111011111110111111111111111, sa_flags=SA_RESTART|SA_SIGINFO
SIGTERM: [libjvm.dylib+0x62754d], sa_mask[0]=11111111011111110111111111111111, sa_flags=SA_RESTART|SA_SIGINFO
SIGQUIT: [libjvm.dylib+0x62754d], sa_mask[0]=11111111011111110111111111111111, sa_flags=SA_RESTART|SA_SIGINFO


---------------  S Y S T E M  ---------------

OS:uname:Darwin 19.3.0 Darwin Kernel Version 19.3.0: Thu Jan  9 20:58:23 PST 2020; root:xnu-6153.81.5~1/RELEASE_X86_64 x86_64
rlimit: STACK 8192k, CORE 0k, NPROC 1392, NOFILE 10240, AS infinity, DATA infinity, FSIZE infinity
load average:4.17 3.48 2.81

CPU:total 4 (initial active 4) (2 cores per cpu, 2 threads per core) family 6 model 58 stepping 9, cmov, cx8, fxsr, mmx, sse, sse2, sse3, ssse3, sse4.1, sse4.2, popcnt, avx, aes, clmul, erms, ht, tsc, tscinvbit, tscinv

Memory: 4k page, physical 8388608k(612064k free), swap 2097152k(1562112k free)

vm_info: Java HotSpot(TM) 64-Bit Server VM (13.0.1+9) for bsd-amd64 JRE (13.0.1+9), built on Oct  6 2019 11:43:59 by "mach5one" with clang 4.2.1 Compatible Apple LLVM 10.0.0 (clang-1000.11.45.5)

END.
